TN:
SF:app/+not-found.tsx
FN:4,NotFoundScreen
FNF:1
FNH:0
FNDA:0,NotFoundScreen
DA:5,0
DA:18,0
LF:2
LH:0
BRF:0
BRH:0
end_of_record
TN:
SF:app/_layout.tsx
FN:38,RootLayout
FN:50,(anonymous_1)
FN:56,(anonymous_2)
FN:62,(anonymous_3)
FN:70,(anonymous_4)
FN:77,(anonymous_5)
FN:79,(anonymous_6)
FN:97,(anonymous_7)
FN:98,(anonymous_8)
FN:111,(anonymous_9)
FN:113,(anonymous_10)
FN:152,(anonymous_11)
FN:176,(anonymous_12)
FN:182,(anonymous_13)
FN:199,(anonymous_14)
FN:201,(anonymous_15)
FN:214,(anonymous_16)
FN:236,(anonymous_17)
FN:332,(anonymous_18)
FNF:19
FNH:0
FNDA:0,RootLayout
FNDA:0,(anonymous_1)
FNDA:0,(anonymous_2)
FNDA:0,(anonymous_3)
FNDA:0,(anonymous_4)
FNDA:0,(anonymous_5)
FNDA:0,(anonymous_6)
FNDA:0,(anonymous_7)
FNDA:0,(anonymous_8)
FNDA:0,(anonymous_9)
FNDA:0,(anonymous_10)
FNDA:0,(anonymous_11)
FNDA:0,(anonymous_12)
FNDA:0,(anonymous_13)
FNDA:0,(anonymous_14)
FNDA:0,(anonymous_15)
FNDA:0,(anonymous_16)
FNDA:0,(anonymous_17)
FNDA:0,(anonymous_18)
DA:35,0
DA:39,0
DA:40,0
DA:41,0
DA:42,0
DA:43,0
DA:44,0
DA:45,0
DA:46,0
DA:47,0
DA:50,0
DA:51,0
DA:56,0
DA:58,0
DA:60,0
DA:62,0
DA:63,0
DA:66,0
DA:70,0
DA:71,0
DA:72,0
DA:73,0
DA:75,0
DA:76,0
DA:77,0
DA:78,0
DA:79,0
DA:83,0
DA:85,0
DA:86,0
DA:95,0
DA:96,0
DA:97,0
DA:98,0
DA:100,0
DA:102,0
DA:103,0
DA:109,0
DA:110,0
DA:111,0
DA:112,0
DA:113,0
DA:117,0
DA:119,0
DA:120,0
DA:129,0
DA:130,0
DA:132,0
DA:133,0
DA:138,0
DA:139,0
DA:140,0
DA:143,0
DA:144,0
DA:146,0
DA:147,0
DA:152,0
DA:153,0
DA:154,0
DA:155,0
DA:156,0
DA:162,0
DA:163,0
DA:164,0
DA:165,0
DA:166,0
DA:168,0
DA:169,0
DA:171,0
DA:172,0
DA:175,0
DA:177,0
DA:184,0
DA:187,0
DA:189,0
DA:190,0
DA:191,0
DA:192,0
DA:196,0
DA:199,0
DA:200,0
DA:201,0
DA:202,0
DA:203,0
DA:205,0
DA:208,0
DA:214,0
DA:216,0
DA:217,0
DA:218,0
DA:223,0
DA:226,0
DA:227,0
DA:235,0
DA:237,0
DA:238,0
DA:239,0
DA:240,0
DA:241,0
DA:242,0
DA:243,0
DA:244,0
DA:247,0
DA:248,0
DA:249,0
DA:256,0
DA:262,0
DA:263,0
DA:265,0
DA:267,0
DA:271,0
DA:274,0
DA:278,0
DA:279,0
DA:280,0
DA:282,0
DA:285,0
DA:286,0
DA:292,0
DA:293,0
DA:298,0
DA:303,0
DA:304,0
DA:308,0
DA:309,0
DA:314,0
DA:315,0
DA:317,0
DA:318,0
DA:319,0
DA:320,0
DA:322,0
DA:324,0
DA:325,0
DA:332,0
DA:336,0
DA:337,0
DA:375,0
DA:376,0
DA:413,0
LF:140
LH:0
BRDA:51,0,0,0
BRDA:51,0,1,0
BRDA:85,1,0,0
BRDA:85,1,1,0
BRDA:102,2,0,0
BRDA:102,2,1,0
BRDA:119,3,0,0
BRDA:119,3,1,0
BRDA:132,4,0,0
BRDA:132,4,1,0
BRDA:138,5,0,0
BRDA:138,5,1,0
BRDA:146,6,0,0
BRDA:146,6,1,0
BRDA:168,7,0,0
BRDA:168,7,1,0
BRDA:169,8,0,0
BRDA:169,8,1,0
BRDA:171,9,0,0
BRDA:171,9,1,0
BRDA:216,10,0,0
BRDA:216,10,1,0
BRDA:216,11,0,0
BRDA:216,11,1,0
BRDA:217,12,0,0
BRDA:217,12,1,0
BRDA:226,13,0,0
BRDA:226,13,1,0
BRDA:228,14,0,0
BRDA:228,14,1,0
BRDA:244,15,0,0
BRDA:244,15,1,0
BRDA:247,16,0,0
BRDA:247,16,1,0
BRDA:248,17,0,0
BRDA:248,17,1,0
BRDA:256,18,0,0
BRDA:256,18,1,0
BRDA:257,19,0,0
BRDA:257,19,1,0
BRDA:257,19,2,0
BRDA:257,19,3,0
BRDA:262,20,0,0
BRDA:262,20,1,0
BRDA:271,21,0,0
BRDA:271,21,1,0
BRDA:271,22,0,0
BRDA:271,22,1,0
BRDA:271,22,2,0
BRDA:271,22,3,0
BRDA:274,23,0,0
BRDA:274,23,1,0
BRDA:275,24,0,0
BRDA:275,24,1,0
BRDA:275,24,2,0
BRDA:279,25,0,0
BRDA:279,25,1,0
BRDA:279,26,0,0
BRDA:279,26,1,0
BRDA:285,27,0,0
BRDA:285,27,1,0
BRDA:298,28,0,0
BRDA:298,28,1,0
BRDA:299,29,0,0
BRDA:299,29,1,0
BRDA:299,29,2,0
BRDA:299,29,3,0
BRDA:303,30,0,0
BRDA:303,30,1,0
BRDA:309,31,0,0
BRDA:309,31,1,0
BRDA:310,32,0,0
BRDA:310,32,1,0
BRDA:310,32,2,0
BRDA:310,32,3,0
BRDA:314,33,0,0
BRDA:314,33,1,0
BRDA:318,34,0,0
BRDA:318,34,1,0
BRDA:318,35,0,0
BRDA:318,35,1,0
BRDA:319,36,0,0
BRDA:319,36,1,0
BRDA:324,37,0,0
BRDA:324,37,1,0
BRDA:329,38,0,0
BRDA:329,38,1,0
BRDA:336,39,0,0
BRDA:336,39,1,0
BRDA:336,40,0,0
BRDA:336,40,1,0
BRDA:347,41,0,0
BRDA:347,41,1,0
BRDA:357,42,0,0
BRDA:357,42,1,0
BRDA:375,43,0,0
BRDA:375,43,1,0
BRDA:375,44,0,0
BRDA:375,44,1,0
BRDA:375,44,2,0
BRDA:418,45,0,0
BRDA:418,45,1,0
BRF:102
BRH:0
end_of_record
TN:
SF:app/help.tsx
FN:141,HelpScreen
FN:148,(anonymous_1)
FN:166,(anonymous_2)
FN:170,(anonymous_3)
FN:186,(anonymous_4)
FN:194,(anonymous_5)
FNF:6
FNH:0
FNDA:0,HelpScreen
FNDA:0,(anonymous_1)
FNDA:0,(anonymous_2)
FNDA:0,(anonymous_3)
FNDA:0,(anonymous_4)
FNDA:0,(anonymous_5)
DA:30,0
DA:142,0
DA:143,0
DA:144,0
DA:148,0
DA:149,0
DA:150,0
DA:151,0
DA:152,0
DA:154,0
DA:156,0
DA:159,0
DA:166,0
DA:171,0
DA:187,0
DA:188,0
DA:190,0
DA:194,0
DA:265,0
LF:19
LH:0
BRDA:151,0,0,0
BRDA:151,0,1,0
BRDA:198,1,0,0
BRDA:198,1,1,0
BRDA:213,2,0,0
BRDA:213,2,1,0
BRDA:219,3,0,0
BRDA:219,3,1,0
BRF:8
BRH:0
end_of_record
TN:
SF:app/index.tsx
FN:8,Index
FN:12,(anonymous_1)
FN:14,(anonymous_2)
FN:23,(anonymous_3)
FNF:4
FNH:0
FNDA:0,Index
FNDA:0,(anonymous_1)
FNDA:0,(anonymous_2)
FNDA:0,(anonymous_3)
DA:9,0
DA:10,0
DA:12,0
DA:14,0
DA:15,0
DA:16,0
DA:22,0
DA:24,0
DA:25,0
DA:26,0
DA:28,0
DA:32,0
DA:33,0
DA:34,0
DA:36,0
DA:45,0
DA:56,0
LF:17
LH:0
BRDA:24,0,0,0
BRDA:24,0,1,0
BRDA:28,1,0,0
BRDA:28,1,1,0
BRDA:29,2,0,0
BRDA:29,2,1,0
BRDA:29,2,2,0
BRDA:33,3,0,0
BRDA:33,3,1,0
BRDA:33,4,0,0
BRDA:33,4,1,0
BRDA:39,5,0,0
BRDA:39,5,1,0
BRF:13
BRH:0
end_of_record
TN:
SF:app/login.tsx
FN:41,LoginScreen
FN:49,(anonymous_1)
FN:62,(anonymous_2)
FN:63,(anonymous_3)
FN:80,(anonymous_4)
FN:93,(anonymous_5)
FN:102,(anonymous_6)
FN:212,(anonymous_7)
FNF:8
FNH:0
FNDA:0,LoginScreen
FNDA:0,(anonymous_1)
FNDA:0,(anonymous_2)
FNDA:0,(anonymous_3)
FNDA:0,(anonymous_4)
FNDA:0,(anonymous_5)
FNDA:0,(anonymous_6)
FNDA:0,(anonymous_7)
DA:33,0
DA:34,0
DA:36,0
DA:42,0
DA:43,0
DA:44,0
DA:45,0
DA:46,0
DA:49,0
DA:50,0
DA:58,0
DA:59,0
DA:62,0
DA:63,0
DA:64,0
DA:65,0
DA:69,0
DA:70,0
DA:71,0
DA:77,0
DA:80,0
DA:81,0
DA:82,0
DA:93,0
DA:94,0
DA:102,0
DA:103,0
DA:104,0
DA:105,0
DA:108,0
DA:109,0
DA:111,0
DA:112,0
DA:113,0
DA:115,0
DA:116,0
DA:119,0
DA:120,0
DA:121,0
DA:125,0
DA:127,0
DA:131,0
DA:212,0
DA:284,0
LF:44
LH:0
BRDA:69,0,0,0
BRDA:69,0,1,0
BRDA:69,1,0,0
BRDA:69,1,1,0
BRDA:103,2,0,0
BRDA:103,2,1,0
BRDA:103,3,0,0
BRDA:103,3,1,0
BRDA:111,4,0,0
BRDA:111,4,1,0
BRDA:120,5,0,0
BRDA:120,5,1,0
BRDA:142,6,0,0
BRDA:142,6,1,0
BRDA:144,7,0,0
BRDA:144,7,1,0
BRDA:221,8,0,0
BRDA:221,8,1,0
BRDA:224,9,0,0
BRDA:224,9,1,0
BRDA:244,10,0,0
BRDA:244,10,1,0
BRDA:246,11,0,0
BRDA:246,11,1,0
BRDA:246,11,2,0
BRF:25
BRH:0
end_of_record
TN:
SF:app/register.tsx
FN:22,Register
FN:37,(anonymous_1)
FN:132,(anonymous_2)
FN:143,(anonymous_3)
FN:144,(anonymous_4)
FN:153,(anonymous_5)
FN:154,(anonymous_6)
FN:163,(anonymous_7)
FN:196,(anonymous_8)
FN:221,(anonymous_9)
FN:247,(anonymous_10)
FN:269,(anonymous_11)
FN:291,(anonymous_12)
FN:316,(anonymous_13)
FN:325,(anonymous_14)
FN:352,(anonymous_15)
FN:361,(anonymous_16)
FN:387,(anonymous_17)
FNF:18
FNH:0
FNDA:0,Register
FNDA:0,(anonymous_1)
FNDA:0,(anonymous_2)
FNDA:0,(anonymous_3)
FNDA:0,(anonymous_4)
FNDA:0,(anonymous_5)
FNDA:0,(anonymous_6)
FNDA:0,(anonymous_7)
FNDA:0,(anonymous_8)
FNDA:0,(anonymous_9)
FNDA:0,(anonymous_10)
FNDA:0,(anonymous_11)
FNDA:0,(anonymous_12)
FNDA:0,(anonymous_13)
FNDA:0,(anonymous_14)
FNDA:0,(anonymous_15)
FNDA:0,(anonymous_16)
FNDA:0,(anonymous_17)
DA:23,0
DA:31,0
DA:32,0
DA:33,0
DA:35,0
DA:37,0
DA:39,0
DA:40,0
DA:41,0
DA:44,0
DA:45,0
DA:46,0
DA:49,0
DA:50,0
DA:51,0
DA:54,0
DA:55,0
DA:56,0
DA:65,0
DA:66,0
DA:69,0
DA:73,0
DA:74,0
DA:76,0
DA:79,0
DA:82,0
DA:83,0
DA:84,0
DA:85,0
DA:86,0
DA:87,0
DA:91,0
DA:92,0
DA:93,0
DA:95,0
DA:96,0
DA:98,0
DA:99,0
DA:103,0
DA:107,0
DA:109,0
DA:113,0
DA:115,0
DA:119,0
DA:126,0
DA:130,0
DA:133,0
DA:137,0
DA:141,0
DA:144,0
DA:147,0
DA:151,0
DA:154,0
DA:157,0
DA:161,0
DA:170,0
DA:177,0
DA:179,0
DA:183,0
DA:196,0
DA:222,0
DA:248,0
DA:270,0
DA:292,0
DA:317,0
DA:325,0
DA:353,0
DA:361,0
DA:387,0
DA:397,0
LF:70
LH:0
BRDA:39,0,0,0
BRDA:39,0,1,0
BRDA:39,1,0,0
BRDA:39,1,1,0
BRDA:39,1,2,0
BRDA:44,2,0,0
BRDA:44,2,1,0
BRDA:49,3,0,0
BRDA:49,3,1,0
BRDA:60,4,0,0
BRDA:60,4,1,0
BRDA:61,5,0,0
BRDA:61,5,1,0
BRDA:65,6,0,0
BRDA:65,6,1,0
BRDA:73,7,0,0
BRDA:73,7,1,0
BRDA:82,8,0,0
BRDA:82,8,1,0
BRDA:84,9,0,0
BRDA:84,9,1,0
BRDA:84,10,0,0
BRDA:84,10,1,0
BRDA:86,11,0,0
BRDA:86,11,1,0
BRDA:86,12,0,0
BRDA:86,12,1,0
BRDA:87,13,0,0
BRDA:87,13,1,0
BRDA:88,14,0,0
BRDA:88,14,1,0
BRDA:92,15,0,0
BRDA:92,15,1,0
BRDA:95,16,0,0
BRDA:95,16,1,0
BRDA:98,17,0,0
BRDA:98,17,1,0
BRDA:103,18,0,0
BRDA:103,18,1,0
BRDA:104,19,0,0
BRDA:104,19,1,0
BRDA:109,20,0,0
BRDA:109,20,1,0
BRDA:110,21,0,0
BRDA:110,21,1,0
BRDA:115,22,0,0
BRDA:115,22,1,0
BRDA:116,23,0,0
BRDA:116,23,1,0
BRDA:126,24,0,0
BRDA:126,24,1,0
BRDA:127,25,0,0
BRDA:127,25,1,0
BRDA:137,26,0,0
BRDA:137,26,1,0
BRDA:138,27,0,0
BRDA:138,27,1,0
BRDA:147,28,0,0
BRDA:147,28,1,0
BRDA:148,29,0,0
BRDA:148,29,1,0
BRDA:157,30,0,0
BRDA:157,30,1,0
BRDA:158,31,0,0
BRDA:158,31,1,0
BRDA:173,32,0,0
BRDA:173,32,1,0
BRDA:177,33,0,0
BRDA:177,33,1,0
BRDA:186,34,0,0
BRDA:186,34,1,0
BRDA:329,35,0,0
BRDA:329,35,1,0
BRDA:365,36,0,0
BRDA:365,36,1,0
BRDA:375,37,0,0
BRDA:375,37,1,0
BRDA:380,38,0,0
BRDA:380,38,1,0
BRDA:404,39,0,0
BRDA:404,39,1,0
BRDA:419,40,0,0
BRDA:419,40,1,0
BRF:83
BRH:0
end_of_record
TN:
SF:app/welcome.tsx
FN:20,(anonymous_0)
FN:42,WelcomeScreen
FN:49,(anonymous_2)
FN:68,(anonymous_3)
FN:131,(anonymous_4)
FN:147,(anonymous_5)
FNF:6
FNH:0
FNDA:0,(anonymous_0)
FNDA:0,WelcomeScreen
FNDA:0,(anonymous_2)
FNDA:0,(anonymous_3)
FNDA:0,(anonymous_4)
FNDA:0,(anonymous_5)
DA:20,0
DA:29,0
DA:43,0
DA:44,0
DA:45,0
DA:46,0
DA:49,0
DA:50,0
DA:51,0
DA:55,0
DA:59,0
DA:60,0
DA:61,0
DA:63,0
DA:68,0
DA:69,0
DA:70,0
DA:73,0
DA:131,0
DA:147,0
DA:167,0
LF:21
LH:0
BRDA:50,0,0,0
BRDA:50,0,1,0
BRDA:50,1,0,0
BRDA:50,1,1,0
BRDA:51,2,0,0
BRDA:51,2,1,0
BRDA:55,3,0,0
BRDA:55,3,1,0
BRDA:56,4,0,0
BRDA:56,4,1,0
BRDA:56,4,2,0
BRDA:60,5,0,0
BRDA:60,5,1,0
BRDA:60,6,0,0
BRDA:60,6,1,0
BRDA:85,7,0,0
BRDA:85,7,1,0
BRDA:176,8,0,0
BRDA:176,8,1,0
BRF:19
BRH:0
end_of_record
TN:
SF:app/admin/control-panel.tsx
FN:56,ControlPanelScreen
FN:71,(anonymous_1)
FN:75,(anonymous_2)
FN:81,(anonymous_3)
FN:82,(anonymous_4)
FN:98,(anonymous_5)
FN:102,(anonymous_6)
FN:106,(anonymous_7)
FN:110,(anonymous_8)
FN:114,(anonymous_9)
FN:118,(anonymous_10)
FN:122,(anonymous_11)
FN:126,(anonymous_12)
FN:173,(anonymous_13)
FN:178,(anonymous_14)
FN:185,(anonymous_15)
FN:201,(anonymous_16)
FN:207,(anonymous_17)
FN:213,(anonymous_18)
FN:229,(anonymous_19)
FN:241,(anonymous_20)
FN:252,(anonymous_21)
FN:261,(anonymous_22)
FN:268,(anonymous_23)
FN:272,(anonymous_24)
FN:328,(anonymous_25)
FN:352,(anonymous_26)
FN:364,(anonymous_27)
FN:373,(anonymous_28)
FN:390,(anonymous_29)
FN:400,(anonymous_30)
FN:429,(anonymous_31)
FN:533,(anonymous_32)
FN:542,(anonymous_33)
FN:596,(anonymous_34)
FN:603,(anonymous_35)
FN:610,(anonymous_36)
FN:617,(anonymous_37)
FN:631,(anonymous_38)
FN:638,(anonymous_39)
FN:655,(anonymous_40)
FNF:41
FNH:0
FNDA:0,ControlPanelScreen
FNDA:0,(anonymous_1)
FNDA:0,(anonymous_2)
FNDA:0,(anonymous_3)
FNDA:0,(anonymous_4)
FNDA:0,(anonymous_5)
FNDA:0,(anonymous_6)
FNDA:0,(anonymous_7)
FNDA:0,(anonymous_8)
FNDA:0,(anonymous_9)
FNDA:0,(anonymous_10)
FNDA:0,(anonymous_11)
FNDA:0,(anonymous_12)
FNDA:0,(anonymous_13)
FNDA:0,(anonymous_14)
FNDA:0,(anonymous_15)
FNDA:0,(anonymous_16)
FNDA:0,(anonymous_17)
FNDA:0,(anonymous_18)
FNDA:0,(anonymous_19)
FNDA:0,(anonymous_20)
FNDA:0,(anonymous_21)
FNDA:0,(anonymous_22)
FNDA:0,(anonymous_23)
FNDA:0,(anonymous_24)
FNDA:0,(anonymous_25)
FNDA:0,(anonymous_26)
FNDA:0,(anonymous_27)
FNDA:0,(anonymous_28)
FNDA:0,(anonymous_29)
FNDA:0,(anonymous_30)
FNDA:0,(anonymous_31)
FNDA:0,(anonymous_32)
FNDA:0,(anonymous_33)
FNDA:0,(anonymous_34)
FNDA:0,(anonymous_35)
FNDA:0,(anonymous_36)
FNDA:0,(anonymous_37)
FNDA:0,(anonymous_38)
FNDA:0,(anonymous_39)
FNDA:0,(anonymous_40)
DA:31,0
DA:32,0
DA:33,0
DA:36,0
DA:37,0
DA:38,0
DA:57,0
DA:58,0
DA:59,0
DA:60,0
DA:61,0
DA:62,0
DA:63,0
DA:64,0
DA:65,0
DA:69,0
DA:71,0
DA:72,0
DA:73,0
DA:75,0
DA:79,0
DA:82,0
DA:96,0
DA:98,0
DA:102,0
DA:106,0
DA:110,0
DA:114,0
DA:118,0
DA:122,0
DA:126,0
DA:131,0
DA:132,0
DA:134,0
DA:135,0
DA:137,0
DA:138,0
DA:140,0
DA:141,0
DA:143,0
DA:144,0
DA:156,0
DA:158,0
DA:159,0
DA:160,0
DA:168,0
DA:169,0
DA:173,0
DA:174,0
DA:175,0
DA:178,0
DA:180,0
DA:183,0
DA:185,0
DA:186,0
DA:187,0
DA:189,0
DA:190,0
DA:191,0
DA:201,0
DA:202,0
DA:203,0
DA:207,0
DA:208,0
DA:209,0
DA:213,0
DA:217,0
DA:219,0
DA:220,0
DA:222,0
DA:224,0
DA:225,0
DA:229,0
DA:232,0
DA:241,0
DA:242,0
DA:243,0
DA:244,0
DA:245,0
DA:246,0
DA:247,0
DA:249,0
DA:252,0
DA:253,0
DA:254,0
DA:255,0
DA:257,0
DA:261,0
DA:262,0
DA:268,0
DA:269,0
DA:272,0
DA:279,0
DA:328,0
DA:352,0
DA:365,0
DA:366,0
DA:373,0
DA:391,0
DA:392,0
DA:400,0
DA:415,0
DA:416,0
DA:424,0
DA:429,0
DA:533,0
DA:542,0
DA:596,0
DA:603,0
DA:610,0
DA:617,0
DA:631,0
DA:638,0
DA:656,0
DA:699,0
LF:115
LH:0
BRDA:77,0,0,0
BRDA:131,1,0,0
BRDA:131,1,1,0
BRDA:131,2,0,0
BRDA:131,2,1,0
BRDA:134,3,0,0
BRDA:134,3,1,0
BRDA:134,4,0,0
BRDA:134,4,1,0
BRDA:135,5,0,0
BRDA:135,5,1,0
BRDA:137,6,0,0
BRDA:137,6,1,0
BRDA:137,7,0,0
BRDA:137,7,1,0
BRDA:138,8,0,0
BRDA:138,8,1,0
BRDA:140,9,0,0
BRDA:140,9,1,0
BRDA:140,10,0,0
BRDA:140,10,1,0
BRDA:143,11,0,0
BRDA:143,11,1,0
BRDA:143,12,0,0
BRDA:143,12,1,0
BRDA:158,13,0,0
BRDA:158,13,1,0
BRDA:159,14,0,0
BRDA:159,14,1,0
BRDA:174,15,0,0
BRDA:174,15,1,0
BRDA:186,16,0,0
BRDA:186,16,1,0
BRDA:187,17,0,0
BRDA:187,17,1,0
BRDA:190,18,0,0
BRDA:190,18,1,0
BRDA:202,19,0,0
BRDA:202,19,1,0
BRDA:219,20,0,0
BRDA:219,20,1,0
BRDA:224,21,0,0
BRDA:224,21,1,0
BRDA:224,22,0,0
BRDA:224,22,1,0
BRDA:227,23,0,0
BRDA:227,23,1,0
BRDA:234,24,0,0
BRDA:234,24,1,0
BRDA:234,24,2,0
BRDA:242,25,0,0
BRDA:242,25,1,0
BRDA:245,26,0,0
BRDA:245,26,1,0
BRDA:279,27,0,0
BRDA:279,27,1,0
BRDA:288,28,0,0
BRDA:288,28,1,0
BRDA:294,29,0,0
BRDA:294,29,1,0
BRDA:298,30,0,0
BRDA:298,30,1,0
BRDA:303,31,0,0
BRDA:303,31,1,0
BRDA:305,32,0,0
BRDA:305,32,1,0
BRDA:311,33,0,0
BRDA:311,33,1,0
BRDA:317,34,0,0
BRDA:317,34,1,0
BRDA:325,35,0,0
BRDA:325,35,1,0
BRDA:349,36,0,0
BRDA:349,36,1,0
BRDA:362,37,0,0
BRDA:362,37,1,0
BRDA:365,38,0,0
BRDA:365,38,1,0
BRDA:388,39,0,0
BRDA:388,39,1,0
BRDA:391,40,0,0
BRDA:391,40,1,0
BRDA:415,41,0,0
BRDA:415,41,1,0
BRDA:415,42,0,0
BRDA:415,42,1,0
BRDA:415,42,2,0
BRDA:426,43,0,0
BRDA:426,43,1,0
BRDA:433,44,0,0
BRDA:433,44,1,0
BRDA:453,45,0,0
BRDA:453,45,1,0
BRDA:462,46,0,0
BRDA:462,46,1,0
BRDA:473,47,0,0
BRDA:473,47,1,0
BRDA:482,48,0,0
BRDA:482,48,1,0
BRDA:488,49,0,0
BRDA:488,49,1,0
BRDA:490,50,0,0
BRDA:490,50,1,0
BRDA:500,51,0,0
BRDA:500,51,1,0
BRDA:502,52,0,0
BRDA:502,52,1,0
BRDA:516,53,0,0
BRDA:516,53,1,0
BRDA:528,54,0,0
BRDA:528,54,1,0
BRDA:537,55,0,0
BRDA:537,55,1,0
BRDA:549,56,0,0
BRDA:549,56,1,0
BRDA:646,57,0,0
BRDA:646,57,1,0
BRDA:659,58,0,0
BRDA:659,58,1,0
BRDA:666,59,0,0
BRDA:666,59,1,0
BRDA:673,60,0,0
BRDA:673,60,1,0
BRDA:720,61,0,0
BRDA:720,61,1,0
BRDA:724,62,0,0
BRDA:724,62,1,0
BRDA:734,63,0,0
BRDA:734,63,1,0
BRDA:776,64,0,0
BRDA:776,64,1,0
BRDA:777,65,0,0
BRDA:777,65,1,0
BRDA:932,66,0,0
BRDA:932,66,1,0
BRDA:932,67,0,0
BRDA:932,67,1,0
BRDA:962,68,0,0
BRDA:962,68,1,0
BRDA:962,69,0,0
BRDA:962,69,1,0
BRF:141
BRH:0
end_of_record
TN:
SF:app/admin/dashboard-web.tsx
FN:80,AdminDashboardWeb
FN:121,(anonymous_1)
FN:143,(anonymous_2)
FN:144,(anonymous_3)
FN:145,(anonymous_4)
FN:146,(anonymous_5)
FN:147,(anonymous_6)
FN:151,(anonymous_7)
FN:152,(anonymous_8)
FN:153,(anonymous_9)
FN:154,(anonymous_10)
FN:155,(anonymous_11)
FN:156,(anonymous_12)
FN:157,(anonymous_13)
FN:221,(anonymous_14)
FN:230,(anonymous_15)
FN:233,(anonymous_16)
FN:262,(anonymous_17)
FN:267,(anonymous_18)
FN:275,(anonymous_19)
FN:276,(anonymous_20)
FN:283,(anonymous_21)
FN:287,(anonymous_22)
FN:300,(anonymous_23)
FN:307,(anonymous_24)
FN:311,(anonymous_25)
FN:318,(anonymous_26)
FN:320,(anonymous_27)
FN:326,(anonymous_28)
FN:328,(anonymous_29)
FN:335,(anonymous_30)
FN:337,(anonymous_31)
FN:344,(anonymous_32)
FN:384,(anonymous_33)
FN:422,(anonymous_34)
FN:500,(anonymous_35)
FN:509,(anonymous_36)
FN:543,(anonymous_37)
FN:550,(anonymous_38)
FN:672,(anonymous_39)
FN:679,(anonymous_40)
FN:686,(anonymous_41)
FN:697,(anonymous_42)
FN:707,(anonymous_43)
FN:725,(anonymous_44)
FN:731,(anonymous_45)
FN:758,(anonymous_46)
FN:786,(anonymous_47)
FN:813,(anonymous_48)
FN:844,(anonymous_49)
FN:853,(anonymous_50)
FN:863,(anonymous_51)
FN:868,(anonymous_52)
FN:883,(anonymous_53)
FN:897,(anonymous_54)
FN:900,(anonymous_55)
FN:907,(anonymous_56)
FN:918,(anonymous_57)
FN:929,(anonymous_58)
FN:1071,(anonymous_59)
FN:1080,(anonymous_60)
FN:1206,(anonymous_61)
FN:1237,(anonymous_62)
FN:1257,(anonymous_63)
FN:1261,(anonymous_64)
FN:1290,(anonymous_65)
FNF:66
FNH:0
FNDA:0,AdminDashboardWeb
FNDA:0,(anonymous_1)
FNDA:0,(anonymous_2)
FNDA:0,(anonymous_3)
FNDA:0,(anonymous_4)
FNDA:0,(anonymous_5)
FNDA:0,(anonymous_6)
FNDA:0,(anonymous_7)
FNDA:0,(anonymous_8)
FNDA:0,(anonymous_9)
FNDA:0,(anonymous_10)
FNDA:0,(anonymous_11)
FNDA:0,(anonymous_12)
FNDA:0,(anonymous_13)
FNDA:0,(anonymous_14)
FNDA:0,(anonymous_15)
FNDA:0,(anonymous_16)
FNDA:0,(anonymous_17)
FNDA:0,(anonymous_18)
FNDA:0,(anonymous_19)
FNDA:0,(anonymous_20)
FNDA:0,(anonymous_21)
FNDA:0,(anonymous_22)
FNDA:0,(anonymous_23)
FNDA:0,(anonymous_24)
FNDA:0,(anonymous_25)
FNDA:0,(anonymous_26)
FNDA:0,(anonymous_27)
FNDA:0,(anonymous_28)
FNDA:0,(anonymous_29)
FNDA:0,(anonymous_30)
FNDA:0,(anonymous_31)
FNDA:0,(anonymous_32)
FNDA:0,(anonymous_33)
FNDA:0,(anonymous_34)
FNDA:0,(anonymous_35)
FNDA:0,(anonymous_36)
FNDA:0,(anonymous_37)
FNDA:0,(anonymous_38)
FNDA:0,(anonymous_39)
FNDA:0,(anonymous_40)
FNDA:0,(anonymous_41)
FNDA:0,(anonymous_42)
FNDA:0,(anonymous_43)
FNDA:0,(anonymous_44)
FNDA:0,(anonymous_45)
FNDA:0,(anonymous_46)
FNDA:0,(anonymous_47)
FNDA:0,(anonymous_48)
FNDA:0,(anonymous_49)
FNDA:0,(anonymous_50)
FNDA:0,(anonymous_51)
FNDA:0,(anonymous_52)
FNDA:0,(anonymous_53)
FNDA:0,(anonymous_54)
FNDA:0,(anonymous_55)
FNDA:0,(anonymous_56)
FNDA:0,(anonymous_57)
FNDA:0,(anonymous_58)
FNDA:0,(anonymous_59)
FNDA:0,(anonymous_60)
FNDA:0,(anonymous_61)
FNDA:0,(anonymous_62)
FNDA:0,(anonymous_63)
FNDA:0,(anonymous_64)
FNDA:0,(anonymous_65)
DA:60,0
DA:61,0
DA:62,0
DA:81,0
DA:82,0
DA:83,0
DA:84,0
DA:85,0
DA:86,0
DA:89,0
DA:90,0
DA:91,0
DA:92,0
DA:93,0
DA:94,0
DA:95,0
DA:98,0
DA:99,0
DA:100,0
DA:101,0
DA:102,0
DA:105,0
DA:108,0
DA:111,0
DA:112,0
DA:113,0
DA:114,0
DA:115,0
DA:116,0
DA:121,0
DA:122,0
DA:123,0
DA:124,0
DA:126,0
DA:142,0
DA:143,0
DA:144,0
DA:145,0
DA:146,0
DA:147,0
DA:151,0
DA:152,0
DA:153,0
DA:154,0
DA:155,0
DA:156,0
DA:157,0
DA:160,0
DA:161,0
DA:163,0
DA:164,0
DA:166,0
DA:167,0
DA:169,0
DA:170,0
DA:172,0
DA:173,0
DA:175,0
DA:176,0
DA:178,0
DA:179,0
DA:181,0
DA:187,0
DA:189,0
DA:190,0
DA:192,0
DA:197,0
DA:199,0
DA:203,0
DA:205,0
DA:209,0
DA:212,0
DA:214,0
DA:216,0
DA:217,0
DA:221,0
DA:222,0
DA:223,0
DA:224,0
DA:226,0
DA:229,0
DA:230,0
DA:233,0
DA:234,0
DA:235,0
DA:236,0
DA:242,0
DA:243,0
DA:244,0
DA:247,0
DA:248,0
DA:249,0
DA:250,0
DA:251,0
DA:252,0
DA:255,0
DA:257,0
DA:262,0
DA:263,0
DA:266,0
DA:267,0
DA:268,0
DA:271,0
DA:274,0
DA:275,0
DA:276,0
DA:283,0
DA:284,0
DA:286,0
DA:287,0
DA:288,0
DA:289,0
DA:292,0
DA:300,0
DA:307,0
DA:308,0
DA:310,0
DA:311,0
DA:313,0
DA:314,0
DA:317,0
DA:318,0
DA:320,0
DA:326,0
DA:327,0
DA:328,0
DA:335,0
DA:336,0
DA:337,0
DA:344,0
DA:345,0
DA:384,0
DA:385,0
DA:387,0
DA:423,0
DA:500,0
DA:510,0
DA:543,0
DA:544,0
DA:551,0
DA:672,0
DA:673,0
DA:679,0
DA:687,0
DA:698,0
DA:699,0
DA:708,0
DA:709,0
DA:725,0
DA:731,0
DA:758,0
DA:786,0
DA:813,0
DA:845,0
DA:854,0
DA:863,0
DA:869,0
DA:883,0
DA:884,0
DA:885,0
DA:886,0
DA:887,0
DA:888,0
DA:890,0
DA:898,0
DA:901,0
DA:908,0
DA:919,0
DA:930,0
DA:1071,0
DA:1081,0
DA:1206,0
DA:1207,0
DA:1208,0
DA:1209,0
DA:1210,0
DA:1211,0
DA:1213,0
DA:1216,0
DA:1217,0
DA:1225,0
DA:1237,0
DA:1258,0
DA:1261,0
DA:1290,0
DA:1304,0
LF:186
LH:0
BRDA:121,0,0,0
BRDA:123,1,0,0
BRDA:123,1,1,0
BRDA:160,2,0,0
BRDA:160,2,1,0
BRDA:160,3,0,0
BRDA:160,3,1,0
BRDA:163,4,0,0
BRDA:163,4,1,0
BRDA:163,5,0,0
BRDA:163,5,1,0
BRDA:166,6,0,0
BRDA:166,6,1,0
BRDA:166,7,0,0
BRDA:166,7,1,0
BRDA:169,8,0,0
BRDA:169,8,1,0
BRDA:169,9,0,0
BRDA:169,9,1,0
BRDA:172,10,0,0
BRDA:172,10,1,0
BRDA:172,11,0,0
BRDA:172,11,1,0
BRDA:173,12,0,0
BRDA:173,12,1,0
BRDA:175,13,0,0
BRDA:175,13,1,0
BRDA:175,14,0,0
BRDA:175,14,1,0
BRDA:176,15,0,0
BRDA:176,15,1,0
BRDA:178,16,0,0
BRDA:178,16,1,0
BRDA:178,17,0,0
BRDA:178,17,1,0
BRDA:181,18,0,0
BRDA:181,18,1,0
BRDA:182,19,0,0
BRDA:182,19,1,0
BRDA:182,19,2,0
BRDA:182,19,3,0
BRDA:187,20,0,0
BRDA:187,20,1,0
BRDA:189,21,0,0
BRDA:189,21,1,0
BRDA:189,22,0,0
BRDA:189,22,1,0
BRDA:192,23,0,0
BRDA:192,23,1,0
BRDA:193,24,0,0
BRDA:193,24,1,0
BRDA:193,24,2,0
BRDA:199,25,0,0
BRDA:199,25,1,0
BRDA:200,26,0,0
BRDA:200,26,1,0
BRDA:205,27,0,0
BRDA:205,27,1,0
BRDA:206,28,0,0
BRDA:206,28,1,0
BRDA:214,29,0,0
BRDA:214,29,1,0
BRDA:222,30,0,0
BRDA:222,30,1,0
BRDA:243,31,0,0
BRDA:243,31,1,0
BRDA:255,32,0,0
BRDA:255,32,1,0
BRDA:263,33,0,0
BRDA:263,33,1,0
BRDA:263,34,0,0
BRDA:263,34,1,0
BRDA:269,35,0,0
BRDA:269,35,1,0
BRDA:271,36,0,0
BRDA:271,36,1,0
BRDA:284,37,0,0
BRDA:284,37,1,0
BRDA:284,38,0,0
BRDA:284,38,1,0
BRDA:288,39,0,0
BRDA:288,39,1,0
BRDA:289,40,0,0
BRDA:289,40,1,0
BRDA:303,41,0,0
BRDA:303,41,1,0
BRDA:308,42,0,0
BRDA:308,42,1,0
BRDA:308,43,0,0
BRDA:308,43,1,0
BRDA:313,44,0,0
BRDA:313,44,1,0
BRDA:313,44,2,0
BRDA:314,45,0,0
BRDA:314,45,1,0
BRDA:321,46,0,0
BRDA:321,46,1,0
BRDA:327,47,0,0
BRDA:327,47,1,0
BRDA:327,48,0,0
BRDA:327,48,1,0
BRDA:336,49,0,0
BRDA:336,49,1,0
BRDA:336,50,0,0
BRDA:336,50,1,0
BRDA:348,51,0,0
BRDA:348,51,1,0
BRDA:356,52,0,0
BRDA:356,52,1,0
BRDA:364,53,0,0
BRDA:364,53,1,0
BRDA:372,54,0,0
BRDA:372,54,1,0
BRDA:373,55,0,0
BRDA:373,55,1,0
BRDA:376,56,0,0
BRDA:376,56,1,0
BRDA:376,57,0,0
BRDA:376,57,1,0
BRDA:379,58,0,0
BRDA:379,58,1,0
BRDA:379,59,0,0
BRDA:379,59,1,0
BRDA:390,60,0,0
BRDA:390,60,1,0
BRDA:394,61,0,0
BRDA:394,61,1,0
BRDA:396,62,0,0
BRDA:396,62,1,0
BRDA:412,63,0,0
BRDA:412,63,1,0
BRDA:438,64,0,0
BRDA:438,64,1,0
BRDA:444,65,0,0
BRDA:444,65,1,0
BRDA:446,66,0,0
BRDA:446,66,1,0
BRDA:453,67,0,0
BRDA:453,67,1,0
BRDA:456,68,0,0
BRDA:456,68,1,0
BRDA:466,69,0,0
BRDA:466,69,1,0
BRDA:472,70,0,0
BRDA:472,70,1,0
BRDA:488,71,0,0
BRDA:488,71,1,0
BRDA:494,72,0,0
BRDA:494,72,1,0
BRDA:506,73,0,0
BRDA:506,73,1,0
BRDA:513,74,0,0
BRDA:513,74,1,0
BRDA:515,75,0,0
BRDA:515,75,1,0
BRDA:521,76,0,0
BRDA:521,76,1,0
BRDA:523,77,0,0
BRDA:523,77,1,0
BRDA:549,78,0,0
BRDA:549,78,1,0
BRDA:561,79,0,0
BRDA:561,79,1,0
BRDA:568,80,0,0
BRDA:568,80,1,0
BRDA:573,81,0,0
BRDA:573,81,1,0
BRDA:584,82,0,0
BRDA:584,82,1,0
BRDA:594,83,0,0
BRDA:594,83,1,0
BRDA:600,84,0,0
BRDA:600,84,1,0
BRDA:606,85,0,0
BRDA:606,85,1,0
BRDA:612,86,0,0
BRDA:612,86,1,0
BRDA:620,87,0,0
BRDA:620,87,1,0
BRDA:630,88,0,0
BRDA:630,88,1,0
BRDA:632,89,0,0
BRDA:632,89,1,0
BRDA:634,90,0,0
BRDA:634,90,1,0
BRDA:642,91,0,0
BRDA:642,91,1,0
BRDA:652,92,0,0
BRDA:652,92,1,0
BRDA:654,93,0,0
BRDA:654,93,1,0
BRDA:656,94,0,0
BRDA:656,94,1,0
BRDA:663,95,0,0
BRDA:663,95,1,0
BRDA:742,96,0,0
BRDA:742,96,1,0
BRDA:756,97,0,0
BRDA:756,97,1,0
BRDA:762,98,0,0
BRDA:762,98,1,0
BRDA:766,99,0,0
BRDA:766,99,1,0
BRDA:774,100,0,0
BRDA:774,100,1,0
BRDA:784,101,0,0
BRDA:784,101,1,0
BRDA:790,102,0,0
BRDA:790,102,1,0
BRDA:794,103,0,0
BRDA:794,103,1,0
BRDA:802,104,0,0
BRDA:802,104,1,0
BRDA:811,105,0,0
BRDA:811,105,1,0
BRDA:817,106,0,0
BRDA:817,106,1,0
BRDA:821,107,0,0
BRDA:821,107,1,0
BRDA:829,108,0,0
BRDA:829,108,1,0
BRDA:836,109,0,0
BRDA:836,109,1,0
BRDA:843,110,0,0
BRDA:843,110,1,0
BRDA:852,111,0,0
BRDA:852,111,1,0
BRDA:867,112,0,0
BRDA:867,112,1,0
BRDA:869,113,0,0
BRDA:869,113,1,0
BRDA:947,114,0,0
BRDA:947,114,1,0
BRDA:974,115,0,0
BRDA:974,115,1,0
BRDA:992,116,0,0
BRDA:992,116,1,0
BRDA:1011,117,0,0
BRDA:1011,117,1,0
BRDA:1037,118,0,0
BRDA:1037,118,1,0
BRDA:1054,119,0,0
BRDA:1054,119,1,0
BRDA:1064,120,0,0
BRDA:1064,120,1,0
BRDA:1070,121,0,0
BRDA:1070,121,1,0
BRDA:1078,122,0,0
BRDA:1078,122,1,0
BRDA:1081,123,0,0
BRDA:1081,123,1,0
BRDA:1090,124,0,0
BRDA:1090,124,1,0
BRDA:1100,125,0,0
BRDA:1100,125,1,0
BRDA:1106,126,0,0
BRDA:1106,126,1,0
BRDA:1114,127,0,0
BRDA:1114,127,1,0
BRDA:1124,128,0,0
BRDA:1124,128,1,0
BRDA:1126,129,0,0
BRDA:1126,129,1,0
BRDA:1133,130,0,0
BRDA:1133,130,1,0
BRDA:1142,131,0,0
BRDA:1142,131,1,0
BRDA:1157,132,0,0
BRDA:1157,132,1,0
BRDA:1170,133,0,0
BRDA:1170,133,1,0
BRDA:1181,134,0,0
BRDA:1181,134,1,0
BRDA:1194,135,0,0
BRDA:1194,135,1,0
BRDA:1209,136,0,0
BRDA:1209,136,1,0
BRDA:1216,137,0,0
BRDA:1216,137,1,0
BRDA:1260,138,0,0
BRDA:1260,138,1,0
BRDA:1267,139,0,0
BRDA:1267,139,1,0
BRDA:1275,140,0,0
BRDA:1275,140,1,0
BRDA:1295,141,0,0
BRDA:1295,141,1,0
BRDA:1296,142,0,0
BRDA:1296,142,1,0
BRDA:1297,143,0,0
BRDA:1297,143,1,0
BRDA:1298,144,0,0
BRDA:1298,144,1,0
BRDA:1398,145,0,0
BRDA:1398,145,1,0
BRDA:1398,146,0,0
BRDA:1398,146,1,0
BRDA:1400,147,0,0
BRDA:1400,147,1,0
BRDA:1483,148,0,0
BRDA:1483,148,1,0
BRDA:1483,149,0,0
BRDA:1483,149,1,0
BRDA:1485,150,0,0
BRDA:1485,150,1,0
BRDA:1525,151,0,0
BRDA:1525,151,1,0
BRDA:1577,152,0,0
BRDA:1577,152,1,0
BRDA:1577,153,0,0
BRDA:1577,153,1,0
BRDA:1579,154,0,0
BRDA:1579,154,1,0
BRDA:1596,155,0,0
BRDA:1596,155,1,0
BRDA:1669,156,0,0
BRDA:1669,156,1,0
BRDA:1669,157,0,0
BRDA:1669,157,1,0
BRDA:1694,158,0,0
BRDA:1694,158,1,0
BRDA:1714,159,0,0
BRDA:1714,159,1,0
BRDA:1745,160,0,0
BRDA:1745,160,1,0
BRDA:1745,161,0,0
BRDA:1745,161,1,0
BRDA:1747,162,0,0
BRDA:1747,162,1,0
BRF:329
BRH:0
end_of_record
TN:
SF:app/admin/logs.tsx
FN:20,LogsScreen
FN:32,(anonymous_1)
FN:41,(anonymous_2)
FN:45,(anonymous_3)
FN:64,(anonymous_4)
FN:81,(anonymous_5)
FN:93,(anonymous_6)
FN:136,(anonymous_7)
FN:143,(anonymous_8)
FN:184,(anonymous_9)
FNF:10
FNH:0
FNDA:0,LogsScreen
FNDA:0,(anonymous_1)
FNDA:0,(anonymous_2)
FNDA:0,(anonymous_3)
FNDA:0,(anonymous_4)
FNDA:0,(anonymous_5)
FNDA:0,(anonymous_6)
FNDA:0,(anonymous_7)
FNDA:0,(anonymous_8)
FNDA:0,(anonymous_9)
DA:18,0
DA:21,0
DA:22,0
DA:23,0
DA:24,0
DA:26,0
DA:27,0
DA:28,0
DA:29,0
DA:30,0
DA:32,0
DA:33,0
DA:34,0
DA:35,0
DA:37,0
DA:40,0
DA:41,0
DA:45,0
DA:46,0
DA:47,0
DA:48,0
DA:53,0
DA:54,0
DA:57,0
DA:59,0
DA:60,0
DA:64,0
DA:65,0
DA:68,0
DA:71,0
DA:73,0
DA:75,0
DA:77,0
DA:81,0
DA:82,0
DA:83,0
DA:85,0
DA:88,0
DA:93,0
DA:137,0
DA:143,0
DA:185,0
DA:212,0
LF:43
LH:0
BRDA:24,0,0,0
BRDA:24,0,1,0
BRDA:33,1,0,0
BRDA:33,1,1,0
BRDA:51,2,0,0
BRDA:51,2,1,0
BRDA:53,3,0,0
BRDA:53,3,1,0
BRDA:53,4,0,0
BRDA:53,4,1,0
BRDA:54,5,0,0
BRDA:54,5,1,0
BRDA:57,6,0,0
BRDA:57,6,1,0
BRDA:65,7,0,0
BRDA:65,7,1,0
BRDA:65,7,2,0
BRDA:65,7,3,0
BRDA:65,7,4,0
BRDA:65,7,5,0
BRDA:65,7,6,0
BRDA:82,8,0,0
BRDA:82,8,1,0
BRDA:90,9,0,0
BRDA:90,9,1,0
BRDA:141,10,0,0
BRDA:141,10,1,0
BRDA:148,11,0,0
BRDA:148,11,1,0
BRDA:168,12,0,0
BRDA:168,12,1,0
BRDA:168,13,0,0
BRDA:168,13,1,0
BRDA:173,14,0,0
BRDA:173,14,1,0
BRDA:178,15,0,0
BRDA:178,15,1,0
BRDA:193,16,0,0
BRDA:193,16,1,0
BRDA:196,17,0,0
BRDA:196,17,1,0
BRDA:202,18,0,0
BRDA:202,18,1,0
BRDA:233,19,0,0
BRDA:233,19,1,0
BRDA:237,20,0,0
BRDA:237,20,1,0
BRDA:247,21,0,0
BRDA:247,21,1,0
BRF:49
BRH:0
end_of_record
TN:
SF:app/admin/metrics.tsx
FN:29,MetricsScreen
FN:39,(anonymous_1)
FN:44,(anonymous_2)
FN:52,(anonymous_3)
FN:56,(anonymous_4)
FN:66,(anonymous_5)
FN:84,(anonymous_6)
FN:88,(anonymous_7)
FN:93,(anonymous_8)
FN:102,(anonymous_9)
FN:112,(anonymous_10)
FN:145,(anonymous_11)
FN:163,(anonymous_12)
FN:175,(anonymous_13)
FN:489,(anonymous_14)
FN:514,(anonymous_15)
FNF:16
FNH:0
FNDA:0,MetricsScreen
FNDA:0,(anonymous_1)
FNDA:0,(anonymous_2)
FNDA:0,(anonymous_3)
FNDA:0,(anonymous_4)
FNDA:0,(anonymous_5)
FNDA:0,(anonymous_6)
FNDA:0,(anonymous_7)
FNDA:0,(anonymous_8)
FNDA:0,(anonymous_9)
FNDA:0,(anonymous_10)
FNDA:0,(anonymous_11)
FNDA:0,(anonymous_12)
FNDA:0,(anonymous_13)
FNDA:0,(anonymous_14)
FNDA:0,(anonymous_15)
DA:24,0
DA:25,0
DA:26,0
DA:27,0
DA:30,0
DA:31,0
DA:32,0
DA:33,0
DA:34,0
DA:35,0
DA:36,0
DA:37,0
DA:39,0
DA:40,0
DA:41,0
DA:44,0
DA:46,0
DA:48,0
DA:51,0
DA:52,0
DA:56,0
DA:57,0
DA:58,0
DA:59,0
DA:61,0
DA:63,0
DA:66,0
DA:68,0
DA:69,0
DA:70,0
DA:71,0
DA:73,0
DA:75,0
DA:76,0
DA:79,0
DA:80,0
DA:84,0
DA:85,0
DA:88,0
DA:89,0
DA:90,0
DA:91,0
DA:92,0
DA:93,0
DA:95,0
DA:98,0
DA:102,0
DA:103,0
DA:104,0
DA:105,0
DA:106,0
DA:107,0
DA:109,0
DA:112,0
DA:119,0
DA:131,0
DA:132,0
DA:140,0
DA:145,0
DA:163,0
DA:175,0
DA:490,0
DA:515,0
DA:546,0
LF:64
LH:0
BRDA:27,0,0,0
BRDA:27,0,1,0
BRDA:27,1,0,0
BRDA:27,1,1,0
BRDA:27,2,0,0
BRDA:27,2,1,0
BRDA:40,3,0,0
BRDA:40,3,1,0
BRDA:56,4,0,0
BRDA:58,5,0,0
BRDA:58,5,1,0
BRDA:70,6,0,0
BRDA:70,6,1,0
BRDA:75,7,0,0
BRDA:75,7,1,0
BRDA:76,8,0,0
BRDA:76,8,1,0
BRDA:91,9,0,0
BRDA:91,9,1,0
BRDA:95,10,0,0
BRDA:95,10,1,0
BRDA:98,11,0,0
BRDA:98,11,1,0
BRDA:105,12,0,0
BRDA:105,12,1,0
BRDA:115,13,0,0
BRDA:119,14,0,0
BRDA:119,14,1,0
BRDA:120,15,0,0
BRDA:120,15,1,0
BRDA:127,16,0,0
BRDA:127,16,1,0
BRDA:131,17,0,0
BRDA:131,17,1,0
BRDA:131,18,0,0
BRDA:131,18,1,0
BRDA:142,19,0,0
BRDA:142,19,1,0
BRDA:149,20,0,0
BRDA:149,20,1,0
BRDA:170,21,0,0
BRDA:170,21,1,0
BRDA:187,22,0,0
BRDA:187,22,1,0
BRDA:198,23,0,0
BRDA:198,23,1,0
BRDA:211,24,0,0
BRDA:211,24,1,0
BRDA:216,25,0,0
BRDA:216,25,1,0
BRDA:222,26,0,0
BRDA:222,26,1,0
BRDA:226,27,0,0
BRDA:226,27,1,0
BRDA:232,28,0,0
BRDA:232,28,1,0
BRDA:239,29,0,0
BRDA:239,29,1,0
BRDA:245,30,0,0
BRDA:245,30,1,0
BRDA:249,31,0,0
BRDA:249,31,1,0
BRDA:255,32,0,0
BRDA:255,32,1,0
BRDA:265,33,0,0
BRDA:265,33,1,0
BRDA:272,34,0,0
BRDA:272,34,1,0
BRDA:278,35,0,0
BRDA:278,35,1,0
BRDA:287,36,0,0
BRDA:287,36,1,0
BRDA:300,37,0,0
BRDA:300,37,1,0
BRDA:318,38,0,0
BRDA:318,38,1,0
BRDA:325,39,0,0
BRDA:325,39,1,0
BRDA:330,40,0,0
BRDA:330,40,1,0
BRDA:334,41,0,0
BRDA:334,41,1,0
BRDA:342,42,0,0
BRDA:342,42,1,0
BRDA:347,43,0,0
BRDA:347,43,1,0
BRDA:357,44,0,0
BRDA:357,44,1,0
BRDA:360,45,0,0
BRDA:360,45,1,0
BRDA:373,46,0,0
BRDA:373,46,1,0
BRDA:373,46,2,0
BRDA:387,47,0,0
BRDA:387,47,1,0
BRDA:397,48,0,0
BRDA:397,48,1,0
BRDA:403,49,0,0
BRDA:403,49,1,0
BRDA:404,50,0,0
BRDA:404,50,1,0
BRDA:405,51,0,0
BRDA:405,51,1,0
BRDA:409,52,0,0
BRDA:409,52,1,0
BRDA:410,53,0,0
BRDA:410,53,1,0
BRDA:415,54,0,0
BRDA:415,54,1,0
BRDA:430,55,0,0
BRDA:430,55,1,0
BRDA:436,56,0,0
BRDA:436,56,1,0
BRDA:442,57,0,0
BRDA:442,57,1,0
BRDA:457,58,0,0
BRDA:457,58,1,0
BRDA:463,59,0,0
BRDA:463,59,1,0
BRDA:469,60,0,0
BRDA:469,60,1,0
BRDA:475,61,0,0
BRDA:475,61,1,0
BRDA:482,62,0,0
BRDA:482,62,1,0
BRDA:482,62,2,0
BRDA:507,63,0,0
BRDA:507,63,1,0
BRDA:507,63,2,0
BRDA:567,64,0,0
BRDA:567,64,1,0
BRDA:571,65,0,0
BRDA:571,65,1,0
BRDA:581,66,0,0
BRDA:581,66,1,0
BRDA:632,67,0,0
BRDA:632,67,1,0
BRDA:633,68,0,0
BRDA:633,68,1,0
BRDA:660,69,0,0
BRDA:660,69,1,0
BRDA:674,70,0,0
BRDA:674,70,1,0
BRDA:699,71,0,0
BRDA:699,71,1,0
BRDA:709,72,0,0
BRDA:709,72,1,0
BRDA:709,73,0,0
BRDA:709,73,1,0
BRDA:712,74,0,0
BRDA:712,74,1,0
BRDA:722,75,0,0
BRDA:722,75,1,0
BRDA:761,76,0,0
BRDA:761,76,1,0
BRDA:777,77,0,0
BRDA:777,77,1,0
BRDA:871,78,0,0
BRDA:871,78,1,0
BRDA:898,79,0,0
BRDA:898,79,1,0
BRDA:944,80,0,0
BRDA:944,80,1,0
BRF:163
BRH:0
end_of_record
TN:
SF:app/admin/permissions.tsx
FN:21,PermissionsScreen
FN:31,(anonymous_1)
FN:36,(anonymous_2)
FN:42,(anonymous_3)
FN:46,(anonymous_4)
FN:58,(anonymous_5)
FN:72,(anonymous_6)
FN:87,(anonymous_7)
FN:99,(anonymous_8)
FN:107,(anonymous_9)
FN:109,(anonymous_10)
FN:115,(anonymous_11)
FN:118,(anonymous_12)
FN:130,(anonymous_13)
FN:141,(anonymous_14)
FN:174,(anonymous_15)
FN:193,(anonymous_16)
FNF:17
FNH:0
FNDA:0,PermissionsScreen
FNDA:0,(anonymous_1)
FNDA:0,(anonymous_2)
FNDA:0,(anonymous_3)
FNDA:0,(anonymous_4)
FNDA:0,(anonymous_5)
FNDA:0,(anonymous_6)
FNDA:0,(anonymous_7)
FNDA:0,(anonymous_8)
FNDA:0,(anonymous_9)
FNDA:0,(anonymous_10)
FNDA:0,(anonymous_11)
FNDA:0,(anonymous_12)
FNDA:0,(anonymous_13)
FNDA:0,(anonymous_14)
FNDA:0,(anonymous_15)
FNDA:0,(anonymous_16)
DA:22,0
DA:23,0
DA:24,0
DA:25,0
DA:26,0
DA:27,0
DA:28,0
DA:31,0
DA:32,0
DA:33,0
DA:36,0
DA:42,0
DA:43,0
DA:46,0
DA:47,0
DA:48,0
DA:49,0
DA:50,0
DA:52,0
DA:54,0
DA:58,0
DA:59,0
DA:60,0
DA:61,0
DA:62,0
DA:63,0
DA:65,0
DA:66,0
DA:68,0
DA:72,0
DA:73,0
DA:74,0
DA:75,0
DA:78,0
DA:79,0
DA:80,0
DA:81,0
DA:83,0
DA:87,0
DA:88,0
DA:90,0
DA:91,0
DA:92,0
DA:93,0
DA:95,0
DA:99,0
DA:100,0
DA:102,0
DA:103,0
DA:105,0
DA:108,0
DA:110,0
DA:115,0
DA:116,0
DA:117,0
DA:119,0
DA:123,0
DA:125,0
DA:131,0
DA:132,0
DA:142,0
DA:160,0
DA:161,0
DA:169,0
DA:174,0
DA:193,0
DA:227,0
LF:67
LH:0
BRDA:32,0,0,0
BRDA:32,0,1,0
BRDA:52,1,0,0
BRDA:52,1,1,0
BRDA:62,2,0,0
BRDA:62,2,1,0
BRDA:65,3,0,0
BRDA:65,3,1,0
BRDA:73,4,0,0
BRDA:73,4,1,0
BRDA:83,5,0,0
BRDA:83,5,1,0
BRDA:88,6,0,0
BRDA:88,6,1,0
BRDA:95,7,0,0
BRDA:95,7,1,0
BRDA:100,8,0,0
BRDA:100,8,1,0
BRDA:105,9,0,0
BRDA:105,9,1,0
BRDA:108,10,0,0
BRDA:108,10,1,0
BRDA:117,11,0,0
BRDA:117,11,1,0
BRDA:123,12,0,0
BRDA:123,12,1,0
BRDA:135,13,0,0
BRDA:135,13,1,0
BRDA:139,14,0,0
BRDA:139,14,1,0
BRDA:142,15,0,0
BRDA:142,15,1,0
BRDA:148,16,0,0
BRDA:148,16,1,0
BRDA:160,17,0,0
BRDA:160,17,1,0
BRDA:160,18,0,0
BRDA:160,18,1,0
BRDA:211,19,0,0
BRDA:211,19,1,0
BRDA:213,20,0,0
BRDA:213,20,1,0
BRF:42
BRH:0
end_of_record
TN:
SF:app/admin/reports.tsx
FN:26,ReportsScreen
FN:33,(anonymous_1)
FN:36,(anonymous_2)
FN:43,(anonymous_3)
FN:57,(anonymous_4)
FN:74,(anonymous_5)
FN:91,(anonymous_6)
FN:122,(anonymous_7)
FN:155,(anonymous_8)
FN:194,(anonymous_9)
FNF:10
FNH:0
FNDA:0,ReportsScreen
FNDA:0,(anonymous_1)
FNDA:0,(anonymous_2)
FNDA:0,(anonymous_3)
FNDA:0,(anonymous_4)
FNDA:0,(anonymous_5)
FNDA:0,(anonymous_6)
FNDA:0,(anonymous_7)
FNDA:0,(anonymous_8)
FNDA:0,(anonymous_9)
DA:17,0
DA:27,0
DA:28,0
DA:29,0
DA:30,0
DA:31,0
DA:33,0
DA:34,0
DA:35,0
DA:36,0
DA:38,0
DA:40,0
DA:43,0
DA:44,0
DA:45,0
DA:46,0
DA:47,0
DA:48,0
DA:51,0
DA:53,0
DA:57,0
DA:58,0
DA:59,0
DA:60,0
DA:61,0
DA:62,0
DA:68,0
DA:70,0
DA:74,0
DA:75,0
DA:77,0
DA:79,0
DA:81,0
DA:83,0
DA:85,0
DA:87,0
DA:91,0
DA:92,0
DA:94,0
DA:96,0
DA:98,0
DA:100,0
DA:102,0
DA:104,0
DA:108,0
DA:109,0
DA:117,0
DA:122,0
DA:156,0
DA:194,0
DA:215,0
LF:51
LH:0
BRDA:34,0,0,0
BRDA:34,0,1,0
BRDA:47,1,0,0
BRDA:47,1,1,0
BRDA:47,2,0,0
BRDA:47,2,1,0
BRDA:48,3,0,0
BRDA:48,3,1,0
BRDA:51,4,0,0
BRDA:51,4,1,0
BRDA:61,5,0,0
BRDA:61,5,1,0
BRDA:68,6,0,0
BRDA:68,6,1,0
BRDA:75,7,0,0
BRDA:75,7,1,0
BRDA:75,7,2,0
BRDA:75,7,3,0
BRDA:75,7,4,0
BRDA:75,7,5,0
BRDA:92,8,0,0
BRDA:92,8,1,0
BRDA:92,8,2,0
BRDA:92,8,3,0
BRDA:92,8,4,0
BRDA:92,8,5,0
BRDA:108,9,0,0
BRDA:108,9,1,0
BRDA:119,10,0,0
BRDA:119,10,1,0
BRDA:148,11,0,0
BRDA:148,11,1,0
BRDA:192,12,0,0
BRDA:192,12,1,0
BRDA:197,13,0,0
BRDA:197,13,1,0
BRDA:236,14,0,0
BRDA:236,14,1,0
BRDA:240,15,0,0
BRDA:240,15,1,0
BRDA:250,16,0,0
BRDA:250,16,1,0
BRDA:303,17,0,0
BRDA:303,17,1,0
BRF:44
BRH:0
end_of_record
TN:
SF:app/admin/security.tsx
FN:30,SecurityScreen
FN:46,(anonymous_1)
FN:51,(anonymous_2)
FN:59,(anonymous_3)
FN:63,(anonymous_4)
FN:79,(anonymous_5)
FN:80,(anonymous_6)
FN:84,(anonymous_7)
FN:85,(anonymous_8)
FN:89,(anonymous_9)
FN:93,(anonymous_10)
FN:118,(anonymous_11)
FN:122,(anonymous_12)
FN:161,(anonymous_13)
FN:188,(anonymous_14)
FN:200,(anonymous_15)
FN:219,(anonymous_16)
FN:236,(anonymous_17)
FN:260,(anonymous_18)
FN:282,(anonymous_19)
FN:292,(anonymous_20)
FN:311,(anonymous_21)
FN:323,(anonymous_22)
FN:340,(anonymous_23)
FN:350,(anonymous_24)
FN:385,(anonymous_25)
FN:402,(anonymous_26)
FN:428,(anonymous_27)
FN:432,(anonymous_28)
FNF:29
FNH:0
FNDA:0,SecurityScreen
FNDA:0,(anonymous_1)
FNDA:0,(anonymous_2)
FNDA:0,(anonymous_3)
FNDA:0,(anonymous_4)
FNDA:0,(anonymous_5)
FNDA:0,(anonymous_6)
FNDA:0,(anonymous_7)
FNDA:0,(anonymous_8)
FNDA:0,(anonymous_9)
FNDA:0,(anonymous_10)
FNDA:0,(anonymous_11)
FNDA:0,(anonymous_12)
FNDA:0,(anonymous_13)
FNDA:0,(anonymous_14)
FNDA:0,(anonymous_15)
FNDA:0,(anonymous_16)
FNDA:0,(anonymous_17)
FNDA:0,(anonymous_18)
FNDA:0,(anonymous_19)
FNDA:0,(anonymous_20)
FNDA:0,(anonymous_21)
FNDA:0,(anonymous_22)
FNDA:0,(anonymous_23)
FNDA:0,(anonymous_24)
FNDA:0,(anonymous_25)
FNDA:0,(anonymous_26)
FNDA:0,(anonymous_27)
FNDA:0,(anonymous_28)
DA:26,0
DA:27,0
DA:28,0
DA:31,0
DA:32,0
DA:33,0
DA:34,0
DA:35,0
DA:36,0
DA:37,0
DA:38,0
DA:39,0
DA:40,0
DA:41,0
DA:44,0
DA:46,0
DA:47,0
DA:48,0
DA:51,0
DA:53,0
DA:55,0
DA:58,0
DA:59,0
DA:63,0
DA:64,0
DA:65,0
DA:66,0
DA:68,0
DA:78,0
DA:79,0
DA:80,0
DA:84,0
DA:85,0
DA:89,0
DA:93,0
DA:99,0
DA:100,0
DA:101,0
DA:102,0
DA:103,0
DA:104,0
DA:105,0
DA:107,0
DA:109,0
DA:110,0
DA:113,0
DA:114,0
DA:118,0
DA:119,0
DA:122,0
DA:123,0
DA:125,0
DA:127,0
DA:162,0
DA:188,0
DA:189,0
DA:201,0
DA:219,0
DA:220,0
DA:222,0
DA:237,0
DA:261,0
DA:282,0
DA:283,0
DA:293,0
DA:311,0
DA:312,0
DA:324,0
DA:340,0
DA:341,0
DA:351,0
DA:371,0
DA:372,0
DA:380,0
DA:385,0
DA:402,0
DA:429,0
DA:432,0
DA:490,0
LF:79
LH:0
BRDA:47,0,0,0
BRDA:47,0,1,0
BRDA:63,1,0,0
BRDA:65,2,0,0
BRDA:65,2,1,0
BRDA:99,3,0,0
BRDA:99,3,1,0
BRDA:100,4,0,0
BRDA:100,4,1,0
BRDA:101,5,0,0
BRDA:101,5,1,0
BRDA:102,6,0,0
BRDA:102,6,1,0
BRDA:103,7,0,0
BRDA:103,7,1,0
BRDA:103,8,0,0
BRDA:103,8,1,0
BRDA:104,9,0,0
BRDA:104,9,1,0
BRDA:104,10,0,0
BRDA:104,10,1,0
BRDA:105,11,0,0
BRDA:105,11,1,0
BRDA:105,12,0,0
BRDA:105,12,1,0
BRDA:109,13,0,0
BRDA:109,13,1,0
BRDA:110,14,0,0
BRDA:110,14,1,0
BRDA:123,15,0,0
BRDA:123,15,1,0
BRDA:125,16,0,0
BRDA:125,16,1,0
BRDA:136,17,0,0
BRDA:136,17,1,0
BRDA:142,18,0,0
BRDA:142,18,1,0
BRDA:148,19,0,0
BRDA:148,19,1,0
BRDA:153,20,0,0
BRDA:153,20,1,0
BRDA:158,21,0,0
BRDA:158,21,1,0
BRDA:158,21,2,0
BRDA:165,22,0,0
BRDA:165,22,1,0
BRDA:167,23,0,0
BRDA:167,23,1,0
BRDA:194,24,0,0
BRDA:194,24,1,0
BRDA:205,25,0,0
BRDA:205,25,1,0
BRDA:208,26,0,0
BRDA:208,26,1,0
BRDA:220,27,0,0
BRDA:220,27,1,0
BRDA:229,28,0,0
BRDA:229,28,1,0
BRDA:229,28,2,0
BRDA:245,29,0,0
BRDA:245,29,1,0
BRDA:255,30,0,0
BRDA:255,30,1,0
BRDA:255,30,2,0
BRDA:268,31,0,0
BRDA:268,31,1,0
BRDA:288,32,0,0
BRDA:288,32,1,0
BRDA:317,33,0,0
BRDA:317,33,1,0
BRDA:346,34,0,0
BRDA:346,34,1,0
BRDA:371,35,0,0
BRDA:371,35,1,0
BRDA:371,36,0,0
BRDA:371,36,1,0
BRDA:382,37,0,0
BRDA:382,37,1,0
BRDA:389,38,0,0
BRDA:389,38,1,0
BRDA:409,39,0,0
BRDA:409,39,1,0
BRDA:431,40,0,0
BRDA:431,40,1,0
BRDA:437,41,0,0
BRDA:437,41,1,0
BRDA:442,42,0,0
BRDA:442,42,1,0
BRDA:455,43,0,0
BRDA:455,43,1,0
BRDA:466,44,0,0
BRDA:466,44,1,0
BRDA:467,45,0,0
BRDA:467,45,1,0
BRDA:468,46,0,0
BRDA:468,46,1,0
BRDA:469,47,0,0
BRDA:469,47,1,0
BRDA:470,48,0,0
BRDA:470,48,1,0
BRDA:471,49,0,0
BRDA:471,49,1,0
BRDA:511,50,0,0
BRDA:511,50,1,0
BRDA:515,51,0,0
BRDA:515,51,1,0
BRDA:525,52,0,0
BRDA:525,52,1,0
BRDA:601,53,0,0
BRDA:601,53,1,0
BRDA:602,54,0,0
BRDA:602,54,1,0
BRDA:630,55,0,0
BRDA:630,55,1,0
BRDA:630,56,0,0
BRDA:630,56,1,0
BRF:116
BRH:0
end_of_record
TN:
SF:app/admin/settings.tsx
FN:22,MasterSettingsScreen
FN:29,(anonymous_1)
FN:34,(anonymous_2)
FN:41,(anonymous_3)
FN:57,(anonymous_4)
FN:76,(anonymous_5)
FN:77,(anonymous_6)
FN:83,(anonymous_7)
FN:90,(anonymous_8)
FN:101,(anonymous_9)
FN:114,(anonymous_10)
FN:124,(anonymous_11)
FN:144,(anonymous_12)
FNF:13
FNH:0
FNDA:0,MasterSettingsScreen
FNDA:0,(anonymous_1)
FNDA:0,(anonymous_2)
FNDA:0,(anonymous_3)
FNDA:0,(anonymous_4)
FNDA:0,(anonymous_5)
FNDA:0,(anonymous_6)
FNDA:0,(anonymous_7)
FNDA:0,(anonymous_8)
FNDA:0,(anonymous_9)
FNDA:0,(anonymous_10)
FNDA:0,(anonymous_11)
FNDA:0,(anonymous_12)
DA:23,0
DA:24,0
DA:25,0
DA:26,0
DA:27,0
DA:29,0
DA:30,0
DA:31,0
DA:34,0
DA:36,0
DA:38,0
DA:41,0
DA:42,0
DA:43,0
DA:44,0
DA:45,0
DA:46,0
DA:48,0
DA:51,0
DA:53,0
DA:57,0
DA:58,0
DA:59,0
DA:60,0
DA:61,0
DA:62,0
DA:63,0
DA:64,0
DA:67,0
DA:70,0
DA:72,0
DA:76,0
DA:77,0
DA:83,0
DA:84,0
DA:90,0
DA:96,0
DA:102,0
DA:103,0
DA:114,0
DA:115,0
DA:124,0
DA:131,0
DA:132,0
DA:140,0
DA:144,0
DA:285,0
LF:47
LH:0
BRDA:30,0,0,0
BRDA:30,0,1,0
BRDA:45,1,0,0
BRDA:45,1,1,0
BRDA:51,2,0,0
BRDA:51,2,1,0
BRDA:61,3,0,0
BRDA:61,3,1,0
BRDA:63,4,0,0
BRDA:63,4,1,0
BRDA:70,5,0,0
BRDA:70,5,1,0
BRDA:93,6,0,0
BRDA:100,7,0,0
BRDA:100,7,1,0
BRDA:102,8,0,0
BRDA:102,8,1,0
BRDA:102,9,0,0
BRDA:102,9,1,0
BRDA:108,10,0,0
BRDA:108,10,1,0
BRDA:118,11,0,0
BRDA:118,11,1,0
BRDA:123,12,0,0
BRDA:123,12,1,0
BRDA:126,13,0,0
BRDA:126,13,1,0
BRDA:131,14,0,0
BRDA:131,14,1,0
BRDA:155,15,0,0
BRDA:155,15,1,0
BRDA:307,16,0,0
BRDA:307,16,1,0
BRF:33
BRH:0
end_of_record
TN:
SF:app/admin/sql-config.tsx
FN:24,SqlConfigScreen
FN:39,(anonymous_1)
FN:42,(anonymous_2)
FN:49,(anonymous_3)
FN:69,(anonymous_4)
FN:90,(anonymous_5)
FN:122,(anonymous_6)
FN:153,(anonymous_7)
FN:165,(anonymous_8)
FN:179,(anonymous_9)
FN:191,(anonymous_10)
FN:203,(anonymous_11)
FNF:12
FNH:0
FNDA:0,SqlConfigScreen
FNDA:0,(anonymous_1)
FNDA:0,(anonymous_2)
FNDA:0,(anonymous_3)
FNDA:0,(anonymous_4)
FNDA:0,(anonymous_5)
FNDA:0,(anonymous_6)
FNDA:0,(anonymous_7)
FNDA:0,(anonymous_8)
FNDA:0,(anonymous_9)
FNDA:0,(anonymous_10)
FNDA:0,(anonymous_11)
DA:22,0
DA:25,0
DA:26,0
DA:27,0
DA:28,0
DA:29,0
DA:30,0
DA:37,0
DA:39,0
DA:40,0
DA:41,0
DA:42,0
DA:44,0
DA:46,0
DA:49,0
DA:50,0
DA:51,0
DA:52,0
DA:53,0
DA:54,0
DA:63,0
DA:65,0
DA:69,0
DA:70,0
DA:71,0
DA:72,0
DA:73,0
DA:74,0
DA:75,0
DA:76,0
DA:78,0
DA:84,0
DA:86,0
DA:90,0
DA:91,0
DA:92,0
DA:93,0
DA:94,0
DA:95,0
DA:99,0
DA:102,0
DA:104,0
DA:108,0
DA:109,0
DA:117,0
DA:122,0
DA:153,0
DA:166,0
DA:179,0
DA:191,0
DA:203,0
DA:282,0
LF:52
LH:0
BRDA:40,0,0,0
BRDA:40,0,1,0
BRDA:53,1,0,0
BRDA:53,1,1,0
BRDA:53,2,0,0
BRDA:53,2,1,0
BRDA:55,3,0,0
BRDA:55,3,1,0
BRDA:56,4,0,0
BRDA:56,4,1,0
BRDA:57,5,0,0
BRDA:57,5,1,0
BRDA:58,6,0,0
BRDA:58,6,1,0
BRDA:63,7,0,0
BRDA:63,7,1,0
BRDA:75,8,0,0
BRDA:75,8,1,0
BRDA:80,9,0,0
BRDA:80,9,1,0
BRDA:84,10,0,0
BRDA:84,10,1,0
BRDA:94,11,0,0
BRDA:94,11,1,0
BRDA:102,12,0,0
BRDA:102,12,1,0
BRDA:108,13,0,0
BRDA:108,13,1,0
BRDA:119,14,0,0
BRDA:119,14,1,0
BRDA:166,15,0,0
BRDA:166,15,1,0
BRDA:210,16,0,0
BRDA:210,16,1,0
BRDA:215,17,0,0
BRDA:215,17,1,0
BRDA:222,18,0,0
BRDA:222,18,1,0
BRDA:224,19,0,0
BRDA:224,19,1,0
BRDA:229,20,0,0
BRDA:229,20,1,0
BRDA:241,21,0,0
BRDA:241,21,1,0
BRDA:241,21,2,0
BRDA:243,22,0,0
BRDA:243,22,1,0
BRDA:256,23,0,0
BRDA:256,23,1,0
BRDA:256,23,2,0
BRDA:258,24,0,0
BRDA:258,24,1,0
BRDA:303,25,0,0
BRDA:303,25,1,0
BRDA:307,26,0,0
BRDA:307,26,1,0
BRDA:317,27,0,0
BRDA:317,27,1,0
BRF:58
BRH:0
end_of_record
TN:
SF:app/staff/history.tsx
FN:27,HistoryScreen
FN:34,(anonymous_1)
FN:60,(anonymous_2)
FN:65,(anonymous_3)
FN:79,(anonymous_4)
FN:84,(anonymous_5)
FN:95,(anonymous_6)
FN:105,(anonymous_7)
FN:107,(anonymous_8)
FN:116,(anonymous_9)
FN:119,(anonymous_10)
FN:124,(anonymous_11)
FN:144,(anonymous_12)
FN:225,(anonymous_13)
FN:232,(anonymous_14)
FN:252,(anonymous_15)
FN:267,(anonymous_16)
FN:283,(anonymous_17)
FN:292,(anonymous_18)
FN:323,(anonymous_19)
FNF:20
FNH:0
FNDA:0,HistoryScreen
FNDA:0,(anonymous_1)
FNDA:0,(anonymous_2)
FNDA:0,(anonymous_3)
FNDA:0,(anonymous_4)
FNDA:0,(anonymous_5)
FNDA:0,(anonymous_6)
FNDA:0,(anonymous_7)
FNDA:0,(anonymous_8)
FNDA:0,(anonymous_9)
FNDA:0,(anonymous_10)
FNDA:0,(anonymous_11)
FNDA:0,(anonymous_12)
FNDA:0,(anonymous_13)
FNDA:0,(anonymous_14)
FNDA:0,(anonymous_15)
FNDA:0,(anonymous_16)
FNDA:0,(anonymous_17)
FNDA:0,(anonymous_18)
FNDA:0,(anonymous_19)
DA:28,0
DA:29,0
DA:31,0
DA:33,0
DA:34,0
DA:48,0
DA:49,0
DA:50,0
DA:51,0
DA:53,0
DA:56,0
DA:58,0
DA:60,0
DA:61,0
DA:62,0
DA:63,0
DA:65,0
DA:68,0
DA:69,0
DA:72,0
DA:73,0
DA:75,0
DA:79,0
DA:80,0
DA:84,0
DA:85,0
DA:86,0
DA:87,0
DA:88,0
DA:90,0
DA:95,0
DA:96,0
DA:97,0
DA:98,0
DA:100,0
DA:105,0
DA:106,0
DA:107,0
DA:108,0
DA:109,0
DA:111,0
DA:112,0
DA:115,0
DA:116,0
DA:119,0
DA:120,0
DA:121,0
DA:124,0
DA:125,0
DA:127,0
DA:128,0
DA:129,0
DA:130,0
DA:131,0
DA:133,0
DA:134,0
DA:138,0
DA:140,0
DA:144,0
DA:151,0
DA:153,0
DA:160,0
DA:208,0
DA:220,0
DA:221,0
DA:226,0
DA:227,0
DA:233,0
DA:234,0
DA:242,0
DA:245,0
DA:252,0
DA:267,0
DA:283,0
DA:293,0
DA:294,0
DA:295,0
DA:296,0
DA:297,0
DA:302,0
DA:324,0
DA:325,0
DA:336,0
LF:83
LH:0
BRDA:31,0,0,0
BRDA:31,0,1,0
BRDA:31,0,2,0
BRDA:64,1,0,0
BRDA:64,1,1,0
BRDA:68,2,0,0
BRDA:68,2,1,0
BRDA:68,3,0,0
BRDA:68,3,1,0
BRDA:73,4,0,0
BRDA:73,4,1,0
BRDA:85,5,0,0
BRDA:85,5,1,0
BRDA:86,6,0,0
BRDA:86,6,1,0
BRDA:87,7,0,0
BRDA:87,7,1,0
BRDA:106,8,0,0
BRDA:106,8,1,0
BRDA:106,9,0,0
BRDA:106,9,1,0
BRDA:108,10,0,0
BRDA:108,10,1,0
BRDA:108,11,0,0
BRDA:108,11,1,0
BRDA:111,12,0,0
BRDA:111,12,1,0
BRDA:111,13,0,0
BRDA:111,13,1,0
BRDA:125,14,0,0
BRDA:125,14,1,0
BRDA:129,15,0,0
BRDA:129,15,1,0
BRDA:136,16,0,0
BRDA:136,16,1,0
BRDA:138,17,0,0
BRDA:138,17,1,0
BRDA:151,18,0,0
BRDA:151,18,1,0
BRDA:153,19,0,0
BRDA:153,19,1,0
BRDA:155,20,0,0
BRDA:155,20,1,0
BRDA:163,21,0,0
BRDA:163,21,1,0
BRDA:167,22,0,0
BRDA:167,22,1,0
BRDA:172,23,0,0
BRDA:172,23,1,0
BRDA:177,24,0,0
BRDA:177,24,1,0
BRDA:181,25,0,0
BRDA:181,25,1,0
BRDA:186,26,0,0
BRDA:186,26,1,0
BRDA:191,27,0,0
BRDA:191,27,1,0
BRDA:198,28,0,0
BRDA:198,28,1,0
BRDA:208,29,0,0
BRDA:208,29,1,0
BRDA:220,30,0,0
BRDA:220,30,1,0
BRDA:220,31,0,0
BRDA:220,31,1,0
BRDA:226,32,0,0
BRDA:226,32,1,0
BRDA:233,33,0,0
BRDA:233,33,1,0
BRDA:258,34,0,0
BRDA:258,34,1,0
BRDA:258,35,0,0
BRDA:258,35,1,0
BRDA:273,36,0,0
BRDA:273,36,1,0
BRDA:290,37,0,0
BRDA:290,37,1,0
BRDA:296,38,0,0
BRDA:296,38,1,0
BRDA:299,39,0,0
BRDA:299,39,1,0
BRDA:308,40,0,0
BRDA:308,40,1,0
BRDA:313,41,0,0
BRDA:313,41,1,0
BRDA:329,42,0,0
BRDA:329,42,1,0
BRF:87
BRH:0
end_of_record
TN:
SF:app/staff/home.tsx
FN:37,StaffHome
FN:66,(anonymous_1)
FN:80,(anonymous_2)
FN:87,(anonymous_3)
FN:97,(anonymous_4)
FN:103,(anonymous_5)
FN:113,(anonymous_6)
FN:142,(anonymous_7)
FN:147,(anonymous_8)
FN:381,(anonymous_9)
FN:383,(anonymous_10)
FN:388,(anonymous_11)
FN:396,(anonymous_12)
FN:397,(anonymous_13)
FN:484,(anonymous_14)
FN:497,(anonymous_15)
FN:560,(anonymous_16)
FN:569,(anonymous_17)
FN:572,(anonymous_18)
FN:596,(anonymous_19)
FNF:20
FNH:0
FNDA:0,StaffHome
FNDA:0,(anonymous_1)
FNDA:0,(anonymous_2)
FNDA:0,(anonymous_3)
FNDA:0,(anonymous_4)
FNDA:0,(anonymous_5)
FNDA:0,(anonymous_6)
FNDA:0,(anonymous_7)
FNDA:0,(anonymous_8)
FNDA:0,(anonymous_9)
FNDA:0,(anonymous_10)
FNDA:0,(anonymous_11)
FNDA:0,(anonymous_12)
FNDA:0,(anonymous_13)
FNDA:0,(anonymous_14)
FNDA:0,(anonymous_15)
FNDA:0,(anonymous_16)
FNDA:0,(anonymous_17)
FNDA:0,(anonymous_18)
FNDA:0,(anonymous_19)
DA:38,0
DA:39,0
DA:40,0
DA:43,0
DA:44,0
DA:45,0
DA:47,0
DA:48,0
DA:50,0
DA:51,0
DA:52,0
DA:59,0
DA:63,0
DA:66,0
DA:67,0
DA:68,0
DA:69,0
DA:70,0
DA:72,0
DA:73,0
DA:74,0
DA:75,0
DA:76,0
DA:80,0
DA:81,0
DA:82,0
DA:87,0
DA:88,0
DA:89,0
DA:90,0
DA:91,0
DA:93,0
DA:97,0
DA:98,0
DA:104,0
DA:105,0
DA:106,0
DA:107,0
DA:113,0
DA:114,0
DA:116,0
DA:117,0
DA:121,0
DA:124,0
DA:125,0
DA:126,0
DA:130,0
DA:131,0
DA:132,0
DA:133,0
DA:135,0
DA:136,0
DA:138,0
DA:142,0
DA:143,0
DA:146,0
DA:148,0
DA:381,0
DA:382,0
DA:383,0
DA:388,0
DA:389,0
DA:396,0
DA:397,0
DA:402,0
DA:485,0
DA:490,0
DA:497,0
DA:561,0
DA:570,0
DA:573,0
DA:597,0
DA:598,0
DA:599,0
DA:601,0
LF:75
LH:0
BRDA:63,0,0,0
BRDA:63,0,1,0
BRDA:67,1,0,0
BRDA:67,1,1,0
BRDA:72,2,0,0
BRDA:72,2,1,0
BRDA:73,3,0,0
BRDA:73,3,1,0
BRDA:75,4,0,0
BRDA:75,4,1,0
BRDA:81,5,0,0
BRDA:81,5,1,0
BRDA:81,6,0,0
BRDA:81,6,1,0
BRDA:116,7,0,0
BRDA:116,7,1,0
BRDA:116,8,0,0
BRDA:116,8,1,0
BRDA:119,9,0,0
BRDA:119,9,1,0
BRDA:157,10,0,0
BRDA:157,10,1,0
BRDA:234,11,0,0
BRDA:234,11,1,0
BRDA:237,12,0,0
BRDA:237,12,1,0
BRDA:250,13,0,0
BRDA:250,13,1,0
BRDA:268,14,0,0
BRDA:268,14,1,0
BRDA:325,15,0,0
BRDA:325,15,1,0
BRDA:383,16,0,0
BRDA:383,16,1,0
BRDA:390,17,0,0
BRDA:390,17,1,0
BRDA:392,18,0,0
BRDA:392,18,1,0
BRDA:394,19,0,0
BRDA:394,19,1,0
BRDA:395,20,0,0
BRDA:395,20,1,0
BRDA:396,21,0,0
BRDA:396,21,1,0
BRDA:397,22,0,0
BRDA:397,22,1,0
BRDA:415,23,0,0
BRDA:415,23,1,0
BRDA:422,24,0,0
BRDA:422,24,1,0
BRDA:456,25,0,0
BRDA:456,25,1,0
BRDA:495,26,0,0
BRDA:495,26,1,0
BRDA:502,27,0,0
BRDA:502,27,1,0
BRDA:552,28,0,0
BRDA:552,28,1,0
BRDA:558,29,0,0
BRDA:558,29,1,0
BRDA:562,30,0,0
BRDA:562,30,1,0
BRDA:563,31,0,0
BRDA:563,31,1,0
BRDA:567,32,0,0
BRDA:567,32,1,0
BRDA:568,33,0,0
BRDA:568,33,1,0
BRDA:570,34,0,0
BRDA:570,34,1,0
BRDA:573,35,0,0
BRDA:573,35,1,0
BRDA:597,36,0,0
BRDA:597,36,1,0
BRDA:599,37,0,0
BRDA:599,37,1,0
BRDA:609,38,0,0
BRDA:609,38,1,0
BRF:78
BRH:0
end_of_record
TN:
SF:app/staff/scan.tsx
FN:109,(anonymous_0)
FN:117,ScanScreen
FN:129,(anonymous_2)
FN:139,(anonymous_3)
FN:141,(anonymous_4)
FN:147,(anonymous_5)
FN:148,(anonymous_6)
FN:163,(anonymous_7)
FN:237,(anonymous_8)
FN:238,(anonymous_9)
FN:250,(anonymous_10)
FN:263,(anonymous_11)
FN:265,(anonymous_12)
FN:271,(anonymous_13)
FN:277,(anonymous_14)
FN:328,(anonymous_15)
FN:335,(anonymous_16)
FN:374,(anonymous_17)
FN:394,(anonymous_18)
FN:407,(anonymous_19)
FN:418,(anonymous_20)
FN:434,(anonymous_21)
FN:449,(anonymous_22)
FN:465,(anonymous_23)
FN:475,(anonymous_24)
FN:491,(anonymous_25)
FN:494,(anonymous_26)
FN:510,(anonymous_27)
FN:513,(anonymous_28)
FN:521,(anonymous_29)
FN:552,(anonymous_30)
FN:574,(anonymous_31)
FN:607,(anonymous_32)
FN:617,(anonymous_33)
FN:646,(anonymous_34)
FN:654,(anonymous_35)
FN:664,(anonymous_36)
FN:668,(anonymous_37)
FN:685,(anonymous_38)
FN:734,(anonymous_39)
FN:767,(anonymous_40)
FN:828,(anonymous_41)
FN:841,(anonymous_42)
FN:924,(anonymous_43)
FN:926,(anonymous_44)
FN:927,(anonymous_45)
FN:942,(anonymous_46)
FN:943,(anonymous_47)
FN:1040,(anonymous_48)
FN:1048,(anonymous_49)
FN:1066,(anonymous_50)
FN:1073,(anonymous_51)
FN:1080,(anonymous_52)
FN:1101,(anonymous_53)
FN:1114,(anonymous_54)
FN:1134,(anonymous_55)
FN:1154,(anonymous_56)
FN:1172,(anonymous_57)
FN:1188,(anonymous_58)
FN:1197,(anonymous_59)
FN:1233,(anonymous_60)
FN:1257,(anonymous_61)
FN:1285,(anonymous_62)
FN:1307,(anonymous_63)
FN:1335,(anonymous_64)
FN:1372,(anonymous_65)
FN:1373,(anonymous_66)
FN:1424,(anonymous_67)
FN:1437,(anonymous_68)
FN:1441,(anonymous_69)
FN:1441,(anonymous_70)
FN:1467,(anonymous_71)
FN:1498,(anonymous_72)
FN:1512,(anonymous_73)
FN:1520,(anonymous_74)
FN:1528,(anonymous_75)
FN:1536,(anonymous_76)
FN:1543,(anonymous_77)
FN:1556,(anonymous_78)
FN:1558,(anonymous_79)
FN:1584,(anonymous_80)
FN:1612,(anonymous_81)
FN:1641,(anonymous_82)
FN:1648,(anonymous_83)
FN:1661,(anonymous_84)
FN:1670,(anonymous_85)
FN:1676,(anonymous_86)
FN:1729,(anonymous_87)
FN:1742,(anonymous_88)
FN:1748,(anonymous_89)
FNF:90
FNH:0
FNDA:0,(anonymous_0)
FNDA:0,ScanScreen
FNDA:0,(anonymous_2)
FNDA:0,(anonymous_3)
FNDA:0,(anonymous_4)
FNDA:0,(anonymous_5)
FNDA:0,(anonymous_6)
FNDA:0,(anonymous_7)
FNDA:0,(anonymous_8)
FNDA:0,(anonymous_9)
FNDA:0,(anonymous_10)
FNDA:0,(anonymous_11)
FNDA:0,(anonymous_12)
FNDA:0,(anonymous_13)
FNDA:0,(anonymous_14)
FNDA:0,(anonymous_15)
FNDA:0,(anonymous_16)
FNDA:0,(anonymous_17)
FNDA:0,(anonymous_18)
FNDA:0,(anonymous_19)
FNDA:0,(anonymous_20)
FNDA:0,(anonymous_21)
FNDA:0,(anonymous_22)
FNDA:0,(anonymous_23)
FNDA:0,(anonymous_24)
FNDA:0,(anonymous_25)
FNDA:0,(anonymous_26)
FNDA:0,(anonymous_27)
FNDA:0,(anonymous_28)
FNDA:0,(anonymous_29)
FNDA:0,(anonymous_30)
FNDA:0,(anonymous_31)
FNDA:0,(anonymous_32)
FNDA:0,(anonymous_33)
FNDA:0,(anonymous_34)
FNDA:0,(anonymous_35)
FNDA:0,(anonymous_36)
FNDA:0,(anonymous_37)
FNDA:0,(anonymous_38)
FNDA:0,(anonymous_39)
FNDA:0,(anonymous_40)
FNDA:0,(anonymous_41)
FNDA:0,(anonymous_42)
FNDA:0,(anonymous_43)
FNDA:0,(anonymous_44)
FNDA:0,(anonymous_45)
FNDA:0,(anonymous_46)
FNDA:0,(anonymous_47)
FNDA:0,(anonymous_48)
FNDA:0,(anonymous_49)
FNDA:0,(anonymous_50)
FNDA:0,(anonymous_51)
FNDA:0,(anonymous_52)
FNDA:0,(anonymous_53)
FNDA:0,(anonymous_54)
FNDA:0,(anonymous_55)
FNDA:0,(anonymous_56)
FNDA:0,(anonymous_57)
FNDA:0,(anonymous_58)
FNDA:0,(anonymous_59)
FNDA:0,(anonymous_60)
FNDA:0,(anonymous_61)
FNDA:0,(anonymous_62)
FNDA:0,(anonymous_63)
FNDA:0,(anonymous_64)
FNDA:0,(anonymous_65)
FNDA:0,(anonymous_66)
FNDA:0,(anonymous_67)
FNDA:0,(anonymous_68)
FNDA:0,(anonymous_69)
FNDA:0,(anonymous_70)
FNDA:0,(anonymous_71)
FNDA:0,(anonymous_72)
FNDA:0,(anonymous_73)
FNDA:0,(anonymous_74)
FNDA:0,(anonymous_75)
FNDA:0,(anonymous_76)
FNDA:0,(anonymous_77)
FNDA:0,(anonymous_78)
FNDA:0,(anonymous_79)
FNDA:0,(anonymous_80)
FNDA:0,(anonymous_81)
FNDA:0,(anonymous_82)
FNDA:0,(anonymous_83)
FNDA:0,(anonymous_84)
FNDA:0,(anonymous_85)
FNDA:0,(anonymous_86)
FNDA:0,(anonymous_87)
FNDA:0,(anonymous_88)
FNDA:0,(anonymous_89)
DA:74,0
DA:75,0
DA:76,0
DA:80,0
DA:88,0
DA:100,0
DA:109,0
DA:110,0
DA:111,0
DA:112,0
DA:113,0
DA:114,0
DA:118,0
DA:119,0
DA:122,0
DA:123,0
DA:124,0
DA:125,0
DA:126,0
DA:129,0
DA:130,0
DA:133,0
DA:134,0
DA:135,0
DA:138,0
DA:139,0
DA:140,0
DA:141,0
DA:147,0
DA:148,0
DA:149,0
DA:150,0
DA:151,0
DA:152,0
DA:154,0
DA:158,0
DA:163,0
DA:164,0
DA:165,0
DA:170,0
DA:171,0
DA:172,0
DA:173,0
DA:176,0
DA:177,0
DA:180,0
DA:181,0
DA:182,0
DA:183,0
DA:184,0
DA:185,0
DA:186,0
DA:187,0
DA:188,0
DA:191,0
DA:192,0
DA:193,0
DA:194,0
DA:195,0
DA:198,0
DA:199,0
DA:200,0
DA:201,0
DA:202,0
DA:203,0
DA:204,0
DA:205,0
DA:206,0
DA:213,0
DA:215,0
DA:216,0
DA:219,0
DA:220,0
DA:221,0
DA:222,0
DA:225,0
DA:226,0
DA:227,0
DA:228,0
DA:229,0
DA:230,0
DA:233,0
DA:234,0
DA:237,0
DA:238,0
DA:239,0
DA:240,0
DA:241,0
DA:243,0
DA:246,0
DA:250,0
DA:251,0
DA:252,0
DA:253,0
DA:254,0
DA:256,0
DA:258,0
DA:263,0
DA:264,0
DA:265,0
DA:266,0
DA:267,0
DA:268,0
DA:270,0
DA:271,0
DA:272,0
DA:277,0
DA:278,0
DA:279,0
DA:280,0
DA:281,0
DA:283,0
DA:284,0
DA:286,0
DA:287,0
DA:288,0
DA:289,0
DA:290,0
DA:293,0
DA:294,0
DA:295,0
DA:299,0
DA:309,0
DA:310,0
DA:312,0
DA:313,0
DA:314,0
DA:318,0
DA:320,0
DA:321,0
DA:322,0
DA:325,0
DA:328,0
DA:329,0
DA:335,0
DA:336,0
DA:337,0
DA:338,0
DA:339,0
DA:340,0
DA:341,0
DA:342,0
DA:343,0
DA:344,0
DA:345,0
DA:346,0
DA:347,0
DA:348,0
DA:349,0
DA:350,0
DA:351,0
DA:352,0
DA:353,0
DA:354,0
DA:355,0
DA:356,0
DA:357,0
DA:359,0
DA:360,0
DA:361,0
DA:362,0
DA:363,0
DA:364,0
DA:365,0
DA:366,0
DA:367,0
DA:368,0
DA:369,0
DA:370,0
DA:374,0
DA:375,0
DA:377,0
DA:378,0
DA:379,0
DA:380,0
DA:383,0
DA:384,0
DA:385,0
DA:387,0
DA:389,0
DA:395,0
DA:396,0
DA:401,0
DA:403,0
DA:407,0
DA:408,0
DA:409,0
DA:411,0
DA:416,0
DA:417,0
DA:418,0
DA:419,0
DA:420,0
DA:421,0
DA:422,0
DA:423,0
DA:425,0
DA:426,0
DA:427,0
DA:428,0
DA:430,0
DA:431,0
DA:432,0
DA:433,0
DA:434,0
DA:435,0
DA:436,0
DA:437,0
DA:438,0
DA:440,0
DA:441,0
DA:443,0
DA:446,0
DA:449,0
DA:452,0
DA:453,0
DA:454,0
DA:455,0
DA:457,0
DA:460,0
DA:461,0
DA:462,0
DA:465,0
DA:466,0
DA:467,0
DA:468,0
DA:469,0
DA:471,0
DA:472,0
DA:475,0
DA:476,0
DA:478,0
DA:479,0
DA:481,0
DA:482,0
DA:483,0
DA:484,0
DA:485,0
DA:487,0
DA:488,0
DA:491,0
DA:494,0
DA:497,0
DA:498,0
DA:499,0
DA:501,0
DA:502,0
DA:503,0
DA:506,0
DA:510,0
DA:514,0
DA:515,0
DA:516,0
DA:522,0
DA:523,0
DA:528,0
DA:531,0
DA:535,0
DA:537,0
DA:538,0
DA:539,0
DA:542,0
DA:543,0
DA:544,0
DA:545,0
DA:547,0
DA:552,0
DA:554,0
DA:556,0
DA:557,0
DA:562,0
DA:563,0
DA:566,0
DA:567,0
DA:574,0
DA:575,0
DA:578,0
DA:579,0
DA:580,0
DA:583,0
DA:587,0
DA:588,0
DA:591,0
DA:592,0
DA:593,0
DA:597,0
DA:601,0
DA:602,0
DA:603,0
DA:607,0
DA:608,0
DA:609,0
DA:610,0
DA:618,0
DA:619,0
DA:620,0
DA:645,0
DA:646,0
DA:653,0
DA:654,0
DA:663,0
DA:664,0
DA:668,0
DA:671,0
DA:676,0
DA:678,0
DA:679,0
DA:682,0
DA:683,0
DA:688,0
DA:690,0
DA:696,0
DA:697,0
DA:698,0
DA:702,0
DA:704,0
DA:705,0
DA:706,0
DA:710,0
DA:711,0
DA:719,0
DA:724,0
DA:734,0
DA:735,0
DA:739,0
DA:741,0
DA:744,0
DA:745,0
DA:753,0
DA:754,0
DA:763,0
DA:767,0
DA:776,0
DA:777,0
DA:780,0
DA:781,0
DA:791,0
DA:829,0
DA:841,0
DA:924,0
DA:926,0
DA:928,0
DA:929,0
DA:930,0
DA:935,0
DA:936,0
DA:937,0
DA:938,0
DA:939,0
DA:940,0
DA:943,0
DA:1040,0
DA:1049,0
DA:1050,0
DA:1051,0
DA:1052,0
DA:1066,0
DA:1074,0
DA:1080,0
DA:1101,0
DA:1114,0
DA:1134,0
DA:1154,0
DA:1172,0
DA:1188,0
DA:1198,0
DA:1199,0
DA:1200,0
DA:1201,0
DA:1233,0
DA:1258,0
DA:1259,0
DA:1260,0
DA:1261,0
DA:1285,0
DA:1307,0
DA:1335,0
DA:1372,0
DA:1373,0
DA:1425,0
DA:1426,0
DA:1427,0
DA:1438,0
DA:1441,0
DA:1467,0
DA:1498,0
DA:1512,0
DA:1520,0
DA:1528,0
DA:1536,0
DA:1543,0
DA:1556,0
DA:1558,0
DA:1585,0
DA:1586,0
DA:1587,0
DA:1588,0
DA:1613,0
DA:1614,0
DA:1615,0
DA:1642,0
DA:1648,0
DA:1661,0
DA:1670,0
DA:1677,0
DA:1678,0
DA:1679,0
DA:1730,0
DA:1742,0
DA:1749,0
DA:1750,0
DA:1764,0
LF:412
LH:0
BRDA:74,0,0,0
BRDA:74,0,1,0
BRDA:75,1,0,0
BRDA:75,1,1,0
BRDA:110,2,0,0
BRDA:110,2,1,0
BRDA:110,3,0,0
BRDA:110,3,1,0
BRDA:111,4,0,0
BRDA:111,4,1,0
BRDA:111,5,0,0
BRDA:111,5,1,0
BRDA:112,6,0,0
BRDA:112,6,1,0
BRDA:112,7,0,0
BRDA:112,7,1,0
BRDA:113,8,0,0
BRDA:113,8,1,0
BRDA:119,9,0,0
BRDA:119,9,1,0
BRDA:149,10,0,0
BRDA:149,10,1,0
BRDA:164,11,0,0
BRDA:164,11,1,0
BRDA:165,12,0,0
BRDA:165,12,1,0
BRDA:241,13,0,0
BRDA:241,13,1,0
BRDA:251,14,0,0
BRDA:251,14,1,0
BRDA:253,15,0,0
BRDA:253,15,1,0
BRDA:266,16,0,0
BRDA:266,16,1,0
BRDA:266,17,0,0
BRDA:266,17,1,0
BRDA:268,18,0,0
BRDA:268,18,1,0
BRDA:286,19,0,0
BRDA:286,19,1,0
BRDA:287,20,0,0
BRDA:287,20,1,0
BRDA:294,21,0,0
BRDA:294,21,1,0
BRDA:321,22,0,0
BRDA:321,22,1,0
BRDA:322,23,0,0
BRDA:322,23,1,0
BRDA:375,24,0,0
BRDA:375,24,1,0
BRDA:375,25,0,0
BRDA:375,25,1,0
BRDA:378,26,0,0
BRDA:378,26,1,0
BRDA:378,27,0,0
BRDA:378,27,1,0
BRDA:385,28,0,0
BRDA:385,28,1,0
BRDA:391,29,0,0
BRDA:391,29,1,0
BRDA:401,30,0,0
BRDA:401,30,1,0
BRDA:408,31,0,0
BRDA:408,31,1,0
BRDA:419,32,0,0
BRDA:419,32,1,0
BRDA:421,33,0,0
BRDA:421,33,1,0
BRDA:425,34,0,0
BRDA:425,34,1,0
BRDA:425,35,0,0
BRDA:425,35,1,0
BRDA:437,36,0,0
BRDA:437,36,1,0
BRDA:443,37,0,0
BRDA:443,37,1,0
BRDA:453,38,0,0
BRDA:453,38,1,0
BRDA:467,39,0,0
BRDA:467,39,1,0
BRDA:476,40,0,0
BRDA:476,40,1,0
BRDA:485,41,0,0
BRDA:485,41,1,0
BRDA:487,42,0,0
BRDA:487,42,1,0
BRDA:497,43,0,0
BRDA:497,43,1,0
BRDA:497,44,0,0
BRDA:497,44,1,0
BRDA:501,45,0,0
BRDA:501,45,1,0
BRDA:501,46,0,0
BRDA:501,46,1,0
BRDA:508,47,0,0
BRDA:508,47,1,0
BRDA:542,48,0,0
BRDA:542,48,1,0
BRDA:544,49,0,0
BRDA:544,49,1,0
BRDA:558,50,0,0
BRDA:558,50,1,0
BRDA:558,51,0,0
BRDA:558,51,1,0
BRDA:559,52,0,0
BRDA:559,52,1,0
BRDA:562,53,0,0
BRDA:562,53,1,0
BRDA:563,54,0,0
BRDA:563,54,1,0
BRDA:575,55,0,0
BRDA:575,55,1,0
BRDA:578,56,0,0
BRDA:578,56,1,0
BRDA:578,57,0,0
BRDA:578,57,1,0
BRDA:578,57,2,0
BRDA:583,58,0,0
BRDA:583,58,1,0
BRDA:584,59,0,0
BRDA:584,59,1,0
BRDA:584,59,2,0
BRDA:584,59,3,0
BRDA:591,60,0,0
BRDA:591,60,1,0
BRDA:592,61,0,0
BRDA:592,61,1,0
BRDA:601,62,0,0
BRDA:601,62,1,0
BRDA:601,63,0,0
BRDA:601,63,1,0
BRDA:614,64,0,0
BRDA:614,64,1,0
BRDA:615,65,0,0
BRDA:615,65,1,0
BRDA:616,66,0,0
BRDA:616,66,1,0
BRDA:618,67,0,0
BRDA:618,67,1,0
BRDA:619,68,0,0
BRDA:619,68,1,0
BRDA:619,69,0,0
BRDA:619,69,1,0
BRDA:620,70,0,0
BRDA:620,70,1,0
BRDA:620,70,2,0
BRDA:623,71,0,0
BRDA:623,71,1,0
BRDA:632,72,0,0
BRDA:632,72,1,0
BRDA:633,73,0,0
BRDA:633,73,1,0
BRDA:634,74,0,0
BRDA:634,74,1,0
BRDA:635,75,0,0
BRDA:635,75,1,0
BRDA:637,76,0,0
BRDA:637,76,1,0
BRDA:638,77,0,0
BRDA:638,77,1,0
BRDA:639,78,0,0
BRDA:639,78,1,0
BRDA:640,79,0,0
BRDA:640,79,1,0
BRDA:641,80,0,0
BRDA:641,80,1,0
BRDA:642,81,0,0
BRDA:642,81,1,0
BRDA:645,82,0,0
BRDA:645,82,1,0
BRDA:663,83,0,0
BRDA:663,83,1,0
BRDA:663,84,0,0
BRDA:663,84,1,0
BRDA:663,84,2,0
BRDA:663,84,3,0
BRDA:663,84,4,0
BRDA:672,85,0,0
BRDA:672,85,1,0
BRDA:682,86,0,0
BRDA:682,86,1,0
BRDA:696,87,0,0
BRDA:696,87,1,0
BRDA:699,88,0,0
BRDA:699,88,1,0
BRDA:699,88,2,0
BRDA:702,89,0,0
BRDA:702,89,1,0
BRDA:702,90,0,0
BRDA:702,90,1,0
BRDA:704,91,0,0
BRDA:704,91,1,0
BRDA:704,92,0,0
BRDA:704,92,1,0
BRDA:710,93,0,0
BRDA:710,93,1,0
BRDA:737,94,0,0
BRDA:737,94,1,0
BRDA:744,95,0,0
BRDA:744,95,1,0
BRDA:744,96,0,0
BRDA:744,96,1,0
BRDA:753,97,0,0
BRDA:753,97,1,0
BRDA:753,98,0,0
BRDA:753,98,1,0
BRDA:753,98,2,0
BRDA:776,99,0,0
BRDA:776,99,1,0
BRDA:776,100,0,0
BRDA:776,100,1,0
BRDA:780,101,0,0
BRDA:780,101,1,0
BRDA:780,102,0,0
BRDA:780,102,1,0
BRDA:780,102,2,0
BRDA:801,103,0,0
BRDA:801,103,1,0
BRDA:803,104,0,0
BRDA:803,104,1,0
BRDA:810,105,0,0
BRDA:810,105,1,0
BRDA:810,105,2,0
BRDA:834,106,0,0
BRDA:834,106,1,0
BRDA:851,107,0,0
BRDA:851,107,1,0
BRDA:868,108,0,0
BRDA:868,108,1,0
BRDA:884,109,0,0
BRDA:884,109,1,0
BRDA:884,109,2,0
BRDA:908,110,0,0
BRDA:908,110,1,0
BRDA:914,111,0,0
BRDA:914,111,1,0
BRDA:931,112,0,0
BRDA:931,112,1,0
BRDA:931,113,0,0
BRDA:931,113,1,0
BRDA:932,114,0,0
BRDA:932,114,1,0
BRDA:935,115,0,0
BRDA:935,115,1,0
BRDA:936,116,0,0
BRDA:936,116,1,0
BRDA:963,117,0,0
BRDA:963,117,1,0
BRDA:974,118,0,0
BRDA:974,118,1,0
BRDA:990,119,0,0
BRDA:990,119,1,0
BRDA:994,120,0,0
BRDA:994,120,1,0
BRDA:994,120,2,0
BRDA:1001,121,0,0
BRDA:1001,121,1,0
BRDA:1006,122,0,0
BRDA:1006,122,1,0
BRDA:1011,123,0,0
BRDA:1011,123,1,0
BRDA:1018,124,0,0
BRDA:1018,124,1,0
BRDA:1018,125,0,0
BRDA:1018,125,1,0
BRDA:1051,126,0,0
BRDA:1051,126,1,0
BRDA:1078,127,0,0
BRDA:1078,127,1,0
BRDA:1084,128,0,0
BRDA:1084,128,1,0
BRDA:1103,129,0,0
BRDA:1103,129,1,0
BRDA:1112,130,0,0
BRDA:1112,130,1,0
BRDA:1121,131,0,0
BRDA:1121,131,1,0
BRDA:1125,132,0,0
BRDA:1125,132,1,0
BRDA:1132,133,0,0
BRDA:1132,133,1,0
BRDA:1141,134,0,0
BRDA:1141,134,1,0
BRDA:1145,135,0,0
BRDA:1145,135,1,0
BRDA:1152,136,0,0
BRDA:1152,136,1,0
BRDA:1157,137,0,0
BRDA:1157,137,1,0
BRDA:1159,138,0,0
BRDA:1159,138,1,0
BRDA:1164,139,0,0
BRDA:1164,139,1,0
BRDA:1170,140,0,0
BRDA:1170,140,1,0
BRDA:1177,141,0,0
BRDA:1177,141,1,0
BRDA:1179,142,0,0
BRDA:1179,142,1,0
BRDA:1186,143,0,0
BRDA:1186,143,1,0
BRDA:1200,144,0,0
BRDA:1200,144,1,0
BRDA:1211,145,0,0
BRDA:1211,145,1,0
BRDA:1213,146,0,0
BRDA:1213,146,1,0
BRDA:1243,147,0,0
BRDA:1243,147,1,0
BRDA:1249,148,0,0
BRDA:1249,148,1,0
BRDA:1258,149,0,0
BRDA:1258,149,1,0
BRDA:1260,150,0,0
BRDA:1260,150,1,0
BRDA:1290,151,0,0
BRDA:1290,151,1,0
BRDA:1294,152,0,0
BRDA:1294,152,1,0
BRDA:1312,153,0,0
BRDA:1312,153,1,0
BRDA:1316,154,0,0
BRDA:1316,154,1,0
BRDA:1339,155,0,0
BRDA:1339,155,1,0
BRDA:1374,156,0,0
BRDA:1374,156,1,0
BRDA:1381,157,0,0
BRDA:1381,157,1,0
BRDA:1387,158,0,0
BRDA:1387,158,1,0
BRDA:1403,159,0,0
BRDA:1403,159,1,0
BRDA:1407,160,0,0
BRDA:1407,160,1,0
BRDA:1412,161,0,0
BRDA:1412,161,1,0
BRDA:1425,162,0,0
BRDA:1425,162,1,0
BRDA:1425,163,0,0
BRDA:1425,163,1,0
BRDA:1435,164,0,0
BRDA:1435,164,1,0
BRDA:1465,165,0,0
BRDA:1465,165,1,0
BRDA:1465,165,2,0
BRDA:1465,165,3,0
BRDA:1468,166,0,0
BRDA:1468,166,1,0
BRDA:1468,166,2,0
BRDA:1468,166,3,0
BRDA:1472,167,0,0
BRDA:1472,167,1,0
BRDA:1486,168,0,0
BRDA:1486,168,1,0
BRDA:1538,169,0,0
BRDA:1538,169,1,0
BRDA:1550,170,0,0
BRDA:1550,170,1,0
BRDA:1565,171,0,0
BRDA:1565,171,1,0
BRDA:1565,171,2,0
BRDA:1573,172,0,0
BRDA:1573,172,1,0
BRDA:1573,173,0,0
BRDA:1573,173,1,0
BRDA:1587,174,0,0
BRDA:1587,174,1,0
BRDA:1597,175,0,0
BRDA:1597,175,1,0
BRDA:1597,175,2,0
BRDA:1601,176,0,0
BRDA:1601,176,1,0
BRDA:1601,177,0,0
BRDA:1601,177,1,0
BRDA:1623,178,0,0
BRDA:1623,178,1,0
BRDA:1623,178,2,0
BRDA:1646,179,0,0
BRDA:1646,179,1,0
BRDA:1650,180,0,0
BRDA:1650,180,1,0
BRDA:1655,181,0,0
BRDA:1655,181,1,0
BRDA:1660,182,0,0
BRDA:1660,182,1,0
BRDA:1677,183,0,0
BRDA:1677,183,1,0
BRDA:1709,184,0,0
BRDA:1709,184,1,0
BRDA:1714,185,0,0
BRDA:1714,185,1,0
BRDA:1714,186,0,0
BRDA:1714,186,1,0
BRDA:1717,187,0,0
BRDA:1717,187,1,0
BRDA:1720,188,0,0
BRDA:1720,188,1,0
BRDA:1721,189,0,0
BRDA:1721,189,1,0
BRDA:1725,190,0,0
BRDA:1725,190,1,0
BRF:402
BRH:0
end_of_record
TN:
SF:app/supervisor/activity-logs.tsx
FN:35,ActivityLogsScreen
FN:48,(anonymous_1)
FN:55,(anonymous_2)
FN:68,(anonymous_3)
FN:79,(anonymous_4)
FN:84,(anonymous_5)
FN:91,(anonymous_6)
FN:99,(anonymous_7)
FN:104,(anonymous_8)
FN:117,(anonymous_9)
FN:138,(anonymous_10)
FN:232,(anonymous_11)
FNF:12
FNH:0
FNDA:0,ActivityLogsScreen
FNDA:0,(anonymous_1)
FNDA:0,(anonymous_2)
FNDA:0,(anonymous_3)
FNDA:0,(anonymous_4)
FNDA:0,(anonymous_5)
FNDA:0,(anonymous_6)
FNDA:0,(anonymous_7)
FNDA:0,(anonymous_8)
FNDA:0,(anonymous_9)
FNDA:0,(anonymous_10)
FNDA:0,(anonymous_11)
DA:36,0
DA:37,0
DA:38,0
DA:40,0
DA:41,0
DA:42,0
DA:43,0
DA:44,0
DA:45,0
DA:47,0
DA:49,0
DA:50,0
DA:51,0
DA:52,0
DA:53,0
DA:55,0
DA:57,0
DA:59,0
DA:61,0
DA:62,0
DA:68,0
DA:69,0
DA:70,0
DA:71,0
DA:72,0
DA:74,0
DA:75,0
DA:79,0
DA:80,0
DA:81,0
DA:84,0
DA:85,0
DA:86,0
DA:87,0
DA:88,0
DA:91,0
DA:92,0
DA:93,0
DA:94,0
DA:95,0
DA:99,0
DA:100,0
DA:101,0
DA:104,0
DA:105,0
DA:107,0
DA:109,0
DA:111,0
DA:113,0
DA:117,0
DA:118,0
DA:128,0
DA:131,0
DA:138,0
DA:233,0
DA:340,0
LF:56
LH:0
BRDA:48,0,0,0
BRDA:52,1,0,0
BRDA:52,1,1,0
BRDA:53,2,0,0
BRDA:53,2,1,0
BRDA:55,3,0,0
BRDA:55,3,1,0
BRDA:57,4,0,0
BRDA:57,4,1,0
BRDA:92,5,0,0
BRDA:92,5,1,0
BRDA:92,6,0,0
BRDA:92,6,1,0
BRDA:105,7,0,0
BRDA:105,7,1,0
BRDA:105,7,2,0
BRDA:105,7,3,0
BRDA:107,8,0,0
BRDA:107,8,1,0
BRDA:109,9,0,0
BRDA:109,9,1,0
BRDA:111,10,0,0
BRDA:111,10,1,0
BRDA:128,11,0,0
BRDA:128,11,1,0
BRDA:148,12,0,0
BRDA:148,12,1,0
BRDA:163,13,0,0
BRDA:163,13,1,0
BRDA:176,14,0,0
BRDA:176,14,1,0
BRDA:189,15,0,0
BRDA:189,15,1,0
BRDA:205,16,0,0
BRDA:205,16,1,0
BRDA:205,17,0,0
BRDA:205,17,1,0
BRDA:217,18,0,0
BRDA:217,18,1,0
BRDA:286,19,0,0
BRDA:286,19,1,0
BRDA:293,20,0,0
BRDA:293,20,1,0
BRDA:297,21,0,0
BRDA:297,21,1,0
BRDA:304,22,0,0
BRDA:304,22,1,0
BRDA:304,23,0,0
BRDA:304,23,1,0
BRDA:317,24,0,0
BRDA:317,24,1,0
BRDA:326,25,0,0
BRDA:326,25,1,0
BRF:53
BRH:0
end_of_record
TN:
SF:app/supervisor/dashboard.tsx
FN:40,SupervisorDashboard
FN:92,(anonymous_1)
FN:103,(anonymous_2)
FN:107,(anonymous_3)
FN:130,(anonymous_4)
FN:179,(anonymous_5)
FN:183,(anonymous_6)
FN:188,(anonymous_7)
FN:202,(anonymous_8)
FN:225,(anonymous_9)
FN:231,(anonymous_10)
FN:235,(anonymous_11)
FN:240,(anonymous_12)
FN:254,(anonymous_13)
FN:261,(anonymous_14)
FN:271,(anonymous_15)
FN:272,(anonymous_16)
FN:276,(anonymous_17)
FN:280,(anonymous_18)
FN:292,(anonymous_19)
FN:332,(anonymous_20)
FN:340,(anonymous_21)
FN:348,(anonymous_22)
FN:361,(anonymous_23)
FN:369,(anonymous_24)
FN:442,(anonymous_25)
FN:452,(anonymous_26)
FN:453,(anonymous_27)
FN:577,(anonymous_28)
FN:583,(anonymous_29)
FN:613,(anonymous_30)
FN:617,(anonymous_31)
FN:671,(anonymous_32)
FN:705,(anonymous_33)
FN:711,(anonymous_34)
FN:720,(anonymous_35)
FN:727,(anonymous_36)
FN:752,(anonymous_37)
FN:759,(anonymous_38)
FN:785,(anonymous_39)
FN:806,(anonymous_40)
FN:835,(anonymous_41)
FN:845,(anonymous_42)
FN:862,(anonymous_43)
FN:868,(anonymous_44)
FN:993,(anonymous_45)
FN:1024,(anonymous_46)
FN:1047,(anonymous_47)
FN:1072,(anonymous_48)
FN:1078,(anonymous_49)
FN:1110,(anonymous_50)
FN:1132,(anonymous_51)
FN:1155,(anonymous_52)
FN:1182,(anonymous_53)
FN:1184,(anonymous_54)
FN:1203,(anonymous_55)
FNF:56
FNH:0
FNDA:0,SupervisorDashboard
FNDA:0,(anonymous_1)
FNDA:0,(anonymous_2)
FNDA:0,(anonymous_3)
FNDA:0,(anonymous_4)
FNDA:0,(anonymous_5)
FNDA:0,(anonymous_6)
FNDA:0,(anonymous_7)
FNDA:0,(anonymous_8)
FNDA:0,(anonymous_9)
FNDA:0,(anonymous_10)
FNDA:0,(anonymous_11)
FNDA:0,(anonymous_12)
FNDA:0,(anonymous_13)
FNDA:0,(anonymous_14)
FNDA:0,(anonymous_15)
FNDA:0,(anonymous_16)
FNDA:0,(anonymous_17)
FNDA:0,(anonymous_18)
FNDA:0,(anonymous_19)
FNDA:0,(anonymous_20)
FNDA:0,(anonymous_21)
FNDA:0,(anonymous_22)
FNDA:0,(anonymous_23)
FNDA:0,(anonymous_24)
FNDA:0,(anonymous_25)
FNDA:0,(anonymous_26)
FNDA:0,(anonymous_27)
FNDA:0,(anonymous_28)
FNDA:0,(anonymous_29)
FNDA:0,(anonymous_30)
FNDA:0,(anonymous_31)
FNDA:0,(anonymous_32)
FNDA:0,(anonymous_33)
FNDA:0,(anonymous_34)
FNDA:0,(anonymous_35)
FNDA:0,(anonymous_36)
FNDA:0,(anonymous_37)
FNDA:0,(anonymous_38)
FNDA:0,(anonymous_39)
FNDA:0,(anonymous_40)
FNDA:0,(anonymous_41)
FNDA:0,(anonymous_42)
FNDA:0,(anonymous_43)
FNDA:0,(anonymous_44)
FNDA:0,(anonymous_45)
FNDA:0,(anonymous_46)
FNDA:0,(anonymous_47)
FNDA:0,(anonymous_48)
FNDA:0,(anonymous_49)
FNDA:0,(anonymous_50)
FNDA:0,(anonymous_51)
FNDA:0,(anonymous_52)
FNDA:0,(anonymous_53)
FNDA:0,(anonymous_54)
FNDA:0,(anonymous_55)
DA:41,0
DA:43,0
DA:45,0
DA:46,0
DA:47,0
DA:48,0
DA:62,0
DA:63,0
DA:64,0
DA:65,0
DA:68,0
DA:69,0
DA:70,0
DA:71,0
DA:72,0
DA:73,0
DA:76,0
DA:79,0
DA:80,0
DA:83,0
DA:84,0
DA:87,0
DA:91,0
DA:93,0
DA:94,0
DA:96,0
DA:99,0
DA:101,0
DA:102,0
DA:103,0
DA:107,0
DA:108,0
DA:109,0
DA:111,0
DA:114,0
DA:116,0
DA:118,0
DA:120,0
DA:121,0
DA:123,0
DA:126,0
DA:129,0
DA:131,0
DA:132,0
DA:133,0
DA:134,0
DA:136,0
DA:137,0
DA:139,0
DA:140,0
DA:141,0
DA:142,0
DA:144,0
DA:146,0
DA:162,0
DA:167,0
DA:169,0
DA:170,0
DA:172,0
DA:173,0
DA:179,0
DA:180,0
DA:183,0
DA:184,0
DA:185,0
DA:188,0
DA:189,0
DA:191,0
DA:192,0
DA:193,0
DA:194,0
DA:196,0
DA:198,0
DA:202,0
DA:203,0
DA:205,0
DA:206,0
DA:207,0
DA:212,0
DA:213,0
DA:214,0
DA:215,0
DA:216,0
DA:217,0
DA:219,0
DA:221,0
DA:225,0
DA:226,0
DA:227,0
DA:230,0
DA:232,0
DA:233,0
DA:236,0
DA:237,0
DA:238,0
DA:241,0
DA:242,0
DA:243,0
DA:246,0
DA:248,0
DA:250,0
DA:254,0
DA:255,0
DA:256,0
DA:261,0
DA:262,0
DA:263,0
DA:264,0
DA:266,0
DA:268,0
DA:271,0
DA:272,0
DA:273,0
DA:276,0
DA:277,0
DA:280,0
DA:283,0
DA:285,0
DA:293,0
DA:294,0
DA:295,0
DA:299,0
DA:303,0
DA:304,0
DA:305,0
DA:307,0
DA:309,0
DA:317,0
DA:332,0
DA:340,0
DA:348,0
DA:361,0
DA:369,0
DA:443,0
DA:452,0
DA:453,0
DA:577,0
DA:583,0
DA:614,0
DA:617,0
DA:671,0
DA:705,0
DA:711,0
DA:721,0
DA:727,0
DA:753,0
DA:759,0
DA:785,0
DA:806,0
DA:836,0
DA:837,0
DA:838,0
DA:846,0
DA:847,0
DA:862,0
DA:868,0
DA:994,0
DA:1025,0
DA:1048,0
DA:1072,0
DA:1078,0
DA:1110,0
DA:1132,0
DA:1155,0
DA:1183,0
DA:1184,0
DA:1186,0
DA:1187,0
DA:1203,0
DA:1224,0
LF:170
LH:0
BRDA:92,0,0,0
BRDA:101,1,0,0
BRDA:101,1,1,0
BRDA:109,2,0,0
BRDA:109,2,1,0
BRDA:109,2,2,0
BRDA:123,3,0,0
BRDA:123,3,1,0
BRDA:132,4,0,0
BRDA:132,4,1,0
BRDA:133,5,0,0
BRDA:133,5,1,0
BRDA:134,6,0,0
BRDA:134,6,1,0
BRDA:136,7,0,0
BRDA:136,7,1,0
BRDA:137,8,0,0
BRDA:137,8,1,0
BRDA:139,9,0,0
BRDA:139,9,1,0
BRDA:139,10,0,0
BRDA:139,10,1,0
BRDA:141,11,0,0
BRDA:141,11,1,0
BRDA:141,12,0,0
BRDA:141,12,1,0
BRDA:144,13,0,0
BRDA:144,13,1,0
BRDA:163,14,0,0
BRDA:163,14,1,0
BRDA:189,15,0,0
BRDA:189,15,1,0
BRDA:203,16,0,0
BRDA:203,16,1,0
BRDA:203,17,0,0
BRDA:203,17,1,0
BRDA:232,18,0,0
BRDA:232,18,1,0
BRDA:236,19,0,0
BRDA:236,19,1,0
BRDA:237,20,0,0
BRDA:237,20,1,0
BRDA:242,21,0,0
BRDA:242,21,1,0
BRDA:255,22,0,0
BRDA:255,22,1,0
BRDA:263,23,0,0
BRDA:263,23,1,0
BRDA:283,24,0,0
BRDA:283,24,1,0
BRDA:352,25,0,0
BRDA:352,25,1,0
BRDA:373,26,0,0
BRDA:373,26,1,0
BRDA:428,27,0,0
BRDA:428,27,1,0
BRDA:428,28,0,0
BRDA:428,28,1,0
BRDA:433,29,0,0
BRDA:433,29,1,0
BRDA:447,30,0,0
BRDA:447,30,1,0
BRDA:449,31,0,0
BRDA:449,31,1,0
BRDA:456,32,0,0
BRDA:456,32,1,0
BRDA:460,33,0,0
BRDA:460,33,1,0
BRDA:466,34,0,0
BRDA:466,34,1,0
BRDA:484,35,0,0
BRDA:484,35,1,0
BRDA:484,35,2,0
BRDA:490,36,0,0
BRDA:490,36,1,0
BRDA:509,37,0,0
BRDA:509,37,1,0
BRDA:517,38,0,0
BRDA:517,38,1,0
BRDA:519,39,0,0
BRDA:519,39,1,0
BRDA:550,40,0,0
BRDA:550,40,1,0
BRDA:557,41,0,0
BRDA:557,41,1,0
BRDA:607,42,0,0
BRDA:607,42,1,0
BRDA:611,43,0,0
BRDA:611,43,1,0
BRDA:678,44,0,0
BRDA:678,44,1,0
BRDA:683,45,0,0
BRDA:683,45,1,0
BRDA:725,46,0,0
BRDA:725,46,1,0
BRDA:732,47,0,0
BRDA:732,47,1,0
BRDA:757,48,0,0
BRDA:757,48,1,0
BRDA:764,49,0,0
BRDA:764,49,1,0
BRDA:769,50,0,0
BRDA:769,50,1,0
BRDA:783,51,0,0
BRDA:783,51,1,0
BRDA:790,52,0,0
BRDA:790,52,1,0
BRDA:795,53,0,0
BRDA:795,53,1,0
BRDA:804,54,0,0
BRDA:804,54,1,0
BRDA:811,55,0,0
BRDA:811,55,1,0
BRDA:816,56,0,0
BRDA:816,56,1,0
BRDA:873,57,0,0
BRDA:873,57,1,0
BRDA:880,58,0,0
BRDA:880,58,1,0
BRDA:992,59,0,0
BRDA:992,59,1,0
BRDA:1008,60,0,0
BRDA:1008,60,1,0
BRDA:1023,61,0,0
BRDA:1023,61,1,0
BRDA:1045,62,0,0
BRDA:1045,62,1,0
BRDA:1172,63,0,0
BRDA:1172,63,1,0
BRDA:1186,64,0,0
BRDA:1186,64,1,0
BRDA:1191,65,0,0
BRDA:1191,65,1,0
BRDA:1194,66,0,0
BRDA:1194,66,1,0
BRDA:1199,67,0,0
BRDA:1199,67,1,0
BRF:137
BRH:0
end_of_record
TN:
SF:app/supervisor/db-mapping.tsx
FN:65,DatabaseMappingScreen
FN:91,(anonymous_1)
FN:129,(anonymous_2)
FN:137,(anonymous_3)
FN:143,(anonymous_4)
FN:163,(anonymous_5)
FN:168,(anonymous_6)
FN:184,(anonymous_7)
FN:196,(anonymous_8)
FN:226,(anonymous_9)
FN:231,(anonymous_10)
FN:239,(anonymous_11)
FN:256,(anonymous_12)
FN:303,(anonymous_13)
FN:310,(anonymous_14)
FN:311,(anonymous_15)
FN:314,(anonymous_16)
FN:361,(anonymous_17)
FN:511,(anonymous_18)
FN:520,(anonymous_19)
FN:550,(anonymous_20)
FN:572,(anonymous_21)
FN:636,(anonymous_22)
FN:648,(anonymous_23)
FN:650,(anonymous_24)
FN:656,(anonymous_25)
FN:663,(anonymous_26)
FNF:27
FNH:0
FNDA:0,DatabaseMappingScreen
FNDA:0,(anonymous_1)
FNDA:0,(anonymous_2)
FNDA:0,(anonymous_3)
FNDA:0,(anonymous_4)
FNDA:0,(anonymous_5)
FNDA:0,(anonymous_6)
FNDA:0,(anonymous_7)
FNDA:0,(anonymous_8)
FNDA:0,(anonymous_9)
FNDA:0,(anonymous_10)
FNDA:0,(anonymous_11)
FNDA:0,(anonymous_12)
FNDA:0,(anonymous_13)
FNDA:0,(anonymous_14)
FNDA:0,(anonymous_15)
FNDA:0,(anonymous_16)
FNDA:0,(anonymous_17)
FNDA:0,(anonymous_18)
FNDA:0,(anonymous_19)
FNDA:0,(anonymous_20)
FNDA:0,(anonymous_21)
FNDA:0,(anonymous_22)
FNDA:0,(anonymous_23)
FNDA:0,(anonymous_24)
FNDA:0,(anonymous_25)
FNDA:0,(anonymous_26)
DA:54,0
DA:66,0
DA:67,0
DA:68,0
DA:71,0
DA:72,0
DA:73,0
DA:74,0
DA:75,0
DA:76,0
DA:79,0
DA:80,0
DA:81,0
DA:82,0
DA:83,0
DA:86,0
DA:87,0
DA:91,0
DA:92,0
DA:94,0
DA:95,0
DA:96,0
DA:97,0
DA:98,0
DA:99,0
DA:100,0
DA:101,0
DA:102,0
DA:103,0
DA:107,0
DA:111,0
DA:112,0
DA:113,0
DA:114,0
DA:115,0
DA:116,0
DA:118,0
DA:119,0
DA:120,0
DA:121,0
DA:122,0
DA:123,0
DA:125,0
DA:129,0
DA:130,0
DA:131,0
DA:132,0
DA:134,0
DA:135,0
DA:136,0
DA:138,0
DA:143,0
DA:147,0
DA:149,0
DA:150,0
DA:153,0
DA:154,0
DA:159,0
DA:163,0
DA:164,0
DA:165,0
DA:168,0
DA:169,0
DA:170,0
DA:171,0
DA:174,0
DA:175,0
DA:176,0
DA:184,0
DA:185,0
DA:187,0
DA:192,0
DA:196,0
DA:197,0
DA:198,0
DA:199,0
DA:202,0
DA:203,0
DA:204,0
DA:205,0
DA:214,0
DA:215,0
DA:217,0
DA:222,0
DA:226,0
DA:227,0
DA:228,0
DA:231,0
DA:232,0
DA:233,0
DA:234,0
DA:237,0
DA:239,0
DA:241,0
DA:251,0
DA:252,0
DA:253,0
DA:256,0
DA:257,0
DA:258,0
DA:259,0
DA:262,0
DA:263,0
DA:264,0
DA:267,0
DA:268,0
DA:269,0
DA:277,0
DA:286,0
DA:287,0
DA:294,0
DA:299,0
DA:303,0
DA:304,0
DA:305,0
DA:306,0
DA:310,0
DA:311,0
DA:312,0
DA:313,0
DA:314,0
DA:317,0
DA:320,0
DA:321,0
DA:322,0
DA:330,0
DA:331,0
DA:333,0
DA:334,0
DA:335,0
DA:336,0
DA:337,0
DA:338,0
DA:339,0
DA:341,0
DA:342,0
DA:345,0
DA:350,0
DA:354,0
DA:361,0
DA:512,0
DA:520,0
DA:551,0
DA:552,0
DA:572,0
DA:636,0
DA:648,0
DA:650,0
DA:657,0
DA:663,0
DA:697,0
LF:151
LH:0
BRDA:96,0,0,0
BRDA:96,0,1,0
BRDA:97,1,0,0
BRDA:97,1,1,0
BRDA:98,2,0,0
BRDA:98,2,1,0
BRDA:99,3,0,0
BRDA:99,3,1,0
BRDA:100,4,0,0
BRDA:100,4,1,0
BRDA:101,5,0,0
BRDA:101,5,1,0
BRDA:102,6,0,0
BRDA:102,6,1,0
BRDA:102,7,0,0
BRDA:102,7,1,0
BRDA:118,8,0,0
BRDA:118,8,1,0
BRDA:119,9,0,0
BRDA:119,9,1,0
BRDA:120,10,0,0
BRDA:120,10,1,0
BRDA:121,11,0,0
BRDA:121,11,1,0
BRDA:122,12,0,0
BRDA:122,12,1,0
BRDA:123,13,0,0
BRDA:123,13,1,0
BRDA:132,14,0,0
BRDA:132,14,1,0
BRDA:132,15,0,0
BRDA:132,15,1,0
BRDA:134,16,0,0
BRDA:134,16,1,0
BRDA:140,17,0,0
BRDA:140,17,1,0
BRDA:141,18,0,0
BRDA:141,18,1,0
BRDA:143,19,0,0
BRDA:143,19,1,0
BRDA:149,20,0,0
BRDA:149,20,1,0
BRDA:153,21,0,0
BRDA:153,21,1,0
BRDA:169,22,0,0
BRDA:169,22,1,0
BRDA:169,23,0,0
BRDA:169,23,1,0
BRDA:178,24,0,0
BRDA:178,24,1,0
BRDA:180,25,0,0
BRDA:180,25,1,0
BRDA:181,26,0,0
BRDA:181,26,1,0
BRDA:188,27,0,0
BRDA:188,27,1,0
BRDA:197,28,0,0
BRDA:197,28,1,0
BRDA:197,29,0,0
BRDA:197,29,1,0
BRDA:207,30,0,0
BRDA:207,30,1,0
BRDA:210,31,0,0
BRDA:210,31,1,0
BRDA:211,32,0,0
BRDA:211,32,1,0
BRDA:218,33,0,0
BRDA:218,33,1,0
BRDA:232,34,0,0
BRDA:232,34,1,0
BRDA:239,35,0,0
BRDA:239,35,1,0
BRDA:257,36,0,0
BRDA:257,36,1,0
BRDA:257,37,0,0
BRDA:257,37,1,0
BRDA:262,38,0,0
BRDA:262,38,1,0
BRDA:280,39,0,0
BRDA:280,39,1,0
BRDA:282,40,0,0
BRDA:282,40,1,0
BRDA:283,41,0,0
BRDA:283,41,1,0
BRDA:286,42,0,0
BRDA:286,42,1,0
BRDA:296,43,0,0
BRDA:296,43,1,0
BRDA:304,44,0,0
BRDA:304,44,1,0
BRDA:312,45,0,0
BRDA:312,45,1,0
BRDA:331,46,0,0
BRDA:331,46,1,0
BRDA:336,47,0,0
BRDA:336,47,1,0
BRDA:337,48,0,0
BRDA:337,48,1,0
BRDA:346,49,0,0
BRDA:346,49,1,0
BRDA:492,50,0,0
BRDA:492,50,1,0
BRDA:504,51,0,0
BRDA:504,51,1,0
BRDA:516,52,0,0
BRDA:516,52,1,0
BRDA:524,53,0,0
BRDA:524,53,1,0
BRDA:528,54,0,0
BRDA:528,54,1,0
BRDA:542,55,0,0
BRDA:542,55,1,0
BRDA:542,55,2,0
BRDA:559,56,0,0
BRDA:559,56,1,0
BRDA:567,57,0,0
BRDA:567,57,1,0
BRDA:578,58,0,0
BRDA:578,58,1,0
BRDA:584,59,0,0
BRDA:584,59,1,0
BRDA:602,60,0,0
BRDA:602,60,1,0
BRDA:678,61,0,0
BRDA:678,61,1,0
BRDA:679,62,0,0
BRDA:679,62,1,0
BRF:127
BRH:0
end_of_record
TN:
SF:app/supervisor/error-logs.tsx
FN:51,ErrorLogsScreen
FN:73,(anonymous_1)
FN:87,(anonymous_2)
FN:103,(anonymous_3)
FN:112,(anonymous_4)
FN:117,(anonymous_5)
FN:124,(anonymous_6)
FN:132,(anonymous_7)
FN:142,(anonymous_8)
FN:160,(anonymous_9)
FN:165,(anonymous_10)
FN:180,(anonymous_11)
FN:202,(anonymous_12)
FN:308,(anonymous_13)
FN:316,(anonymous_14)
FN:324,(anonymous_15)
FN:344,(anonymous_16)
FN:358,(anonymous_17)
FN:372,(anonymous_18)
FN:411,(anonymous_19)
FN:418,(anonymous_20)
FN:536,(anonymous_21)
FN:549,(anonymous_22)
FN:705,(anonymous_23)
FN:719,(anonymous_24)
FN:737,(anonymous_25)
FN:750,(anonymous_26)
FN:803,(anonymous_27)
FNF:28
FNH:0
FNDA:0,ErrorLogsScreen
FNDA:0,(anonymous_1)
FNDA:0,(anonymous_2)
FNDA:0,(anonymous_3)
FNDA:0,(anonymous_4)
FNDA:0,(anonymous_5)
FNDA:0,(anonymous_6)
FNDA:0,(anonymous_7)
FNDA:0,(anonymous_8)
FNDA:0,(anonymous_9)
FNDA:0,(anonymous_10)
FNDA:0,(anonymous_11)
FNDA:0,(anonymous_12)
FNDA:0,(anonymous_13)
FNDA:0,(anonymous_14)
FNDA:0,(anonymous_15)
FNDA:0,(anonymous_16)
FNDA:0,(anonymous_17)
FNDA:0,(anonymous_18)
FNDA:0,(anonymous_19)
FNDA:0,(anonymous_20)
FNDA:0,(anonymous_21)
FNDA:0,(anonymous_22)
FNDA:0,(anonymous_23)
FNDA:0,(anonymous_24)
FNDA:0,(anonymous_25)
FNDA:0,(anonymous_26)
FNDA:0,(anonymous_27)
DA:52,0
DA:53,0
DA:54,0
DA:56,0
DA:57,0
DA:58,0
DA:59,0
DA:60,0
DA:61,0
DA:62,0
DA:63,0
DA:64,0
DA:65,0
DA:66,0
DA:67,0
DA:72,0
DA:74,0
DA:75,0
DA:76,0
DA:84,0
DA:85,0
DA:87,0
DA:92,0
DA:94,0
DA:96,0
DA:97,0
DA:103,0
DA:104,0
DA:105,0
DA:106,0
DA:108,0
DA:112,0
DA:113,0
DA:114,0
DA:117,0
DA:118,0
DA:119,0
DA:120,0
DA:121,0
DA:124,0
DA:125,0
DA:126,0
DA:127,0
DA:128,0
DA:132,0
DA:133,0
DA:134,0
DA:135,0
DA:136,0
DA:138,0
DA:142,0
DA:143,0
DA:145,0
DA:146,0
DA:147,0
DA:148,0
DA:149,0
DA:150,0
DA:151,0
DA:152,0
DA:154,0
DA:156,0
DA:160,0
DA:161,0
DA:162,0
DA:165,0
DA:166,0
DA:168,0
DA:170,0
DA:172,0
DA:174,0
DA:176,0
DA:180,0
DA:181,0
DA:183,0
DA:185,0
DA:187,0
DA:189,0
DA:191,0
DA:195,0
DA:202,0
DA:308,0
DA:317,0
DA:324,0
DA:344,0
DA:358,0
DA:372,0
DA:412,0
DA:418,0
DA:536,0
DA:549,0
DA:706,0
DA:707,0
DA:719,0
DA:737,0
DA:750,0
DA:804,0
DA:805,0
DA:822,0
LF:99
LH:0
BRDA:73,0,0,0
BRDA:79,1,0,0
BRDA:79,1,1,0
BRDA:84,2,0,0
BRDA:84,2,1,0
BRDA:85,3,0,0
BRDA:85,3,1,0
BRDA:89,4,0,0
BRDA:89,4,1,0
BRDA:92,5,0,0
BRDA:92,5,1,0
BRDA:125,6,0,0
BRDA:125,6,1,0
BRDA:125,7,0,0
BRDA:125,7,1,0
BRDA:143,8,0,0
BRDA:143,8,1,0
BRDA:166,9,0,0
BRDA:166,9,1,0
BRDA:166,9,2,0
BRDA:166,9,3,0
BRDA:166,9,4,0
BRDA:181,10,0,0
BRDA:181,10,1,0
BRDA:181,10,2,0
BRDA:181,10,3,0
BRDA:181,10,4,0
BRDA:212,11,0,0
BRDA:212,11,1,0
BRDA:227,12,0,0
BRDA:227,12,1,0
BRDA:240,13,0,0
BRDA:240,13,1,0
BRDA:253,14,0,0
BRDA:253,14,1,0
BRDA:266,15,0,0
BRDA:266,15,1,0
BRDA:285,16,0,0
BRDA:285,16,1,0
BRDA:306,17,0,0
BRDA:306,17,1,0
BRDA:322,18,0,0
BRDA:322,18,1,0
BRDA:342,19,0,0
BRDA:342,19,1,0
BRDA:356,20,0,0
BRDA:356,20,1,0
BRDA:370,21,0,0
BRDA:370,21,1,0
BRDA:384,22,0,0
BRDA:384,22,1,0
BRDA:384,23,0,0
BRDA:384,23,1,0
BRDA:396,24,0,0
BRDA:396,24,1,0
BRDA:473,25,0,0
BRDA:473,25,1,0
BRDA:483,26,0,0
BRDA:483,26,1,0
BRDA:495,27,0,0
BRDA:495,27,1,0
BRDA:511,28,0,0
BRDA:511,28,1,0
BRDA:520,29,0,0
BRDA:520,29,1,0
BRDA:554,30,0,0
BRDA:554,30,1,0
BRDA:588,31,0,0
BRDA:588,31,1,0
BRDA:622,32,0,0
BRDA:622,32,1,0
BRDA:640,33,0,0
BRDA:640,33,1,0
BRDA:658,34,0,0
BRDA:658,34,1,0
BRDA:681,35,0,0
BRDA:681,35,1,0
BRDA:681,35,2,0
BRDA:702,36,0,0
BRDA:702,36,1,0
BRDA:702,36,2,0
BRDA:787,37,0,0
BRDA:787,37,1,0
BRF:83
BRH:0
end_of_record
TN:
SF:app/supervisor/export-results.tsx
FN:33,ExportResultsScreen
FN:41,(anonymous_1)
FN:49,(anonymous_2)
FN:57,(anonymous_3)
FN:70,(anonymous_4)
FN:100,(anonymous_5)
FN:113,(anonymous_6)
FN:120,(anonymous_7)
FN:167,(anonymous_8)
FN:199,(anonymous_9)
FN:210,(anonymous_10)
FN:217,(anonymous_11)
FNF:12
FNH:0
FNDA:0,ExportResultsScreen
FNDA:0,(anonymous_1)
FNDA:0,(anonymous_2)
FNDA:0,(anonymous_3)
FNDA:0,(anonymous_4)
FNDA:0,(anonymous_5)
FNDA:0,(anonymous_6)
FNDA:0,(anonymous_7)
FNDA:0,(anonymous_8)
FNDA:0,(anonymous_9)
FNDA:0,(anonymous_10)
FNDA:0,(anonymous_11)
DA:34,0
DA:35,0
DA:36,0
DA:37,0
DA:38,0
DA:39,0
DA:41,0
DA:42,0
DA:46,0
DA:49,0
DA:51,0
DA:53,0
DA:57,0
DA:58,0
DA:59,0
DA:60,0
DA:61,0
DA:62,0
DA:64,0
DA:66,0
DA:70,0
DA:71,0
DA:72,0
DA:73,0
DA:76,0
DA:77,0
DA:78,0
DA:79,0
DA:80,0
DA:81,0
DA:82,0
DA:83,0
DA:84,0
DA:85,0
DA:88,0
DA:94,0
DA:96,0
DA:100,0
DA:101,0
DA:103,0
DA:105,0
DA:107,0
DA:109,0
DA:113,0
DA:114,0
DA:115,0
DA:116,0
DA:117,0
DA:120,0
DA:121,0
DA:168,0
DA:185,0
DA:186,0
DA:194,0
DA:199,0
DA:211,0
DA:217,0
DA:247,0
LF:58
LH:0
BRDA:42,0,0,0
BRDA:42,0,1,0
BRDA:43,1,0,0
BRDA:43,1,1,0
BRDA:60,2,0,0
BRDA:60,2,1,0
BRDA:62,3,0,0
BRDA:62,3,1,0
BRDA:64,4,0,0
BRDA:64,4,1,0
BRDA:76,5,0,0
BRDA:76,5,1,0
BRDA:94,6,0,0
BRDA:94,6,1,0
BRDA:101,7,0,0
BRDA:101,7,1,0
BRDA:101,7,2,0
BRDA:101,7,3,0
BRDA:114,8,0,0
BRDA:114,8,1,0
BRDA:116,9,0,0
BRDA:116,9,1,0
BRDA:138,10,0,0
BRDA:138,10,1,0
BRDA:143,11,0,0
BRDA:143,11,1,0
BRDA:151,12,0,0
BRDA:151,12,1,0
BRDA:158,13,0,0
BRDA:158,13,1,0
BRDA:164,14,0,0
BRDA:164,14,1,0
BRDA:164,14,2,0
BRDA:175,15,0,0
BRDA:175,15,1,0
BRDA:185,16,0,0
BRDA:185,16,1,0
BRDA:215,17,0,0
BRDA:215,17,1,0
BRDA:222,18,0,0
BRDA:222,18,1,0
BRDA:232,19,0,0
BRDA:232,19,1,0
BRF:43
BRH:0
end_of_record
TN:
SF:app/supervisor/export-schedules.tsx
FN:36,ExportSchedulesScreen
FN:52,(anonymous_1)
FN:57,(anonymous_2)
FN:65,(anonymous_3)
FN:77,(anonymous_4)
FN:94,(anonymous_5)
FN:114,(anonymous_6)
FN:123,(anonymous_7)
FN:140,(anonymous_8)
FN:149,(anonymous_9)
FN:160,(anonymous_10)
FN:171,(anonymous_11)
FN:206,(anonymous_12)
FN:213,(anonymous_13)
FN:220,(anonymous_14)
FN:242,(anonymous_15)
FN:269,(anonymous_16)
FN:282,(anonymous_17)
FN:290,(anonymous_18)
FN:298,(anonymous_19)
FN:305,(anonymous_20)
FN:322,(anonymous_21)
FN:329,(anonymous_22)
FN:347,(anonymous_23)
FNF:24
FNH:0
FNDA:0,ExportSchedulesScreen
FNDA:0,(anonymous_1)
[...]
BRDA:117,20,1,0
BRDA:118,21,0,0
BRDA:118,21,1,0
BRDA:131,22,0,0
BRDA:131,22,1,0
BRDA:132,23,0,0
BRDA:132,23,1,0
BRDA:135,24,0,0
BRDA:135,24,1,0
BRDA:137,25,0,0
BRDA:137,25,1,0
BRDA:150,26,0,0
BRDA:150,26,1,0
BRDA:151,27,0,0
BRDA:151,27,1,0
BRDA:155,28,0,0
BRDA:155,28,1,0
BRDA:157,29,0,0
BRDA:157,29,1,0
BRDA:174,30,0,0
BRDA:174,30,1,0
BRDA:174,31,0,0
BRDA:174,31,1,0
BRDA:181,32,0,0
BRDA:181,32,1,0
BRDA:182,33,0,0
BRDA:182,33,1,0
BRDA:191,34,0,0
BRDA:191,34,1,0
BRDA:192,35,0,0
BRDA:192,35,1,0
BRDA:220,36,0,0
BRDA:220,36,1,0
BRDA:233,37,0,0
BRDA:233,37,1,0
BRDA:237,38,0,0
BRDA:237,38,1,0
BRDA:241,39,0,0
BRDA:241,39,1,0
BRDA:265,40,0,0
BRDA:265,40,1,0
BRDA:266,41,0,0
BRDA:266,41,1,0
BRF:88
BRH:0
end_of_record
TN:
SF:src/store/authStore.ts
FN:34,(anonymous_0)
FN:40,(anonymous_1)
FN:78,(anonymous_2)
FN:87,(anonymous_3)
FN:98,(anonymous_4)
FN:100,(anonymous_5)
FNF:6
FNH:0
FNDA:0,(anonymous_0)
FNDA:0,(anonymous_1)
FNDA:0,(anonymous_2)
FNDA:0,(anonymous_3)
FNDA:0,(anonymous_4)
FNDA:0,(anonymous_5)
DA:31,0
DA:32,0
DA:34,0
DA:45,0
DA:46,0
DA:47,0
DA:52,0
DA:53,0
DA:56,0
DA:58,0
DA:59,0
DA:61,0
DA:66,0
DA:69,0
DA:70,0
DA:72,0
DA:73,0
DA:74,0
DA:79,0
DA:80,0
DA:88,0
DA:89,0
DA:90,0
DA:91,0
DA:98,0
DA:101,0
DA:102,0
DA:103,0
DA:104,0
DA:106,0
DA:107,0
DA:108,0
DA:110,0
DA:117,0
DA:123,0
DA:124,0
LF:36
LH:0
BRDA:52,0,0,0
BRDA:52,0,1,0
BRDA:52,1,0,0
BRDA:52,1,1,0
BRDA:106,2,0,0
BRDA:106,2,1,0
BRDA:106,3,0,0
BRDA:106,3,1,0
BRF:8
BRH:0
end_of_record
TN:
SF:src/store/index.ts
FNF:0
FNH:0
LF:0
LH:0
BRF:0
BRH:0
end_of_record
TN:
SF:src/store/networkStore.ts
FN:12,(anonymous_0)
FN:16,(anonymous_1)
FN:17,(anonymous_2)
FN:18,(anonymous_3)
FNF:4
FNH:0
FNDA:0,(anonymous_0)
FNDA:0,(anonymous_1)
FNDA:0,(anonymous_2)
FNDA:0,(anonymous_3)
DA:12,0
DA:16,0
DA:17,0
DA:19,0
LF:4
LH:0
BRF:0
BRH:0
end_of_record
TN:
SF:src/store/settingsStore.ts
FN:89,(anonymous_0)
FN:92,(anonymous_1)
FN:105,(anonymous_2)
FN:111,(anonymous_3)
FNF:4
FNH:0
FNDA:0,(anonymous_0)
FNDA:0,(anonymous_1)
FNDA:0,(anonymous_2)
FNDA:0,(anonymous_3)
DA:52,0
DA:89,0
DA:93,0
DA:94,0
DA:97,0
DA:100,0
DA:101,0
DA:106,0
DA:107,0
DA:108,0
DA:112,0
DA:113,0
DA:114,0
DA:115,0
DA:117,0
DA:118,0
DA:121,0
DA:124,0
LF:18
LH:0
BRDA:100,0,0,0
BRDA:100,0,1,0
BRDA:114,1,0,0
BRDA:114,1,1,0
BRF:4
BRH:0
end_of_record
TN:
SF:src/styles/globalStyles.ts
FNF:0
FNH:0
DA:10,0
DA:65,0
DA:73,0
DA:80,0
DA:97,0
DA:180,0
DA:189,0
DA:214,0
DA:322,0
DA:329,0
DA:337,0
DA:346,0
DA:363,0
DA:372,0
DA:382,0
DA:394,0
LF:16
LH:0
BRDA:347,0,0,0
BRDA:347,0,1,0
BRDA:348,1,0,0
BRDA:348,1,1,0
BRF:4
BRH:0
end_of_record
TN:
SF:src/styles/modernDesignSystem.ts
FNF:0
FNH:0
DA:20,0
DA:154,0
DA:295,0
DA:335,0
DA:358,0
DA:429,0
DA:471,0
DA:498,0
DA:544,0
DA:561,0
DA:574,0
LF:11
LH:0
BRDA:501,0,0,0
BRDA:501,0,1,0
BRDA:502,1,0,0
BRDA:502,1,1,0
BRF:4
BRH:0
end_of_record
TN:
SF:src/styles/scanStyles.ts
FNF:0
FNH:0
DA:3,0
LF:1
LH:0
BRDA:13,0,0,0
BRDA:13,0,1,0
BRDA:1286,1,0,0
BRDA:1286,1,1,0
BRDA:1700,2,0,0
BRDA:1700,2,1,0
BRF:6
BRH:0
end_of_record
TN:
SF:src/styles/screens/StaffHome.styles.ts
FNF:0
FNH:0
DA:9,0
DA:244,0
LF:2
LH:0
BRF:0
BRH:0
end_of_record
TN:
SF:src/theme/Provider.tsx
FN:7,(anonymous_0)
FNF:1
FNH:0
FNDA:0,(anonymous_0)
DA:7,0
DA:8,0
LF:2
LH:0
BRF:0
BRH:0
end_of_record
TN:
SF:src/theme/designSystem.ts
FNF:0
FNH:0
DA:2,0
LF:1
LH:0
BRF:0
BRH:0
end_of_record
TN:
SF:src/theme/designTokens.ts
FNF:0
FNH:0
DA:10,0
DA:26,0
DA:72,0
DA:88,0
DA:159,0
DA:176,0
DA:190,0
DA:208,0
DA:219,0
LF:9
LH:0
BRF:0
BRH:0
end_of_record
TN:
SF:src/theme/enhancedColors.ts
FN:74,(anonymous_0)
FN:89,(anonymous_1)
FN:97,(anonymous_2)
FN:107,(anonymous_3)
FN:119,(anonymous_4)
FN:131,(anonymous_5)
FN:135,(anonymous_6)
FN:209,(anonymous_7)
FN:221,(anonymous_8)
FNF:9
FNH:0
FNDA:0,(anonymous_0)
FNDA:0,(anonymous_1)
FNDA:0,(anonymous_2)
FNDA:0,(anonymous_3)
FNDA:0,(anonymous_4)
FNDA:0,(anonymous_5)
FNDA:0,(anonymous_6)
FNDA:0,(anonymous_7)
FNDA:0,(anonymous_8)
DA:74,0
DA:77,0
DA:78,0
DA:80,0
DA:81,0
DA:83,0
DA:89,0
DA:91,0
DA:92,0
DA:93,0
DA:94,0
DA:97,0
DA:98,0
DA:101,0
DA:107,0
DA:112,0
DA:113,0
DA:119,0
DA:124,0
DA:125,0
DA:131,0
DA:135,0
DA:136,0
DA:138,0
DA:139,0
DA:140,0
DA:141,0
DA:142,0
DA:143,0
DA:144,0
DA:145,0
DA:146,0
DA:147,0
DA:148,0
DA:150,0
DA:209,0
DA:210,0
DA:211,0
DA:212,0
DA:213,0
DA:214,0
DA:215,0
DA:221,0
DA:222,0
DA:223,0
DA:224,0
DA:225,0
DA:226,0
DA:233,0
DA:234,0
LF:50
LH:0
BRDA:97,0,0,0
BRDA:97,1,0,0
BRDA:97,2,0,0
BRDA:98,3,0,0
BRDA:98,3,1,0
BRDA:110,4,0,0
BRDA:113,5,0,0
BRDA:113,5,1,0
BRDA:122,6,0,0
BRDA:125,7,0,0
BRDA:125,7,1,0
BRDA:136,8,0,0
BRDA:136,8,1,0
BRF:13
BRH:0
end_of_record
TN:
SF:src/theme/index.ts
FNF:0
FNH:0
LF:0
LH:0
BRF:0
BRH:0
end_of_record
TN:
SF:src/theme/themes.ts
FNF:0
FNH:0
DA:21,0
LF:1
LH:0
BRF:0
BRH:0
end_of_record
TN:
SF:src/theme/typography.ts
FN:42,(anonymous_0)
FN:175,(anonymous_1)
FN:182,(anonymous_2)
FN:191,(anonymous_3)
FN:200,(anonymous_4)
FNF:5
FNH:0
FNDA:0,(anonymous_0)
FNDA:0,(anonymous_1)
FNDA:0,(anonymous_2)
FNDA:0,(anonymous_3)
FNDA:0,(anonymous_4)
DA:42,0
DA:47,0
DA:175,0
DA:176,0
DA:182,0
DA:185,0
DA:191,0
DA:194,0
DA:200,0
DA:203,0
LF:10
LH:0
BRF:0
BRH:0
end_of_record
TN:
SF:src/types/api.ts
FNF:0
FNH:0
LF:0
LH:0
BRF:0
BRH:0
end_of_record
TN:
SF:src/types/enrichment.ts
FNF:0
FNH:0
LF:0
LH:0
BRF:0
BRH:0
end_of_record
TN:
SF:src/types/index.ts
FNF:0
FNH:0
LF:0
LH:0
BRF:0
BRH:0
end_of_record
TN:
SF:src/types/item.ts
FNF:0
FNH:0
LF:0
LH:0
BRF:0
BRH:0
end_of_record
TN:
SF:src/types/scan.ts
FNF:0
FNH:0
LF:0
LH:0
BRF:0
BRH:0
end_of_record
TN:
SF:src/types/session.ts
FNF:0
FNH:0
LF:0
LH:0
BRF:0
BRH:0
end_of_record
TN:
SF:src/types/user.ts
FNF:0
FNH:0
LF:0
LH:0
BRF:0
BRH:0
end_of_record
TN:
SF:src/utils/algorithms.ts
FN:17,(anonymous_0)
FN:20,(anonymous_1)
FN:58,(anonymous_2)
FN:66,(anonymous_3)
FN:106,(anonymous_4)
FNF:5
FNH:0
FNDA:0,(anonymous_0)
FNDA:0,(anonymous_1)
FNDA:0,(anonymous_2)
FNDA:0,(anonymous_3)
FNDA:0,(anonymous_4)
DA:17,0
DA:18,0
DA:20,0
DA:23,0
DA:24,0
DA:28,0
DA:29,0
DA:33,0
DA:34,0
DA:35,0
DA:36,0
DA:38,0
DA:49,0
DA:58,0
DA:62,0
DA:63,0
DA:66,0
DA:67,0
DA:71,0
DA:72,0
DA:73,0
DA:74,0
DA:76,0
DA:82,0
DA:83,0
DA:84,0
DA:85,0
DA:86,0
DA:87,0
DA:88,0
DA:89,0
DA:90,0
DA:91,0
DA:93,0
DA:97,0
DA:106,0
DA:107,0
DA:108,0
DA:111,0
DA:112,0
DA:113,0
DA:114,0
DA:118,0
LF:43
LH:0
BRDA:35,0,0,0
BRDA:35,0,1,0
BRDA:73,1,0,0
BRDA:73,1,1,0
BRDA:85,2,0,0
BRDA:85,2,1,0
BRDA:86,3,0,0
BRDA:86,3,1,0
BRDA:90,4,0,0
BRDA:90,4,1,0
BRDA:107,5,0,0
BRDA:107,5,1,0
BRDA:113,6,0,0
BRDA:113,6,1,0
BRF:14
BRH:0
end_of_record
TN:
SF:src/utils/backendUrl.ts
FNF:0
FNH:0
LF:0
LH:0
BRF:0
BRH:0
end_of_record
TN:
SF:src/utils/clipboard.ts
FN:15,(anonymous_0)
FN:39,(anonymous_1)
FNF:2
FNH:0
FNDA:0,(anonymous_0)
FNDA:0,(anonymous_1)
DA:15,0
DA:19,0
DA:20,0
DA:22,0
DA:25,0
DA:28,0
DA:30,0
DA:31,0
DA:39,0
DA:40,0
DA:41,0
DA:42,0
DA:44,0
DA:45,0
LF:14
LH:0
BRDA:17,0,0,0
BRDA:22,1,0,0
BRDA:22,1,1,0
BRDA:22,2,0,0
BRDA:22,2,1,0
BRDA:30,3,0,0
BRDA:30,3,1,0
BRDA:42,4,0,0
BRDA:42,4,1,0
BRDA:44,5,0,0
BRDA:44,5,1,0
BRF:11
BRH:0
end_of_record
TN:
SF:src/utils/csvExport.ts
FN:6,(anonymous_0)
FN:24,(anonymous_1)
FN:32,(anonymous_2)
FN:49,(anonymous_3)
FN:69,(anonymous_4)
FN:95,(anonymous_5)
FN:111,(anonymous_6)
FNF:7
FNH:0
FNDA:0,(anonymous_0)
FNDA:0,(anonymous_1)
FNDA:0,(anonymous_2)
FNDA:0,(anonymous_3)
FNDA:0,(anonymous_4)
FNDA:0,(anonymous_5)
FNDA:0,(anonymous_6)
DA:6,0
DA:8,0
DA:9,0
DA:10,0
DA:11,0
DA:12,0
DA:13,0
DA:14,0
DA:15,0
DA:16,0
DA:17,0
DA:20,0
DA:24,0
DA:25,0
DA:28,0
DA:31,0
DA:32,0
DA:33,0
DA:35,0
DA:39,0
DA:41,0
DA:43,0
DA:46,0
DA:49,0
DA:50,0
DA:69,0
DA:92,0
DA:95,0
DA:96,0
DA:111,0
DA:128,0
LF:31
LH:0
BRDA:8,0,0,0
BRDA:8,0,1,0
BRDA:20,1,0,0
BRDA:20,1,1,0
BRDA:33,2,0,0
BRDA:33,2,1,0
BRDA:35,3,0,0
BRDA:35,3,1,0
BRDA:36,4,0,0
BRDA:36,4,1,0
BRDA:36,4,2,0
BRDA:70,5,0,0
BRDA:70,5,1,0
BRDA:71,6,0,0
BRDA:71,6,1,0
BRDA:72,7,0,0
BRDA:72,7,1,0
BRDA:73,8,0,0
BRDA:73,8,1,0
BRDA:74,9,0,0
BRDA:74,9,1,0
BRDA:75,10,0,0
BRDA:75,10,1,0
BRDA:76,11,0,0
BRDA:76,11,1,0
BRDA:77,12,0,0
BRDA:77,12,1,0
BRDA:78,13,0,0
BRDA:78,13,1,0
BRDA:79,14,0,0
BRDA:79,14,1,0
BRDA:80,15,0,0
BRDA:80,15,1,0
BRDA:81,16,0,0
BRDA:81,16,1,0
BRDA:82,17,0,0
BRDA:82,17,1,0
BRDA:83,18,0,0
BRDA:83,18,1,0
BRDA:84,19,0,0
BRDA:84,19,1,0
BRDA:87,20,0,0
BRDA:87,20,1,0
BRDA:112,21,0,0
BRDA:112,21,1,0
BRDA:113,22,0,0
BRDA:113,22,1,0
BRDA:114,23,0,0
BRDA:114,23,1,0
BRDA:115,24,0,0
BRDA:115,24,1,0
BRDA:116,25,0,0
BRDA:116,25,1,0
BRDA:117,26,0,0
BRDA:117,26,1,0
BRDA:118,27,0,0
BRDA:118,27,1,0
BRDA:121,28,0,0
BRDA:121,28,1,0
BRDA:122,29,0,0
BRDA:122,29,1,0
BRDA:123,30,0,0
BRDA:123,30,1,0
BRDA:124,31,0,0
BRDA:124,31,1,0
BRDA:125,32,0,0
BRDA:125,32,1,0
BRF:67
BRH:0
end_of_record
TN:
SF:src/utils/deviceInfo.ts
FNF:0
FNH:0
DA:5,0
DA:6,0
DA:8,0
DA:9,0
DA:11,0
DA:12,0
DA:14,0
LF:7
LH:0
BRDA:6,0,0,0
BRDA:6,0,1,0
BRDA:12,1,0,0
BRDA:12,1,1,0
BRF:4
BRH:0
end_of_record
TN:
SF:src/utils/errorHandler.ts
FN:16,getErrorMessage
FN:32,getErrorCode
FN:50,isRecoverableError
FN:60,(anonymous_3)
FN:66,getUserFriendlyMessage
FN:97,formatErrorForLogging
FNF:6
FNH:0
FNDA:0,getErrorMessage
FNDA:0,getErrorCode
FNDA:0,isRecoverableError
FNDA:0,(anonymous_3)
FNDA:0,getUserFriendlyMessage
FNDA:0,formatErrorForLogging
DA:17,0
DA:18,0
DA:20,0
DA:21,0
DA:23,0
DA:24,0
DA:26,0
DA:33,0
DA:34,0
DA:35,0
DA:37,0
DA:38,0
DA:40,0
DA:41,0
DA:44,0
DA:51,0
DA:52,0
DA:60,0
DA:67,0
DA:69,0
DA:70,0
DA:72,0
DA:73,0
DA:75,0
DA:79,0
DA:81,0
DA:82,0
DA:84,0
DA:85,0
DA:87,0
DA:88,0
DA:91,0
DA:98,0
DA:100,0
LF:34
LH:0
BRDA:17,0,0,0
BRDA:17,0,1,0
BRDA:20,1,0,0
BRDA:20,1,1,0
BRDA:23,2,0,0
BRDA:23,2,1,0
BRDA:23,3,0,0
BRDA:23,3,1,0
BRDA:23,3,2,0
BRDA:33,4,0,0
BRDA:33,4,1,0
BRDA:33,5,0,0
BRDA:33,5,1,0
BRDA:34,6,0,0
BRDA:34,6,1,0
BRDA:37,7,0,0
BRDA:37,7,1,0
BRDA:40,8,0,0
BRDA:40,8,1,0
BRDA:69,9,0,0
BRDA:69,9,1,0
BRDA:69,10,0,0
BRDA:69,10,1,0
BRDA:72,11,0,0
BRDA:72,11,1,0
BRDA:75,12,0,0
BRDA:75,12,1,0
BRDA:76,13,0,0
BRDA:76,13,1,0
BRDA:81,14,0,0
BRDA:81,14,1,0
BRDA:84,15,0,0
BRDA:84,15,1,0
BRDA:87,16,0,0
BRDA:87,16,1,0
BRDA:87,17,0,0
BRDA:87,17,1,0
BRF:37
BRH:0
end_of_record
TN:
SF:src/utils/feedback.ts
FN:20,(anonymous_0)
FN:29,(anonymous_1)
FN:34,(anonymous_2)
FN:41,(anonymous_3)
FN:45,(anonymous_4)
FN:53,(anonymous_5)
FN:59,(anonymous_6)
FN:67,(anonymous_7)
FN:78,(anonymous_8)
FNF:9
FNH:0
FNDA:0,(anonymous_0)
FNDA:0,(anonymous_1)
FNDA:0,(anonymous_2)
FNDA:0,(anonymous_3)
FNDA:0,(anonymous_4)
FNDA:0,(anonymous_5)
FNDA:0,(anonymous_6)
FNDA:0,(anonymous_7)
FNDA:0,(anonymous_8)
DA:20,0
DA:25,0
DA:27,0
DA:29,0
DA:30,0
DA:34,0
DA:41,0
DA:42,0
DA:44,0
DA:47,0
DA:48,0
DA:51,0
DA:53,0
DA:54,0
DA:55,0
DA:60,0
DA:61,0
DA:62,0
DA:64,0
DA:68,0
DA:69,0
DA:78,0
DA:79,0
DA:86,0
LF:24
LH:0
BRDA:23,0,0,0
BRDA:25,1,0,0
BRDA:45,2,0,0
BRDA:47,3,0,0
BRDA:47,3,1,0
BRDA:60,4,0,0
BRDA:60,4,1,0
BRDA:68,5,0,0
BRDA:68,5,1,0
BRF:9
BRH:0
end_of_record
TN:
SF:src/utils/index.ts
FNF:0
FNH:0
LF:0
LH:0
BRF:0
BRH:0
end_of_record
TN:
SF:src/utils/portDetection.ts
FN:22,(anonymous_0)
FN:112,(anonymous_1)
FN:149,(anonymous_2)
FN:157,(anonymous_3)
FN:172,(anonymous_4)
FNF:5
FNH:0
FNDA:0,(anonymous_0)
FNDA:0,(anonymous_1)
FNDA:0,(anonymous_2)
FNDA:0,(anonymous_3)
FNDA:0,(anonymous_4)
DA:11,0
DA:12,0
DA:13,0
DA:15,0
DA:16,0
DA:22,0
DA:23,0
DA:24,0
DA:27,0
DA:28,0
DA:31,0
DA:34,0
DA:35,0
DA:36,0
DA:37,0
DA:38,0
DA:39,0
DA:40,0
DA:41,0
DA:46,0
DA:52,0
DA:53,0
DA:54,0
DA:55,0
DA:56,0
DA:57,0
DA:58,0
DA:59,0
DA:60,0
DA:65,0
DA:72,0
DA:73,0
DA:74,0
DA:79,0
DA:80,0
DA:81,0
DA:82,0
DA:84,0
DA:88,0
DA:93,0
DA:94,0
DA:95,0
DA:96,0
DA:98,0
DA:102,0
DA:103,0
DA:104,0
DA:106,0
DA:112,0
DA:113,0
DA:114,0
DA:118,0
DA:119,0
DA:120,0
DA:121,0
DA:122,0
DA:123,0
DA:124,0
DA:130,0
DA:131,0
DA:132,0
DA:133,0
DA:134,0
DA:135,0
DA:136,0
DA:137,0
DA:143,0
DA:149,0
DA:150,0
DA:151,0
DA:157,0
DA:158,0
DA:160,0
DA:161,0
DA:162,0
DA:163,0
DA:166,0
DA:172,0
DA:173,0
DA:175,0
DA:176,0
DA:177,0
DA:178,0
DA:181,0
LF:84
LH:0
BRDA:23,0,0,0
BRDA:23,0,1,0
BRDA:27,1,0,0
BRDA:27,1,1,0
BRDA:34,2,0,0
BRDA:34,2,1,0
BRDA:34,3,0,0
BRDA:34,3,1,0
BRDA:36,4,0,0
BRDA:36,4,1,0
BRDA:38,5,0,0
BRDA:38,5,1,0
BRDA:38,6,0,0
BRDA:38,6,1,0
BRDA:40,7,0,0
BRDA:40,7,1,0
BRDA:41,8,0,0
BRDA:41,8,1,0
BRDA:52,9,0,0
BRDA:52,9,1,0
BRDA:52,10,0,0
BRDA:52,10,1,0
BRDA:55,11,0,0
BRDA:55,11,1,0
BRDA:55,12,0,0
BRDA:55,12,1,0
BRDA:57,13,0,0
BRDA:57,13,1,0
BRDA:59,14,0,0
BRDA:59,14,1,0
BRDA:60,15,0,0
BRDA:60,15,1,0
BRDA:79,16,0,0
BRDA:79,16,1,0
BRDA:79,17,0,0
BRDA:79,17,1,0
BRDA:81,18,0,0
BRDA:81,18,1,0
BRDA:82,19,0,0
BRDA:82,19,1,0
BRDA:93,20,0,0
BRDA:93,20,1,0
BRDA:95,21,0,0
BRDA:95,21,1,0
BRDA:96,22,0,0
BRDA:96,22,1,0
BRDA:103,23,0,0
BRDA:103,23,1,0
BRDA:104,24,0,0
BRDA:104,24,1,0
BRDA:113,25,0,0
BRDA:113,25,1,0
BRDA:118,26,0,0
BRDA:118,26,1,0
BRDA:118,27,0,0
BRDA:118,27,1,0
BRDA:120,28,0,0
BRDA:120,28,1,0
BRDA:122,29,0,0
BRDA:122,29,1,0
BRDA:122,30,0,0
BRDA:122,30,1,0
BRDA:130,31,0,0
BRDA:130,31,1,0
BRDA:130,32,0,0
BRDA:130,32,1,0
BRDA:133,33,0,0
BRDA:133,33,1,0
BRDA:133,34,0,0
BRDA:133,34,1,0
BRDA:135,35,0,0
BRDA:135,35,1,0
BRDA:143,36,0,0
BRDA:143,36,1,0
BRDA:160,37,0,0
BRDA:160,37,1,0
BRDA:160,38,0,0
BRDA:160,38,1,0
BRDA:163,39,0,0
BRDA:163,39,1,0
BRDA:166,40,0,0
BRDA:166,40,1,0
BRDA:175,41,0,0
BRDA:175,41,1,0
BRDA:175,42,0,0
BRDA:175,42,1,0
BRF:86
BRH:0
end_of_record
TN:
SF:src/utils/retry.ts
FN:11,(anonymous_0)
FN:18,(anonymous_1)
FN:39,(anonymous_2)
FNF:3
FNH:0
FNDA:0,(anonymous_0)
FNDA:0,(anonymous_1)
FNDA:0,(anonymous_2)
DA:11,0
DA:19,0
DA:24,0
DA:28,0
DA:29,0
DA:30,0
DA:32,0
DA:34,0
DA:35,0
DA:38,0
DA:39,0
DA:43,0
LF:12
LH:0
BRDA:13,0,0,0
BRDA:16,1,0,0
BRDA:17,2,0,0
BRDA:18,3,0,0
BRDA:20,4,0,0
BRDA:20,4,1,0
BRDA:20,4,2,0
BRDA:34,5,0,0
BRDA:34,5,1,0
BRDA:34,6,0,0
BRDA:34,6,1,0
BRF:11
BRH:0
end_of_record
TN:
SF:src/utils/safeRender.tsx
FN:12,safeRender
FN:27,withErrorBoundary
FN:31,WrappedComponent
FN:34,(anonymous_3)
FN:45,safeAsync
FN:65,safeGet
FNF:6
FNH:0
FNDA:0,safeRender
FNDA:0,withErrorBoundary
FNDA:0,WrappedComponent
FNDA:0,(anonymous_3)
FNDA:0,safeAsync
FNDA:0,safeGet
DA:16,0
DA:17,0
DA:19,0
DA:20,0
DA:31,0
DA:32,0
DA:34,0
DA:50,0
DA:51,0
DA:53,0
DA:54,0
DA:55,0
DA:56,0
DA:58,0
DA:66,0
DA:67,0
DA:69,0
DA:70,0
LF:18
LH:0
BRDA:19,0,0,0
BRDA:19,0,1,0
BRDA:20,1,0,0
BRDA:20,1,1,0
BRDA:34,2,0,0
BRDA:34,2,1,0
BRDA:53,3,0,0
BRDA:53,3,1,0
BRDA:54,4,0,0
BRDA:54,4,1,0
BRDA:55,5,0,0
BRDA:55,5,1,0
BRDA:69,6,0,0
BRDA:69,6,1,0
BRF:14
BRH:0
end_of_record
TN:
SF:src/utils/scanUtils.ts
FN:3,(anonymous_0)
FN:6,(anonymous_1)
FN:31,(anonymous_2)
FN:39,(anonymous_3)
FN:82,(anonymous_4)
FN:90,(anonymous_5)
FN:123,(anonymous_6)
FN:126,(anonymous_7)
FNF:8
FNH:0
FNDA:0,(anonymous_0)
FNDA:0,(anonymous_1)
FNDA:0,(anonymous_2)
FNDA:0,(anonymous_3)
FNDA:0,(anonymous_4)
FNDA:0,(anonymous_5)
FNDA:0,(anonymous_6)
FNDA:0,(anonymous_7)
DA:3,0
DA:4,0
DA:6,0
DA:7,0
DA:8,0
DA:11,0
DA:12,0
DA:14,0
DA:16,0
DA:17,0
DA:20,0
DA:24,0
DA:25,0
DA:26,0
DA:28,0
DA:31,0
DA:32,0
DA:33,0
DA:34,0
DA:36,0
DA:39,0
DA:42,0
DA:43,0
DA:44,0
DA:47,0
DA:49,0
DA:50,0
DA:51,0
DA:77,0
DA:82,0
DA:85,0
DA:86,0
DA:89,0
DA:90,0
DA:91,0
DA:92,0
DA:93,0
DA:96,0
DA:97,0
DA:98,0
DA:99,0
DA:102,0
DA:103,0
DA:113,0
DA:115,0
DA:116,0
DA:119,0
DA:120,0
DA:123,0
DA:126,0
DA:127,0
DA:128,0
DA:131,0
DA:132,0
DA:133,0
DA:134,0
DA:135,0
DA:139,0
DA:140,0
DA:141,0
DA:144,0
DA:145,0
DA:146,0
DA:147,0
DA:148,0
DA:152,0
DA:155,0
DA:162,0
LF:68
LH:0
BRDA:4,0,0,0
BRDA:4,0,1,0
BRDA:7,1,0,0
BRDA:7,1,1,0
BRDA:7,2,0,0
BRDA:7,2,1,0
BRDA:11,3,0,0
BRDA:11,3,1,0
BRDA:11,4,0,0
BRDA:11,4,1,0
BRDA:14,5,0,0
BRDA:14,5,1,0
BRDA:14,5,2,0
BRDA:14,5,3,0
BRDA:14,5,4,0
BRDA:14,5,5,0
BRDA:16,6,0,0
BRDA:16,6,1,0
BRDA:16,7,0,0
BRDA:16,7,1,0
BRDA:24,8,0,0
BRDA:24,8,1,0
BRDA:25,9,0,0
BRDA:25,9,1,0
BRDA:33,10,0,0
BRDA:33,10,1,0
BRDA:43,11,0,0
BRDA:43,11,1,0
BRDA:49,12,0,0
BRDA:49,12,1,0
BRDA:49,13,0,0
BRDA:49,13,1,0
BRDA:49,13,2,0
BRDA:52,14,0,0
BRDA:52,14,1,0
BRDA:55,15,0,0
BRDA:55,15,1,0
BRDA:57,16,0,0
BRDA:57,16,1,0
BRDA:61,17,0,0
BRDA:61,17,1,0
BRDA:63,18,0,0
BRDA:63,18,1,0
BRDA:67,19,0,0
BRDA:67,19,1,0
BRDA:69,20,0,0
BRDA:69,20,1,0
BRDA:73,21,0,0
BRDA:73,21,1,0
BRDA:85,22,0,0
BRDA:85,22,1,0
BRDA:92,23,0,0
BRDA:92,23,1,0
BRDA:96,24,0,0
BRDA:96,24,1,0
BRDA:97,25,0,0
BRDA:97,25,1,0
BRDA:106,26,0,0
BRDA:106,26,1,0
BRDA:107,27,0,0
BRDA:107,27,1,0
BRDA:108,28,0,0
BRDA:108,28,1,0
BRDA:109,29,0,0
BRDA:109,29,1,0
BRDA:115,30,0,0
BRDA:115,30,1,0
BRDA:119,31,0,0
BRDA:119,31,1,0
BRDA:127,32,0,0
BRDA:127,32,1,0
BRDA:131,33,0,0
BRDA:131,33,1,0
BRDA:131,34,0,0
BRDA:131,34,1,0
BRDA:134,35,0,0
BRDA:134,35,1,0
BRDA:140,36,0,0
BRDA:140,36,1,0
BRDA:145,37,0,0
BRDA:145,37,1,0
BRDA:147,38,0,0
BRDA:147,38,1,0
BRF:83
BRH:0
end_of_record
TN:
SF:src/utils/search.ts
FN:14,(anonymous_0)
FN:77,(anonymous_1)
FN:97,(anonymous_2)
FN:99,(anonymous_3)
FN:108,(anonymous_4)
FN:109,(anonymous_5)
FN:112,(anonymous_6)
FN:121,(anonymous_7)
FN:138,(anonymous_8)
FN:147,(anonymous_9)
FN:153,(anonymous_10)
FN:158,(anonymous_11)
FN:165,(anonymous_12)
FN:182,(anonymous_13)
FNF:14
FNH:0
FNDA:0,(anonymous_0)
FNDA:0,(anonymous_1)
FNDA:0,(anonymous_2)
FNDA:0,(anonymous_3)
FNDA:0,(anonymous_4)
FNDA:0,(anonymous_5)
FNDA:0,(anonymous_6)
FNDA:0,(anonymous_7)
FNDA:0,(anonymous_8)
FNDA:0,(anonymous_9)
FNDA:0,(anonymous_10)
FNDA:0,(anonymous_11)
FNDA:0,(anonymous_12)
FNDA:0,(anonymous_13)
DA:14,0
DA:15,0
DA:17,0
DA:18,0
DA:21,0
DA:24,0
DA:27,0
DA:28,0
DA:30,0
DA:31,0
DA:35,0
DA:36,0
DA:37,0
DA:41,0
DA:42,0
DA:46,0
DA:47,0
DA:50,0
DA:51,0
DA:54,0
DA:77,0
DA:90,0
DA:92,0
DA:93,0
DA:96,0
DA:99,0
DA:100,0
DA:104,0
DA:106,0
DA:108,0
DA:109,0
DA:112,0
DA:121,0
DA:122,0
DA:124,0
DA:125,0
DA:138,0
DA:144,0
DA:146,0
DA:147,0
DA:148,0
DA:152,0
DA:153,0
DA:156,0
DA:157,0
DA:158,0
DA:159,0
DA:160,0
DA:164,0
DA:165,0
DA:166,0
DA:167,0
DA:172,0
DA:173,0
DA:176,0
DA:182,0
DA:183,0
DA:184,0
LF:58
LH:0
BRDA:15,0,0,0
BRDA:15,0,1,0
BRDA:15,1,0,0
BRDA:15,1,1,0
BRDA:21,2,0,0
BRDA:21,2,1,0
BRDA:24,3,0,0
BRDA:24,3,1,0
BRDA:32,4,0,0
BRDA:32,4,1,0
BRDA:35,5,0,0
BRDA:35,5,1,0
BRDA:41,6,0,0
BRDA:41,6,1,0
BRDA:50,7,0,0
BRDA:50,7,1,0
BRDA:50,8,0,0
BRDA:50,8,1,0
BRDA:80,9,0,0
BRDA:87,10,0,0
BRDA:88,11,0,0
BRDA:89,12,0,0
BRDA:92,13,0,0
BRDA:92,13,1,0
BRDA:92,14,0,0
BRDA:92,14,1,0
BRDA:92,14,2,0
BRDA:100,15,0,0
BRDA:100,15,1,0
BRDA:122,16,0,0
BRDA:122,16,1,0
BRDA:122,17,0,0
BRDA:122,17,1,0
BRDA:141,18,0,0
BRDA:146,19,0,0
BRDA:146,19,1,0
BRDA:152,20,0,0
BRDA:152,20,1,0
BRDA:156,21,0,0
BRDA:156,21,1,0
BRDA:159,22,0,0
BRDA:159,22,1,0
BRDA:160,23,0,0
BRDA:160,23,1,0
BRDA:164,24,0,0
BRDA:164,24,1,0
BRDA:166,25,0,0
BRDA:166,25,1,0
BRDA:167,26,0,0
BRDA:167,26,1,0
BRDA:172,27,0,0
BRDA:172,27,1,0
BRDA:184,28,0,0
BRDA:184,28,1,0
BRF:54
BRH:0
end_of_record
TN:
SF:src/utils/testSpritePort.ts
FN:13,(anonymous_0)
FN:20,(anonymous_1)
FN:27,(anonymous_2)
FNF:3
FNH:0
FNDA:0,(anonymous_0)
FNDA:0,(anonymous_1)
FNDA:0,(anonymous_2)
DA:13,0
DA:14,0
DA:20,0
DA:21,0
DA:27,0
DA:28,0
DA:29,0
LF:7
LH:0
BRF:0
BRH:0
end_of_record
TN:
SF:src/utils/validation.ts
FN:7,(anonymous_0)
FN:10,(anonymous_1)
FN:30,(anonymous_2)
FN:64,(anonymous_3)
FN:73,(anonymous_4)
FN:106,(anonymous_5)
FNF:6
FNH:0
FNDA:0,(anonymous_0)
FNDA:0,(anonymous_1)
FNDA:0,(anonymous_2)
FNDA:0,(anonymous_3)
FNDA:0,(anonymous_4)
FNDA:0,(anonymous_5)
DA:7,0
DA:8,0
DA:10,0
DA:13,0
DA:15,0
DA:16,0
DA:19,0
DA:20,0
DA:23,0
DA:24,0
DA:27,0
DA:30,0
DA:34,0
DA:35,0
DA:37,0
DA:38,0
DA:41,0
DA:42,0
DA:45,0
DA:47,0
DA:48,0
DA:54,0
DA:55,0
DA:61,0
DA:64,0
DA:65,0
DA:67,0
DA:68,0
DA:70,0
DA:73,0
DA:74,0
DA:75,0
DA:78,0
DA:81,0
DA:82,0
DA:85,0
DA:86,0
DA:87,0
DA:90,0
DA:93,0
DA:94,0
DA:95,0
DA:97,0
DA:100,0
DA:106,0
DA:107,0
DA:108,0
DA:111,0
DA:113,0
DA:114,0
DA:117,0
LF:51
LH:0
BRDA:13,0,0,0
BRDA:13,0,1,0
BRDA:15,1,0,0
BRDA:15,1,1,0
BRDA:19,2,0,0
BRDA:19,2,1,0
BRDA:23,3,0,0
BRDA:23,3,1,0
BRDA:37,4,0,0
BRDA:37,4,1,0
BRDA:41,5,0,0
BRDA:41,5,1,0
BRDA:47,6,0,0
BRDA:47,6,1,0
BRDA:54,7,0,0
BRDA:54,7,1,0
BRDA:67,8,0,0
BRDA:67,8,1,0
BRDA:67,9,0,0
BRDA:67,9,1,0
BRDA:74,10,0,0
BRDA:74,10,1,0
BRDA:74,11,0,0
BRDA:74,11,1,0
BRDA:81,12,0,0
BRDA:81,12,1,0
BRDA:85,13,0,0
BRDA:85,13,1,0
BRDA:86,14,0,0
BRDA:86,14,1,0
BRDA:93,15,0,0
BRDA:93,15,1,0
BRDA:94,16,0,0
BRDA:94,16,1,0
BRDA:107,17,0,0
BRDA:107,17,1,0
BRDA:113,18,0,0
BRDA:113,18,1,0
BRDA:113,19,0,0
BRDA:113,19,1,0
BRF:40
BRH:0
end_of_record
