TN:
SF:src/utils/validation.ts
FN:7,(anonymous_0)
FN:9,(anonymous_1)
FN:27,(anonymous_2)
FN:55,(anonymous_3)
FN:64,(anonymous_4)
FN:89,(anonymous_5)
FNF:6
FNH:6
FNDA:8,(anonymous_0)
FNDA:2,(anonymous_1)
FNDA:4,(anonymous_2)
FNDA:2,(anonymous_3)
FNDA:2,(anonymous_4)
FNDA:2,(anonymous_5)
DA:7,8
DA:9,1
DA:10,2
DA:12,2
DA:13,0
DA:16,2
DA:17,0
DA:20,2
DA:21,1
DA:24,1
DA:27,1
DA:31,4
DA:32,4
DA:34,4
DA:35,1
DA:38,3
DA:39,0
DA:42,3
DA:44,3
DA:45,0
DA:48,3
DA:49,1
DA:52,2
DA:55,1
DA:56,2
DA:58,2
DA:59,1
DA:61,1
DA:64,1
DA:65,2
DA:66,1
DA:69,1
DA:71,1
DA:72,0
DA:73,0
DA:76,0
DA:79,1
DA:80,1
DA:81,0
DA:83,1
DA:86,0
DA:89,1
DA:90,2
DA:91,0
DA:94,2
DA:96,2
DA:97,1
DA:100,1
LF:48
LH:38
BRDA:10,0,0,2
BRDA:10,0,1,0
BRDA:12,1,0,0
BRDA:12,1,1,2
BRDA:16,2,0,0
BRDA:16,2,1,2
BRDA:20,3,0,1
BRDA:20,3,1,1
BRDA:34,4,0,1
BRDA:34,4,1,3
BRDA:38,5,0,0
BRDA:38,5,1,3
BRDA:44,6,0,0
BRDA:44,6,1,3
BRDA:48,7,0,1
BRDA:48,7,1,2
BRDA:58,8,0,1
BRDA:58,8,1,1
BRDA:58,9,0,2
BRDA:58,9,1,2
BRDA:65,10,0,1
BRDA:65,10,1,1
BRDA:65,11,0,2
BRDA:65,11,1,1
BRDA:71,12,0,0
BRDA:71,12,1,1
BRDA:72,13,0,0
BRDA:72,13,1,0
BRDA:79,14,0,1
BRDA:79,14,1,0
BRDA:80,15,0,0
BRDA:80,15,1,1
BRDA:90,16,0,0
BRDA:90,16,1,2
BRDA:96,17,0,1
BRDA:96,17,1,1
BRDA:96,18,0,2
BRDA:96,18,1,2
BRF:38
BRH:27
end_of_record
