{"meta": {"format": 3, "version": "7.10.7", "timestamp": "2026-01-06T10:15:52.691057", "branch_coverage": false, "show_contexts": false}, "files": {"__init__.py": {"executed_lines": [1], "summary": {"covered_lines": 0, "num_statements": 0, "percent_covered": 100.0, "percent_covered_display": "100", "missing_lines": 0, "excluded_lines": 0}, "missing_lines": [], "excluded_lines": [], "functions": {"": {"executed_lines": [1], "summary": {"covered_lines": 0, "num_statements": 0, "percent_covered": 100.0, "percent_covered_display": "100", "missing_lines": 0, "excluded_lines": 0}, "missing_lines": [], "excluded_lines": []}}, "classes": {"": {"executed_lines": [1], "summary": {"covered_lines": 0, "num_statements": 0, "percent_covered": 100.0, "percent_covered_display": "100", "missing_lines": 0, "excluded_lines": 0}, "missing_lines": [], "excluded_lines": []}}}, "api/__init__.py": {"executed_lines": [1], "summary": {"covered_lines": 0, "num_statements": 0, "percent_covered": 100.0, "percent_covered_display": "100", "missing_lines": 0, "excluded_lines": 0}, "missing_lines": [], "excluded_lines": [], "functions": {"": {"executed_lines": [1], "summary": {"covered_lines": 0, "num_statements": 0, "percent_covered": 100.0, "percent_covered_display": "100", "missing_lines": 0, "excluded_lines": 0}, "missing_lines": [], "excluded_lines": []}}, "classes": {"": {"executed_lines": [1], "summary": {"covered_lines": 0, "num_statements": 0, "percent_covered": 100.0, "percent_covered_display": "100", "missing_lines": 0, "excluded_lines": 0}, "missing_lines": [], "excluded_lines": []}}}, "api/auth.py": {"executed_lines": [1, 2, 3, 4, 6, 8, 9, 10, 11, 12, 13, 20, 21, 22, 23, 25, 27, 32, 39, 41, 43, 44, 45, 47, 48, 51, 52, 53, 58, 59, 61, 63, 64, 65, 73, 74, 77, 80, 89, 91, 92, 93, 94, 95, 96, 102, 106, 107, 109, 112, 120, 121, 122, 127, 135, 147, 151, 152, 153, 167, 169, 170, 171, 183, 190, 191, 195, 196, 197, 199, 200, 201, 202, 213, 214, 226, 228, 229, 230, 235, 236, 242, 246, 249, 250, 252, 269, 270, 285, 286, 287, 288, 306, 307, 310, 313, 314, 318, 319, 320, 327, 328, 329, 336, 337, 339, 340, 342, 343, 345, 347, 348, 352, 353, 354, 355, 363, 364, 367, 368, 369, 379, 381, 384, 389, 390, 391, 395, 396, 399, 400, 402, 403, 413, 417, 418, 419, 421, 424, 427, 431, 432, 433, 435, 436, 439, 442, 443, 446, 448, 450, 453, 454, 455, 458, 459, 462, 463, 464, 473, 474, 475, 476, 478, 481, 485, 487, 488, 492, 493, 495, 496, 497, 503, 505, 508, 513, 514, 515, 519, 520, 523, 524, 526, 527, 537, 541, 542, 548, 549, 553, 555, 568, 570, 587, 588, 591, 599, 600, 607, 609, 621, 622, 630, 631, 632, 633, 635, 645, 646, 655, 669, 670, 679, 680, 682, 686, 687, 690, 700, 701, 709, 710, 741, 743, 744, 746, 757, 759, 765, 766, 774, 775, 776, 778, 788, 798, 799, 801, 810, 811, 820, 821, 826, 828], "summary": {"covered_lines": 245, "num_statements": 331, "percent_covered": 74.01812688821752, "percent_covered_display": "74", "missing_lines": 86, "excluded_lines": 0}, "missing_lines": [54, 55, 82, 83, 84, 85, 86, 97, 98, 99, 142, 143, 144, 163, 164, 186, 187, 271, 272, 273, 274, 290, 291, 292, 293, 294, 295, 296, 297, 298, 299, 300, 301, 303, 304, 305, 315, 316, 321, 322, 324, 349, 370, 385, 386, 392, 393, 405, 406, 407, 408, 409, 410, 422, 423, 440, 441, 482, 483, 489, 509, 510, 516, 517, 529, 530, 531, 532, 533, 534, 550, 556, 557, 564, 565, 636, 683, 689, 691, 702, 721, 722, 732, 779, 789, 802], "excluded_lines": [], "functions": {"check_rate_limit": {"executed_lines": [39, 41, 43, 44, 45, 47, 48, 51, 52, 53, 58, 59, 61, 63, 64, 65, 73, 74, 77], "summary": {"covered_lines": 19, "num_statements": 21, "percent_covered": 90.47619047619048, "percent_covered_display": "90", "missing_lines": 2, "excluded_lines": 0}, "missing_lines": [54, 55], "excluded_lines": []}, "reset_rate_limit": {"executed_lines": [], "summary": {"covered_lines": 0, "num_statements": 5, "percent_covered": 0.0, "percent_covered_display": "0", "missing_lines": 5, "excluded_lines": 0}, "missing_lines": [82, 83, 84, 85, 86], "excluded_lines": []}, "find_user_by_username": {"executed_lines": [91, 92, 93, 94, 95, 96], "summary": {"covered_lines": 6, "num_statements": 9, "percent_covered": 66.66666666666667, "percent_covered_display": "67", "missing_lines": 3, "excluded_lines": 0}, "missing_lines": [97, 98, 99], "excluded_lines": []}, "generate_auth_tokens": {"executed_lines": [106, 107, 109, 112, 120, 121, 122, 127, 135], "summary": {"covered_lines": 9, "num_statements": 12, "percent_covered": 75.0, "percent_covered_display": "75", "missing_lines": 3, "excluded_lines": 0}, "missing_lines": [142, 143, 144], "excluded_lines": []}, "log_failed_login_attempt": {"executed_lines": [151, 152, 153], "summary": {"covered_lines": 3, "num_statements": 5, "percent_covered": 60.0, "percent_covered_display": "60", "missing_lines": 2, "excluded_lines": 0}, "missing_lines": [163, 164], "excluded_lines": []}, "log_successful_login": {"executed_lines": [169, 170, 171, 183], "summary": {"covered_lines": 4, "num_statements": 6, "percent_covered": 66.66666666666667, "percent_covered_display": "67", "missing_lines": 2, "excluded_lines": 0}, "missing_lines": [186, 187], "excluded_lines": []}, "register": {"executed_lines": [195, 196, 197, 199, 200, 201, 202, 213, 214, 226, 228, 229, 230, 235, 236, 242, 246, 249, 250, 252, 269, 270], "summary": {"covered_lines": 22, "num_statements": 26, "percent_covered": 84.61538461538461, "percent_covered_display": "85", "missing_lines": 4, "excluded_lines": 0}, "missing_lines": [271, 272, 273, 274], "excluded_lines": []}, "_check_login_rate_limit": {"executed_lines": [286, 287, 288, 306, 307], "summary": {"covered_lines": 5, "num_statements": 20, "percent_covered": 25.0, "percent_covered_display": "25", "missing_lines": 15, "excluded_lines": 0}, "missing_lines": [290, 291, 292, 293, 294, 295, 296, 297, 298, 299, 300, 301, 303, 304, 305], "excluded_lines": []}, "_validate_user_password": {"executed_lines": [313, 314, 318, 319, 320], "summary": {"covered_lines": 5, "num_statements": 10, "percent_covered": 50.0, "percent_covered_display": "50", "missing_lines": 5, "excluded_lines": 0}, "missing_lines": [315, 316, 321, 322, 324], "excluded_lines": []}, "login": {"executed_lines": [336, 337, 339, 340, 342, 343, 345, 347, 348, 352, 353, 354, 355, 363, 364, 367, 368, 369, 379, 381, 384, 389, 390, 391, 395, 396, 399, 400, 402, 403], "summary": {"covered_lines": 30, "num_statements": 42, "percent_covered": 71.42857142857143, "percent_covered_display": "71", "missing_lines": 12, "excluded_lines": 0}, "missing_lines": [349, 370, 385, 386, 392, 393, 405, 406, 407, 408, 409, 410], "excluded_lines": []}, "_find_user_by_fast_lookup": {"executed_lines": [417, 418, 419, 421, 424], "summary": {"covered_lines": 5, "num_statements": 7, "percent_covered": 71.42857142857143, "percent_covered_display": "71", "missing_lines": 2, "excluded_lines": 0}, "missing_lines": [422, 423], "excluded_lines": []}, "_find_user_by_legacy_scan": {"executed_lines": [431, 432, 433, 435, 436, 439, 442, 443], "summary": {"covered_lines": 8, "num_statements": 10, "percent_covered": 80.0, "percent_covered_display": "80", "missing_lines": 2, "excluded_lines": 0}, "missing_lines": [440, 441], "excluded_lines": []}, "_find_user_by_pin": {"executed_lines": [448, 450, 453, 454, 455, 458, 459], "summary": {"covered_lines": 7, "num_statements": 7, "percent_covered": 100.0, "percent_covered_display": "100", "missing_lines": 0, "excluded_lines": 0}, "missing_lines": [], "excluded_lines": []}, "login_with_pin": {"executed_lines": [473, 474, 475, 476, 478, 481, 485, 487, 488, 492, 493, 495, 496, 497, 503, 505, 508, 513, 514, 515, 519, 520, 523, 524, 526, 527], "summary": {"covered_lines": 26, "num_statements": 39, "percent_covered": 66.66666666666667, "percent_covered_display": "67", "missing_lines": 13, "excluded_lines": 0}, "missing_lines": [482, 483, 489, 509, 510, 516, 517, 529, 530, 531, 532, 533, 534], "excluded_lines": []}, "_handle_login_failure": {"executed_lines": [541, 542, 548, 549], "summary": {"covered_lines": 4, "num_statements": 5, "percent_covered": 80.0, "percent_covered_display": "80", "missing_lines": 1, "excluded_lines": 0}, "missing_lines": [550], "excluded_lines": []}, "_migrate_legacy_password": {"executed_lines": [555], "summary": {"covered_lines": 1, "num_statements": 5, "percent_covered": 20.0, "percent_covered_display": "20", "missing_lines": 4, "excluded_lines": 0}, "missing_lines": [556, 557, 564, 565], "excluded_lines": []}, "_build_login_response": {"executed_lines": [570], "summary": {"covered_lines": 1, "num_statements": 1, "percent_covered": 100.0, "percent_covered_display": "100", "missing_lines": 0, "excluded_lines": 0}, "missing_lines": [], "excluded_lines": []}, "get_me": {"executed_lines": [591], "summary": {"covered_lines": 1, "num_statements": 1, "percent_covered": 100.0, "percent_covered_display": "100", "missing_lines": 0, "excluded_lines": 0}, "missing_lines": [], "excluded_lines": []}, "heartbeat": {"executed_lines": [607, 609], "summary": {"covered_lines": 2, "num_statements": 2, "percent_covered": 100.0, "percent_covered_display": "100", "missing_lines": 0, "excluded_lines": 0}, "missing_lines": [], "excluded_lines": []}, "change_pin": {"executed_lines": [630, 631, 632, 633, 635, 645, 646, 655, 669, 670, 679, 680, 682, 686, 687, 690, 700, 701, 709, 710, 741, 743, 744, 746, 757, 759], "summary": {"covered_lines": 26, "num_statements": 34, "percent_covered": 76.47058823529412, "percent_covered_display": "76", "missing_lines": 8, "excluded_lines": 0}, "missing_lines": [636, 683, 689, 691, 702, 721, 722, 732], "excluded_lines": []}, "change_password": {"executed_lines": [774, 775, 776, 778, 788, 798, 799, 801, 810, 811, 820, 821, 826, 828], "summary": {"covered_lines": 14, "num_statements": 17, "percent_covered": 82.3529411764706, "percent_covered_display": "82", "missing_lines": 3, "excluded_lines": 0}, "missing_lines": [779, 789, 802], "excluded_lines": []}, "": {"executed_lines": [1, 2, 3, 4, 6, 8, 9, 10, 11, 12, 13, 20, 21, 22, 23, 25, 27, 32, 80, 89, 102, 147, 167, 190, 191, 285, 310, 327, 328, 329, 413, 427, 446, 462, 463, 464, 537, 553, 568, 587, 588, 599, 600, 621, 622, 765, 766], "summary": {"covered_lines": 47, "num_statements": 47, "percent_covered": 100.0, "percent_covered_display": "100", "missing_lines": 0, "excluded_lines": 0}, "missing_lines": [], "excluded_lines": []}}, "classes": {"": {"executed_lines": [1, 2, 3, 4, 6, 8, 9, 10, 11, 12, 13, 20, 21, 22, 23, 25, 27, 32, 39, 41, 43, 44, 45, 47, 48, 51, 52, 53, 58, 59, 61, 63, 64, 65, 73, 74, 77, 80, 89, 91, 92, 93, 94, 95, 96, 102, 106, 107, 109, 112, 120, 121, 122, 127, 135, 147, 151, 152, 153, 167, 169, 170, 171, 183, 190, 191, 195, 196, 197, 199, 200, 201, 202, 213, 214, 226, 228, 229, 230, 235, 236, 242, 246, 249, 250, 252, 269, 270, 285, 286, 287, 288, 306, 307, 310, 313, 314, 318, 319, 320, 327, 328, 329, 336, 337, 339, 340, 342, 343, 345, 347, 348, 352, 353, 354, 355, 363, 364, 367, 368, 369, 379, 381, 384, 389, 390, 391, 395, 396, 399, 400, 402, 403, 413, 417, 418, 419, 421, 424, 427, 431, 432, 433, 435, 436, 439, 442, 443, 446, 448, 450, 453, 454, 455, 458, 459, 462, 463, 464, 473, 474, 475, 476, 478, 481, 485, 487, 488, 492, 493, 495, 496, 497, 503, 505, 508, 513, 514, 515, 519, 520, 523, 524, 526, 527, 537, 541, 542, 548, 549, 553, 555, 568, 570, 587, 588, 591, 599, 600, 607, 609, 621, 622, 630, 631, 632, 633, 635, 645, 646, 655, 669, 670, 679, 680, 682, 686, 687, 690, 700, 701, 709, 710, 741, 743, 744, 746, 757, 759, 765, 766, 774, 775, 776, 778, 788, 798, 799, 801, 810, 811, 820, 821, 826, 828], "summary": {"covered_lines": 245, "num_statements": 331, "percent_covered": 74.01812688821752, "percent_covered_display": "74", "missing_lines": 86, "excluded_lines": 0}, "missing_lines": [54, 55, 82, 83, 84, 85, 86, 97, 98, 99, 142, 143, 144, 163, 164, 186, 187, 271, 272, 273, 274, 290, 291, 292, 293, 294, 295, 296, 297, 298, 299, 300, 301, 303, 304, 305, 315, 316, 321, 322, 324, 349, 370, 385, 386, 392, 393, 405, 406, 407, 408, 409, 410, 422, 423, 440, 441, 482, 483, 489, 509, 510, 516, 517, 529, 530, 531, 532, 533, 534, 550, 556, 557, 564, 565, 636, 683, 689, 691, 702, 721, 722, 732, 779, 789, 802], "excluded_lines": []}}}, "api/count_lines_api.py": {"executed_lines": [1, 2, 3, 4, 5, 7, 8, 10, 11, 12, 13, 15, 16, 18, 21, 23, 26, 36, 37, 38, 42, 44, 47, 48, 49, 52, 53, 56, 57, 60, 61, 64, 65, 68, 69, 72, 73, 76, 81, 84, 90, 95, 97, 101, 103, 104, 105, 108, 109, 114, 117, 118, 119, 120, 124, 128, 132, 133, 134, 135, 138, 141, 142, 148, 151, 155, 156, 162, 165, 172, 175, 176, 177, 180, 243, 246, 247, 257, 268, 269, 273, 274, 286, 287, 290, 298, 299, 301, 311, 312, 314, 315, 325, 328, 336, 337, 339, 343, 344, 346, 347, 357, 360, 370, 371, 373, 374, 376, 377, 378, 384, 386, 399, 400, 439, 440, 477, 478, 500, 501, 517, 528, 551, 573, 574, 606, 607], "summary": {"covered_lines": 127, "num_statements": 222, "percent_covered": 57.207207207207205, "percent_covered_display": "57", "missing_lines": 95, "excluded_lines": 0}, "missing_lines": [28, 29, 30, 31, 32, 33, 125, 129, 152, 258, 259, 405, 406, 408, 410, 411, 412, 413, 415, 430, 431, 433, 434, 435, 436, 445, 446, 448, 450, 451, 452, 453, 455, 468, 469, 471, 472, 473, 474, 484, 485, 487, 488, 491, 492, 494, 495, 496, 497, 508, 519, 520, 521, 522, 523, 524, 525, 530, 531, 541, 542, 546, 547, 548, 555, 556, 557, 580, 581, 583, 585, 586, 587, 588, 590, 591, 592, 594, 595, 597, 599, 600, 601, 602, 603, 613, 616, 618, 620, 621, 623, 625, 626, 627, 637], "excluded_lines": [], "functions": {"init_count_lines_api": {"executed_lines": [23], "summary": {"covered_lines": 1, "num_statements": 1, "percent_covered": 100.0, "percent_covered_display": "100", "missing_lines": 0, "excluded_lines": 0}, "missing_lines": [], "excluded_lines": []}, "_get_db_client": {"executed_lines": [], "summary": {"covered_lines": 0, "num_statements": 6, "percent_covered": 0.0, "percent_covered_display": "0", "missing_lines": 6, "excluded_lines": 0}, "missing_lines": [28, 29, 30, 31, 32, 33], "excluded_lines": []}, "_require_supervisor": {"executed_lines": [37, 38], "summary": {"covered_lines": 2, "num_statements": 2, "percent_covered": 100.0, "percent_covered_display": "100", "missing_lines": 0, "excluded_lines": 0}, "missing_lines": [], "excluded_lines": []}, "detect_risk_flags": {"executed_lines": [44, 47, 48, 49, 52, 53, 56, 57, 60, 61, 64, 65, 68, 69, 72, 73, 76, 81, 84, 90, 95, 97], "summary": {"covered_lines": 22, "num_statements": 22, "percent_covered": 100.0, "percent_covered_display": "100", "missing_lines": 0, "excluded_lines": 0}, "missing_lines": [], "excluded_lines": []}, "calculate_financial_impact": {"executed_lines": [103, 104, 105], "summary": {"covered_lines": 3, "num_statements": 3, "percent_covered": 100.0, "percent_covered_display": "100", "missing_lines": 0, "excluded_lines": 0}, "missing_lines": [], "excluded_lines": []}, "create_count_line": {"executed_lines": [114, 117, 118, 119, 120, 124, 128, 132, 133, 134, 135, 138, 141, 142, 148, 151, 155, 156, 162, 165, 172, 175, 176, 177, 180, 243, 246, 247, 257, 268, 269, 273, 274, 286, 287], "summary": {"covered_lines": 35, "num_statements": 40, "percent_covered": 87.5, "percent_covered_display": "88", "missing_lines": 5, "excluded_lines": 0}, "missing_lines": [125, 129, 152, 258, 259], "excluded_lines": []}, "verify_stock": {"executed_lines": [298, 299, 301, 311, 312, 314, 315, 325], "summary": {"covered_lines": 8, "num_statements": 8, "percent_covered": 100.0, "percent_covered_display": "100", "missing_lines": 0, "excluded_lines": 0}, "missing_lines": [], "excluded_lines": []}, "unverify_stock": {"executed_lines": [336, 337, 339, 343, 344, 346, 347, 357], "summary": {"covered_lines": 8, "num_statements": 8, "percent_covered": 100.0, "percent_covered_display": "100", "missing_lines": 0, "excluded_lines": 0}, "missing_lines": [], "excluded_lines": []}, "get_count_lines": {"executed_lines": [370, 371, 373, 374, 376, 377, 378, 384, 386], "summary": {"covered_lines": 9, "num_statements": 9, "percent_covered": 100.0, "percent_covered_display": "100", "missing_lines": 0, "excluded_lines": 0}, "missing_lines": [], "excluded_lines": []}, "approve_count_line": {"executed_lines": [], "summary": {"covered_lines": 0, "num_statements": 14, "percent_covered": 0.0, "percent_covered_display": "0", "missing_lines": 14, "excluded_lines": 0}, "missing_lines": [405, 406, 408, 410, 411, 412, 413, 415, 430, 431, 433, 434, 435, 436], "excluded_lines": []}, "reject_count_line": {"executed_lines": [], "summary": {"covered_lines": 0, "num_statements": 14, "percent_covered": 0.0, "percent_covered_display": "0", "missing_lines": 14, "excluded_lines": 0}, "missing_lines": [445, 446, 448, 450, 451, 452, 453, 455, 468, 469, 471, 472, 473, 474], "excluded_lines": []}, "check_item_counted": {"executed_lines": [], "summary": {"covered_lines": 0, "num_statements": 10, "percent_covered": 0.0, "percent_covered_display": "0", "missing_lines": 10, "excluded_lines": 0}, "missing_lines": [484, 485, 487, 488, 491, 492, 494, 495, 496, 497], "excluded_lines": []}, "get_count_lines_route": {"executed_lines": [], "summary": {"covered_lines": 0, "num_statements": 1, "percent_covered": 0.0, "percent_covered_display": "0", "missing_lines": 1, "excluded_lines": 0}, "missing_lines": [508], "excluded_lines": []}, "_find_count_line": {"executed_lines": [], "summary": {"covered_lines": 0, "num_statements": 7, "percent_covered": 0.0, "percent_covered_display": "0", "missing_lines": 7, "excluded_lines": 0}, "missing_lines": [519, 520, 521, 522, 523, 524, 525], "excluded_lines": []}, "_recalculate_session_stats": {"executed_lines": [], "summary": {"covered_lines": 0, "num_statements": 7, "percent_covered": 0.0, "percent_covered_display": "0", "missing_lines": 7, "excluded_lines": 0}, "missing_lines": [530, 531, 541, 542, 546, 547, 548], "excluded_lines": []}, "_log_delete_activity": {"executed_lines": [], "summary": {"covered_lines": 0, "num_statements": 3, "percent_covered": 0.0, "percent_covered_display": "0", "missing_lines": 3, "excluded_lines": 0}, "missing_lines": [555, 556, 557], "excluded_lines": []}, "delete_count_line": {"executed_lines": [], "summary": {"covered_lines": 0, "num_statements": 18, "percent_covered": 0.0, "percent_covered_display": "0", "missing_lines": 18, "excluded_lines": 0}, "missing_lines": [580, 581, 583, 585, 586, 587, 588, 590, 591, 592, 594, 595, 597, 599, 600, 601, 602, 603], "excluded_lines": []}, "check_item_scan_status": {"executed_lines": [], "summary": {"covered_lines": 0, "num_statements": 10, "percent_covered": 0.0, "percent_covered_display": "0", "missing_lines": 10, "excluded_lines": 0}, "missing_lines": [613, 616, 618, 620, 621, 623, 625, 626, 627, 637], "excluded_lines": []}, "": {"executed_lines": [1, 2, 3, 4, 5, 7, 8, 10, 11, 12, 13, 15, 16, 18, 21, 26, 36, 42, 101, 108, 109, 290, 328, 360, 399, 400, 439, 440, 477, 478, 500, 501, 517, 528, 551, 573, 574, 606, 607], "summary": {"covered_lines": 39, "num_statements": 39, "percent_covered": 100.0, "percent_covered_display": "100", "missing_lines": 0, "excluded_lines": 0}, "missing_lines": [], "excluded_lines": []}}, "classes": {"": {"executed_lines": [1, 2, 3, 4, 5, 7, 8, 10, 11, 12, 13, 15, 16, 18, 21, 23, 26, 36, 37, 38, 42, 44, 47, 48, 49, 52, 53, 56, 57, 60, 61, 64, 65, 68, 69, 72, 73, 76, 81, 84, 90, 95, 97, 101, 103, 104, 105, 108, 109, 114, 117, 118, 119, 120, 124, 128, 132, 133, 134, 135, 138, 141, 142, 148, 151, 155, 156, 162, 165, 172, 175, 176, 177, 180, 243, 246, 247, 257, 268, 269, 273, 274, 286, 287, 290, 298, 299, 301, 311, 312, 314, 315, 325, 328, 336, 337, 339, 343, 344, 346, 347, 357, 360, 370, 371, 373, 374, 376, 377, 378, 384, 386, 399, 400, 439, 440, 477, 478, 500, 501, 517, 528, 551, 573, 574, 606, 607], "summary": {"covered_lines": 127, "num_statements": 222, "percent_covered": 57.207207207207205, "percent_covered_display": "57", "missing_lines": 95, "excluded_lines": 0}, "missing_lines": [28, 29, 30, 31, 32, 33, 125, 129, 152, 258, 259, 405, 406, 408, 410, 411, 412, 413, 415, 430, 431, 433, 434, 435, 436, 445, 446, 448, 450, 451, 452, 453, 455, 468, 469, 471, 472, 473, 474, 484, 485, 487, 488, 491, 492, 494, 495, 496, 497, 508, 519, 520, 521, 522, 523, 524, 525, 530, 531, 541, 542, 546, 547, 548, 555, 556, 557, 580, 581, 583, 585, 586, 587, 588, 590, 591, 592, 594, 595, 597, 599, 600, 601, 602, 603, 613, 616, 618, 620, 621, 623, 625, 626, 627, 637], "excluded_lines": []}}}, "api/enhanced_item_api.py": {"executed_lines": [1, 6, 7, 8, 9, 10, 12, 13, 17, 20, 24, 25, 27, 30, 31, 32, 33, 36, 39, 40, 41, 44, 45, 46, 54, 57, 65, 66, 76, 80, 83, 84, 86, 93, 94, 104, 106, 108, 109, 112, 115, 119, 120, 125, 128, 131, 132, 135, 142, 145, 146, 147, 158, 163, 179, 180, 187, 189, 190, 209, 238, 246, 247, 248, 249, 250, 255, 256, 257, 268, 270, 271, 276, 279, 281, 343, 353, 355, 365, 368, 369, 372, 373, 375, 376, 378, 379, 381, 382, 384, 385, 386, 389, 393, 396, 398, 404, 407, 420, 423, 426, 429, 432, 433, 434, 435, 437, 439, 442, 444, 447, 448, 451, 463, 466, 467, 487, 489, 491, 505, 506, 511, 512, 513, 514, 517, 520, 521, 523, 565, 566, 570, 571, 581, 583, 587, 588, 590, 596, 597, 633, 634, 650, 651, 673, 674], "summary": {"covered_lines": 144, "num_statements": 221, "percent_covered": 65.15837104072398, "percent_covered_display": "65", "missing_lines": 77, "excluded_lines": 0}, "missing_lines": [47, 48, 51, 87, 88, 89, 90, 116, 136, 137, 138, 140, 191, 192, 193, 197, 212, 213, 214, 225, 227, 228, 229, 230, 232, 235, 251, 252, 272, 273, 387, 391, 436, 438, 440, 550, 551, 552, 554, 584, 591, 592, 593, 600, 601, 603, 605, 606, 609, 611, 616, 626, 628, 629, 630, 640, 641, 643, 655, 656, 657, 660, 662, 666, 668, 669, 670, 678, 679, 681, 682, 684, 686, 688, 694, 695, 696], "excluded_lines": [], "functions": {"init_enhanced_api": {"executed_lines": [39, 40, 41, 44, 45, 46], "summary": {"covered_lines": 6, "num_statements": 9, "percent_covered": 66.66666666666667, "percent_covered_display": "67", "missing_lines": 3, "excluded_lines": 0}, "missing_lines": [47, 48, 51], "excluded_lines": []}, "_validate_barcode_format": {"executed_lines": [65, 66, 76], "summary": {"covered_lines": 3, "num_statements": 3, "percent_covered": 100.0, "percent_covered_display": "100", "missing_lines": 0, "excluded_lines": 0}, "missing_lines": [], "excluded_lines": []}, "ItemResponse.__init__": {"executed_lines": [], "summary": {"covered_lines": 0, "num_statements": 4, "percent_covered": 0.0, "percent_covered_display": "0", "missing_lines": 4, "excluded_lines": 0}, "missing_lines": [87, 88, 89, 90], "excluded_lines": []}, "get_item_by_barcode_enhanced": {"executed_lines": [104, 106, 108, 109, 112, 115, 119, 120, 125, 128, 131, 132, 135, 142, 145, 146, 147, 158, 163, 179, 180, 187, 189, 190], "summary": {"covered_lines": 24, "num_statements": 33, "percent_covered": 72.72727272727273, "percent_covered_display": "73", "missing_lines": 9, "excluded_lines": 0}, "missing_lines": [116, 136, 137, 138, 140, 191, 192, 193, 197], "excluded_lines": []}, "_fetch_from_specific_source": {"executed_lines": [], "summary": {"covered_lines": 0, "num_statements": 10, "percent_covered": 0.0, "percent_covered_display": "0", "missing_lines": 10, "excluded_lines": 0}, "missing_lines": [212, 213, 214, 225, 227, 228, 229, 230, 232, 235], "excluded_lines": []}, "_fetch_with_fallback_strategy": {"executed_lines": [246, 247, 248, 249, 250, 255, 256, 257, 268, 270, 271, 276], "summary": {"covered_lines": 12, "num_statements": 16, "percent_covered": 75.0, "percent_covered_display": "75", "missing_lines": 4, "excluded_lines": 0}, "missing_lines": [251, 252, 272, 273], "excluded_lines": []}, "_build_relevance_stage": {"executed_lines": [281], "summary": {"covered_lines": 1, "num_statements": 1, "percent_covered": 100.0, "percent_covered_display": "100", "missing_lines": 0, "excluded_lines": 0}, "missing_lines": [], "excluded_lines": []}, "_build_match_conditions": {"executed_lines": [353, 355, 365, 368, 369, 372, 373, 375, 376, 378, 379, 381, 382, 384, 385, 386, 389, 393], "summary": {"covered_lines": 18, "num_statements": 20, "percent_covered": 90.0, "percent_covered_display": "90", "missing_lines": 2, "excluded_lines": 0}, "missing_lines": [387, 391], "excluded_lines": []}, "_get_stock_level_filter": {"executed_lines": [398, 404], "summary": {"covered_lines": 2, "num_statements": 2, "percent_covered": 100.0, "percent_covered_display": "100", "missing_lines": 0, "excluded_lines": 0}, "missing_lines": [], "excluded_lines": []}, "_build_search_pipeline": {"executed_lines": [420, 423, 426, 429, 432, 433, 434, 435, 437, 439, 442, 444, 447, 448, 451, 463], "summary": {"covered_lines": 16, "num_statements": 19, "percent_covered": 84.21052631578948, "percent_covered_display": "84", "missing_lines": 3, "excluded_lines": 0}, "missing_lines": [436, 438, 440], "excluded_lines": []}, "advanced_item_search": {"executed_lines": [487, 489, 491, 505, 506, 511, 512, 513, 514, 517, 520, 521, 523], "summary": {"covered_lines": 13, "num_statements": 17, "percent_covered": 76.47058823529412, "percent_covered_display": "76", "missing_lines": 4, "excluded_lines": 0}, "missing_lines": [550, 551, 552, 554], "excluded_lines": []}, "get_unique_locations": {"executed_lines": [570, 571, 581, 583, 587, 588, 590], "summary": {"covered_lines": 7, "num_statements": 11, "percent_covered": 63.63636363636363, "percent_covered_display": "64", "missing_lines": 4, "excluded_lines": 0}, "missing_lines": [584, 591, 592, 593], "excluded_lines": []}, "get_item_api_performance": {"executed_lines": [], "summary": {"covered_lines": 0, "num_statements": 12, "percent_covered": 0.0, "percent_covered_display": "0", "missing_lines": 12, "excluded_lines": 0}, "missing_lines": [600, 601, 603, 605, 606, 609, 611, 616, 626, 628, 629, 630], "excluded_lines": []}, "trigger_realtime_sync": {"executed_lines": [], "summary": {"covered_lines": 0, "num_statements": 3, "percent_covered": 0.0, "percent_covered_display": "0", "missing_lines": 3, "excluded_lines": 0}, "missing_lines": [640, 641, 643], "excluded_lines": []}, "get_database_status": {"executed_lines": [], "summary": {"covered_lines": 0, "num_statements": 9, "percent_covered": 0.0, "percent_covered_display": "0", "missing_lines": 9, "excluded_lines": 0}, "missing_lines": [655, 656, 657, 660, 662, 666, 668, 669, 670], "excluded_lines": []}, "optimize_database_performance": {"executed_lines": [], "summary": {"covered_lines": 0, "num_statements": 10, "percent_covered": 0.0, "percent_covered_display": "0", "missing_lines": 10, "excluded_lines": 0}, "missing_lines": [678, 679, 681, 682, 684, 686, 688, 694, 695, 696], "excluded_lines": []}, "": {"executed_lines": [1, 6, 7, 8, 9, 10, 12, 13, 17, 20, 24, 25, 27, 30, 31, 32, 33, 36, 54, 57, 80, 83, 84, 86, 93, 94, 209, 238, 279, 343, 396, 407, 466, 467, 565, 566, 596, 597, 633, 634, 650, 651, 673, 674], "summary": {"covered_lines": 42, "num_statements": 42, "percent_covered": 100.0, "percent_covered_display": "100", "missing_lines": 0, "excluded_lines": 0}, "missing_lines": [], "excluded_lines": []}}, "classes": {"ItemResponse": {"executed_lines": [], "summary": {"covered_lines": 0, "num_statements": 4, "percent_covered": 0.0, "percent_covered_display": "0", "missing_lines": 4, "excluded_lines": 0}, "missing_lines": [87, 88, 89, 90], "excluded_lines": []}, "": {"executed_lines": [1, 6, 7, 8, 9, 10, 12, 13, 17, 20, 24, 25, 27, 30, 31, 32, 33, 36, 39, 40, 41, 44, 45, 46, 54, 57, 65, 66, 76, 80, 83, 84, 86, 93, 94, 104, 106, 108, 109, 112, 115, 119, 120, 125, 128, 131, 132, 135, 142, 145, 146, 147, 158, 163, 179, 180, 187, 189, 190, 209, 238, 246, 247, 248, 249, 250, 255, 256, 257, 268, 270, 271, 276, 279, 281, 343, 353, 355, 365, 368, 369, 372, 373, 375, 376, 378, 379, 381, 382, 384, 385, 386, 389, 393, 396, 398, 404, 407, 420, 423, 426, 429, 432, 433, 434, 435, 437, 439, 442, 444, 447, 448, 451, 463, 466, 467, 487, 489, 491, 505, 506, 511, 512, 513, 514, 517, 520, 521, 523, 565, 566, 570, 571, 581, 583, 587, 588, 590, 596, 597, 633, 634, 650, 651, 673, 674], "summary": {"covered_lines": 144, "num_statements": 217, "percent_covered": 66.3594470046083, "percent_covered_display": "66", "missing_lines": 73, "excluded_lines": 0}, "missing_lines": [47, 48, 51, 116, 136, 137, 138, 140, 191, 192, 193, 197, 212, 213, 214, 225, 227, 228, 229, 230, 232, 235, 251, 252, 272, 273, 387, 391, 436, 438, 440, 550, 551, 552, 554, 584, 591, 592, 593, 600, 601, 603, 605, 606, 609, 611, 616, 626, 628, 629, 630, 640, 641, 643, 655, 656, 657, 660, 662, 666, 668, 669, 670, 678, 679, 681, 682, 684, 686, 688, 694, 695, 696], "excluded_lines": []}}}, "api/erp_api.py": {"executed_lines": [1, 2, 3, 5, 6, 8, 9, 10, 11, 13, 14, 16, 17, 20, 25, 26, 29, 32, 45, 54, 57, 58, 59, 68, 69, 78, 81, 82, 92, 93, 102, 111, 123, 124, 128, 132, 135, 136, 137, 138, 141, 142, 153, 154, 155, 156, 169, 170, 172, 175, 176, 183, 188, 190, 191, 201, 202, 204, 211, 212, 221, 225, 226, 229, 239, 249, 250, 253, 254, 255, 256, 257, 258, 259, 261, 274, 275, 276, 277, 279, 292, 293, 304, 305, 306, 311], "summary": {"covered_lines": 86, "num_statements": 93, "percent_covered": 92.47311827956989, "percent_covered_display": "92", "missing_lines": 7, "excluded_lines": 0}, "missing_lines": [46, 94, 103, 113, 129, 184, 222], "excluded_lines": [], "functions": {"init_erp_api": {"executed_lines": [25, 26], "summary": {"covered_lines": 2, "num_statements": 2, "percent_covered": 100.0, "percent_covered_display": "100", "missing_lines": 0, "excluded_lines": 0}, "missing_lines": [], "excluded_lines": []}, "_normalize_barcode_input": {"executed_lines": [45, 54, 57, 58, 59, 68, 69, 78, 81, 82, 92, 93, 102, 111], "summary": {"covered_lines": 14, "num_statements": 18, "percent_covered": 77.77777777777777, "percent_covered_display": "78", "missing_lines": 4, "excluded_lines": 0}, "missing_lines": [46, 94, 103, 113], "excluded_lines": []}, "get_item_by_barcode": {"executed_lines": [128, 132, 135, 136, 137, 138, 141, 142, 153, 154, 155, 156, 169, 170, 172], "summary": {"covered_lines": 15, "num_statements": 16, "percent_covered": 93.75, "percent_covered_display": "94", "missing_lines": 1, "excluded_lines": 0}, "missing_lines": [129], "excluded_lines": []}, "refresh_item_stock": {"executed_lines": [183, 188, 190, 191, 201, 202, 204], "summary": {"covered_lines": 7, "num_statements": 8, "percent_covered": 87.5, "percent_covered_display": "88", "missing_lines": 1, "excluded_lines": 0}, "missing_lines": [184], "excluded_lines": []}, "get_all_items": {"executed_lines": [221, 225, 226, 229, 239, 249, 250, 253, 254, 255, 256, 257, 258, 259, 261, 274, 275, 276, 277, 279], "summary": {"covered_lines": 20, "num_statements": 21, "percent_covered": 95.23809523809524, "percent_covered_display": "95", "missing_lines": 1, "excluded_lines": 0}, "missing_lines": [222], "excluded_lines": []}, "search_items_compatibility": {"executed_lines": [304, 305, 306, 311], "summary": {"covered_lines": 4, "num_statements": 4, "percent_covered": 100.0, "percent_covered_display": "100", "missing_lines": 0, "excluded_lines": 0}, "missing_lines": [], "excluded_lines": []}, "": {"executed_lines": [1, 2, 3, 5, 6, 8, 9, 10, 11, 13, 14, 16, 17, 20, 29, 32, 123, 124, 175, 176, 211, 212, 292, 293], "summary": {"covered_lines": 24, "num_statements": 24, "percent_covered": 100.0, "percent_covered_display": "100", "missing_lines": 0, "excluded_lines": 0}, "missing_lines": [], "excluded_lines": []}}, "classes": {"": {"executed_lines": [1, 2, 3, 5, 6, 8, 9, 10, 11, 13, 14, 16, 17, 20, 25, 26, 29, 32, 45, 54, 57, 58, 59, 68, 69, 78, 81, 82, 92, 93, 102, 111, 123, 124, 128, 132, 135, 136, 137, 138, 141, 142, 153, 154, 155, 156, 169, 170, 172, 175, 176, 183, 188, 190, 191, 201, 202, 204, 211, 212, 221, 225, 226, 229, 239, 249, 250, 253, 254, 255, 256, 257, 258, 259, 261, 274, 275, 276, 277, 279, 292, 293, 304, 305, 306, 311], "summary": {"covered_lines": 86, "num_statements": 93, "percent_covered": 92.47311827956989, "percent_covered_display": "92", "missing_lines": 7, "excluded_lines": 0}, "missing_lines": [46, 94, 103, 113, 129, 184, 222], "excluded_lines": []}}}, "api/error_reporting_api.py": {"executed_lines": [1, 6, 7, 8, 10, 11, 12, 14, 15, 17, 20, 23, 24, 26, 27, 28, 29, 30, 31, 34, 35, 37, 38, 39, 40, 41, 42, 43, 44, 47, 48, 50, 51, 52, 53, 54, 55, 56, 59, 60, 62, 63, 64, 65, 69, 82, 83, 152, 153, 189, 190, 251, 252, 277, 278, 318, 319, 339, 340, 382], "summary": {"covered_lines": 55, "num_statements": 176, "percent_covered": 31.25, "percent_covered_display": "31", "missing_lines": 121, "excluded_lines": 0}, "missing_lines": [94, 96, 97, 100, 101, 104, 115, 125, 128, 129, 132, 133, 136, 137, 139, 147, 148, 149, 167, 168, 170, 171, 174, 175, 176, 177, 180, 182, 184, 185, 186, 197, 198, 200, 201, 202, 205, 206, 207, 208, 209, 210, 213, 214, 215, 216, 218, 219, 220, 221, 222, 225, 226, 227, 229, 244, 246, 247, 248, 259, 260, 262, 263, 265, 266, 268, 270, 271, 272, 273, 274, 289, 290, 292, 293, 295, 296, 298, 299, 301, 303, 311, 312, 313, 314, 315, 326, 327, 329, 330, 332, 334, 335, 336, 347, 348, 350, 351, 354, 371, 372, 373, 375, 377, 378, 379, 386, 388, 394, 395, 396, 397, 399, 400, 401, 402, 403, 405, 407, 419, 420], "excluded_lines": [], "functions": {"report_error": {"executed_lines": [], "summary": {"covered_lines": 0, "num_statements": 18, "percent_covered": 0.0, "percent_covered_display": "0", "missing_lines": 18, "excluded_lines": 0}, "missing_lines": [94, 96, 97, 100, 101, 104, 115, 125, 128, 129, 132, 133, 136, 137, 139, 147, 148, 149], "excluded_lines": []}, "get_errors": {"executed_lines": [], "summary": {"covered_lines": 0, "num_statements": 13, "percent_covered": 0.0, "percent_covered_display": "0", "missing_lines": 13, "excluded_lines": 0}, "missing_lines": [167, 168, 170, 171, 174, 175, 176, 177, 180, 182, 184, 185, 186], "excluded_lines": []}, "get_error_dashboard": {"executed_lines": [], "summary": {"covered_lines": 0, "num_statements": 28, "percent_covered": 0.0, "percent_covered_display": "0", "missing_lines": 28, "excluded_lines": 0}, "missing_lines": [197, 198, 200, 201, 202, 205, 206, 207, 208, 209, 210, 213, 214, 215, 216, 218, 219, 220, 221, 222, 225, 226, 227, 229, 244, 246, 247, 248], "excluded_lines": []}, "get_error_detail": {"executed_lines": [], "summary": {"covered_lines": 0, "num_statements": 12, "percent_covered": 0.0, "percent_covered_display": "0", "missing_lines": 12, "excluded_lines": 0}, "missing_lines": [259, 260, 262, 263, 265, 266, 268, 270, 271, 272, 273, 274], "excluded_lines": []}, "update_error_status": {"executed_lines": [], "summary": {"covered_lines": 0, "num_statements": 15, "percent_covered": 0.0, "percent_covered_display": "0", "missing_lines": 15, "excluded_lines": 0}, "missing_lines": [289, 290, 292, 293, 295, 296, 298, 299, 301, 303, 311, 312, 313, 314, 315], "excluded_lines": []}, "delete_error": {"executed_lines": [], "summary": {"covered_lines": 0, "num_statements": 8, "percent_covered": 0.0, "percent_covered_display": "0", "missing_lines": 8, "excluded_lines": 0}, "missing_lines": [326, 327, 329, 330, 332, 334, 335, 336], "excluded_lines": []}, "get_error_summary": {"executed_lines": [], "summary": {"covered_lines": 0, "num_statements": 12, "percent_covered": 0.0, "percent_covered_display": "0", "missing_lines": 12, "excluded_lines": 0}, "missing_lines": [347, 348, 350, 351, 354, 371, 372, 373, 375, 377, 378, 379], "excluded_lines": []}, "notify_admin_critical_error": {"executed_lines": [], "summary": {"covered_lines": 0, "num_statements": 15, "percent_covered": 0.0, "percent_covered_display": "0", "missing_lines": 15, "excluded_lines": 0}, "missing_lines": [386, 388, 394, 395, 396, 397, 399, 400, 401, 402, 403, 405, 407, 419, 420], "excluded_lines": []}, "": {"executed_lines": [1, 6, 7, 8, 10, 11, 12, 14, 15, 17, 20, 23, 24, 26, 27, 28, 29, 30, 31, 34, 35, 37, 38, 39, 40, 41, 42, 43, 44, 47, 48, 50, 51, 52, 53, 54, 55, 56, 59, 60, 62, 63, 64, 65, 69, 82, 83, 152, 153, 189, 190, 251, 252, 277, 278, 318, 319, 339, 340, 382], "summary": {"covered_lines": 55, "num_statements": 55, "percent_covered": 100.0, "percent_covered_display": "100", "missing_lines": 0, "excluded_lines": 0}, "missing_lines": [], "excluded_lines": []}}, "classes": {"ErrorReport": {"executed_lines": [], "summary": {"covered_lines": 0, "num_statements": 0, "percent_covered": 100.0, "percent_covered_display": "100", "missing_lines": 0, "excluded_lines": 0}, "missing_lines": [], "excluded_lines": []}, "ErrorLogEntry": {"executed_lines": [], "summary": {"covered_lines": 0, "num_statements": 0, "percent_covered": 100.0, "percent_covered_display": "100", "missing_lines": 0, "excluded_lines": 0}, "missing_lines": [], "excluded_lines": []}, "ErrorStatistics": {"executed_lines": [], "summary": {"covered_lines": 0, "num_statements": 0, "percent_covered": 100.0, "percent_covered_display": "100", "missing_lines": 0, "excluded_lines": 0}, "missing_lines": [], "excluded_lines": []}, "ErrorDashboard": {"executed_lines": [], "summary": {"covered_lines": 0, "num_statements": 0, "percent_covered": 100.0, "percent_covered_display": "100", "missing_lines": 0, "excluded_lines": 0}, "missing_lines": [], "excluded_lines": []}, "": {"executed_lines": [1, 6, 7, 8, 10, 11, 12, 14, 15, 17, 20, 23, 24, 26, 27, 28, 29, 30, 31, 34, 35, 37, 38, 39, 40, 41, 42, 43, 44, 47, 48, 50, 51, 52, 53, 54, 55, 56, 59, 60, 62, 63, 64, 65, 69, 82, 83, 152, 153, 189, 190, 251, 252, 277, 278, 318, 319, 339, 340, 382], "summary": {"covered_lines": 55, "num_statements": 176, "percent_covered": 31.25, "percent_covered_display": "31", "missing_lines": 121, "excluded_lines": 0}, "missing_lines": [94, 96, 97, 100, 101, 104, 115, 125, 128, 129, 132, 133, 136, 137, 139, 147, 148, 149, 167, 168, 170, 171, 174, 175, 176, 177, 180, 182, 184, 185, 186, 197, 198, 200, 201, 202, 205, 206, 207, 208, 209, 210, 213, 214, 215, 216, 218, 219, 220, 221, 222, 225, 226, 227, 229, 244, 246, 247, 248, 259, 260, 262, 263, 265, 266, 268, 270, 271, 272, 273, 274, 289, 290, 292, 293, 295, 296, 298, 299, 301, 303, 311, 312, 313, 314, 315, 326, 327, 329, 330, 332, 334, 335, 336, 347, 348, 350, 351, 354, 371, 372, 373, 375, 377, 378, 379, 386, 388, 394, 395, 396, 397, 399, 400, 401, 402, 403, 405, 407, 419, 420], "excluded_lines": []}}}, "api/item_verification_api.py": {"executed_lines": [1, 5, 6, 7, 8, 9, 10, 11, 13, 14, 15, 16, 18, 20, 23, 24, 27, 30, 31, 34, 37, 38, 39, 40, 43, 55, 57, 58, 59, 61, 62, 65, 66, 69, 70, 73, 74, 77, 80, 81, 83, 84, 90, 93, 97, 110, 111, 112, 113, 114, 115, 116, 117, 118, 119, 120, 121, 122, 125, 126, 127, 128, 129, 130, 133, 134, 142, 144, 145, 146, 148, 155, 156, 157, 158, 159, 160, 161, 163, 166, 169, 171, 172, 173, 175, 178, 188, 190, 191, 197, 199, 200, 201, 205, 209, 216, 217, 218, 223, 233, 234, 235, 236, 239, 243, 244, 245, 247, 252, 255, 263, 286, 287, 295, 296, 297, 300, 301, 303, 306, 308, 309, 310, 312, 315, 317, 321, 323, 324, 326, 327, 329, 345, 346, 415, 416, 532, 533, 594, 595, 643, 644], "summary": {"covered_lines": 141, "num_statements": 253, "percent_covered": 55.73122529644269, "percent_covered_display": "56", "missing_lines": 112, "excluded_lines": 0}, "missing_lines": [63, 67, 71, 75, 78, 94, 99, 100, 101, 103, 104, 105, 107, 162, 164, 192, 193, 194, 202, 240, 246, 248, 249, 250, 298, 338, 339, 340, 341, 342, 362, 363, 374, 375, 377, 383, 384, 386, 390, 391, 393, 410, 411, 412, 430, 431, 442, 470, 472, 473, 474, 475, 476, 477, 480, 482, 483, 484, 485, 486, 513, 514, 515, 516, 517, 519, 521, 527, 528, 529, 545, 546, 548, 549, 551, 552, 554, 555, 557, 558, 561, 564, 567, 570, 573, 574, 575, 576, 578, 589, 590, 591, 599, 600, 603, 620, 621, 623, 636, 638, 639, 640, 651, 653, 664, 666, 667, 668, 683, 685, 686, 687], "excluded_lines": [], "functions": {"init_verification_api": {"executed_lines": [30, 31], "summary": {"covered_lines": 2, "num_statements": 2, "percent_covered": 100.0, "percent_covered_display": "100", "missing_lines": 0, "excluded_lines": 0}, "missing_lines": [], "excluded_lines": []}, "_regex_filter": {"executed_lines": [38, 39, 40], "summary": {"covered_lines": 3, "num_statements": 3, "percent_covered": 100.0, "percent_covered_display": "100", "missing_lines": 0, "excluded_lines": 0}, "missing_lines": [], "excluded_lines": []}, "build_item_filter_query": {"executed_lines": [55, 57, 58, 59, 61, 62, 65, 66, 69, 70, 73, 74, 77, 80, 81, 83, 84, 90], "summary": {"covered_lines": 18, "num_statements": 23, "percent_covered": 78.26086956521739, "percent_covered_display": "78", "missing_lines": 5, "excluded_lines": 0}, "missing_lines": [63, 67, 71, 75, 78], "excluded_lines": []}, "serialize_mongo_datetime": {"executed_lines": [], "summary": {"covered_lines": 0, "num_statements": 1, "percent_covered": 0.0, "percent_covered_display": "0", "missing_lines": 1, "excluded_lines": 0}, "missing_lines": [94], "excluded_lines": []}, "serialize_item_document": {"executed_lines": [], "summary": {"covered_lines": 0, "num_statements": 7, "percent_covered": 0.0, "percent_covered_display": "0", "missing_lines": 7, "excluded_lines": 0}, "missing_lines": [99, 100, 101, 103, 104, 105, 107], "excluded_lines": []}, "update_item_master": {"executed_lines": [142, 144, 145, 146, 148, 155, 156, 157, 158, 159, 160, 161, 163, 166, 169, 171, 172, 173, 175, 178, 188, 190, 191], "summary": {"covered_lines": 23, "num_statements": 28, "percent_covered": 82.14285714285714, "percent_covered_display": "82", "missing_lines": 5, "excluded_lines": 0}, "missing_lines": [162, 164, 192, 193, 194], "excluded_lines": []}, "_calculate_variance": {"executed_lines": [199, 200, 201], "summary": {"covered_lines": 3, "num_statements": 4, "percent_covered": 75.0, "percent_covered_display": "75", "missing_lines": 1, "excluded_lines": 0}, "missing_lines": [202], "excluded_lines": []}, "_build_item_update_doc": {"executed_lines": [209, 216, 217, 218, 223, 233, 234, 235, 236, 239, 243, 244, 245, 247, 252], "summary": {"covered_lines": 15, "num_statements": 20, "percent_covered": 75.0, "percent_covered_display": "75", "missing_lines": 5, "excluded_lines": 0}, "missing_lines": [240, 246, 248, 249, 250], "excluded_lines": []}, "_build_verification_log_doc": {"executed_lines": [263], "summary": {"covered_lines": 1, "num_statements": 1, "percent_covered": 100.0, "percent_covered_display": "100", "missing_lines": 0, "excluded_lines": 0}, "missing_lines": [], "excluded_lines": []}, "verify_item": {"executed_lines": [295, 296, 297, 300, 301, 303, 306, 308, 309, 310, 312, 315, 317, 321, 323, 324, 326, 327, 329], "summary": {"covered_lines": 19, "num_statements": 25, "percent_covered": 76.0, "percent_covered_display": "76", "missing_lines": 6, "excluded_lines": 0}, "missing_lines": [298, 338, 339, 340, 341, 342], "excluded_lines": []}, "get_filtered_items": {"executed_lines": [], "summary": {"covered_lines": 0, "num_statements": 14, "percent_covered": 0.0, "percent_covered_display": "0", "missing_lines": 14, "excluded_lines": 0}, "missing_lines": [362, 363, 374, 375, 377, 383, 384, 386, 390, 391, 393, 410, 411, 412], "excluded_lines": []}, "export_items_csv": {"executed_lines": [], "summary": {"covered_lines": 0, "num_statements": 9, "percent_covered": 0.0, "percent_covered_display": "0", "missing_lines": 9, "excluded_lines": 0}, "missing_lines": [430, 431, 442, 470, 519, 521, 527, 528, 529], "excluded_lines": []}, "export_items_csv.generate_csv_rows": {"executed_lines": [], "summary": {"covered_lines": 0, "num_statements": 17, "percent_covered": 0.0, "percent_covered_display": "0", "missing_lines": 17, "excluded_lines": 0}, "missing_lines": [472, 473, 474, 475, 476, 477, 480, 482, 483, 484, 485, 486, 513, 514, 515, 516, 517], "excluded_lines": []}, "get_variances": {"executed_lines": [], "summary": {"covered_lines": 0, "num_statements": 22, "percent_covered": 0.0, "percent_covered_display": "0", "missing_lines": 22, "excluded_lines": 0}, "missing_lines": [545, 546, 548, 549, 551, 552, 554, 555, 557, 558, 561, 564, 567, 570, 573, 574, 575, 576, 578, 589, 590, 591], "excluded_lines": []}, "get_live_users": {"executed_lines": [], "summary": {"covered_lines": 0, "num_statements": 10, "percent_covered": 0.0, "percent_covered_display": "0", "missing_lines": 10, "excluded_lines": 0}, "missing_lines": [599, 600, 603, 620, 621, 623, 636, 638, 639, 640], "excluded_lines": []}, "get_live_verifications": {"executed_lines": [], "summary": {"covered_lines": 0, "num_statements": 10, "percent_covered": 0.0, "percent_covered_display": "0", "missing_lines": 10, "excluded_lines": 0}, "missing_lines": [651, 653, 664, 666, 667, 668, 683, 685, 686, 687], "excluded_lines": []}, "": {"executed_lines": [1, 5, 6, 7, 8, 9, 10, 11, 13, 14, 15, 16, 18, 20, 23, 24, 27, 34, 37, 43, 93, 97, 110, 111, 112, 113, 114, 115, 116, 117, 118, 119, 120, 121, 122, 125, 126, 127, 128, 129, 130, 133, 134, 197, 205, 255, 286, 287, 345, 346, 415, 416, 532, 533, 594, 595, 643, 644], "summary": {"covered_lines": 57, "num_statements": 57, "percent_covered": 100.0, "percent_covered_display": "100", "missing_lines": 0, "excluded_lines": 0}, "missing_lines": [], "excluded_lines": []}}, "classes": {"VerificationRequest": {"executed_lines": [], "summary": {"covered_lines": 0, "num_statements": 0, "percent_covered": 100.0, "percent_covered_display": "100", "missing_lines": 0, "excluded_lines": 0}, "missing_lines": [], "excluded_lines": []}, "ItemUpdateRequest": {"executed_lines": [], "summary": {"covered_lines": 0, "num_statements": 0, "percent_covered": 100.0, "percent_covered_display": "100", "missing_lines": 0, "excluded_lines": 0}, "missing_lines": [], "excluded_lines": []}, "": {"executed_lines": [1, 5, 6, 7, 8, 9, 10, 11, 13, 14, 15, 16, 18, 20, 23, 24, 27, 30, 31, 34, 37, 38, 39, 40, 43, 55, 57, 58, 59, 61, 62, 65, 66, 69, 70, 73, 74, 77, 80, 81, 83, 84, 90, 93, 97, 110, 111, 112, 113, 114, 115, 116, 117, 118, 119, 120, 121, 122, 125, 126, 127, 128, 129, 130, 133, 134, 142, 144, 145, 146, 148, 155, 156, 157, 158, 159, 160, 161, 163, 166, 169, 171, 172, 173, 175, 178, 188, 190, 191, 197, 199, 200, 201, 205, 209, 216, 217, 218, 223, 233, 234, 235, 236, 239, 243, 244, 245, 247, 252, 255, 263, 286, 287, 295, 296, 297, 300, 301, 303, 306, 308, 309, 310, 312, 315, 317, 321, 323, 324, 326, 327, 329, 345, 346, 415, 416, 532, 533, 594, 595, 643, 644], "summary": {"covered_lines": 141, "num_statements": 253, "percent_covered": 55.73122529644269, "percent_covered_display": "56", "missing_lines": 112, "excluded_lines": 0}, "missing_lines": [63, 67, 71, 75, 78, 94, 99, 100, 101, 103, 104, 105, 107, 162, 164, 192, 193, 194, 202, 240, 246, 248, 249, 250, 298, 338, 339, 340, 341, 342, 362, 363, 374, 375, 377, 383, 384, 386, 390, 391, 393, 410, 411, 412, 430, 431, 442, 470, 472, 473, 474, 475, 476, 477, 480, 482, 483, 484, 485, 486, 513, 514, 515, 516, 517, 519, 521, 527, 528, 529, 545, 546, 548, 549, 551, 552, 554, 555, 557, 558, 561, 564, 567, 570, 573, 574, 575, 576, 578, 589, 590, 591, 599, 600, 603, 620, 621, 623, 636, 638, 639, 640, 651, 653, 664, 666, 667, 668, 683, 685, 686, 687], "excluded_lines": []}}}, "api/locations_api.py": {"executed_lines": [1, 2, 4, 6, 7, 8, 10, 12, 15, 16, 25, 26, 27, 60, 61, 62, 79, 97, 99, 101, 114, 116, 117, 121, 126, 127, 128, 129, 160, 161, 162, 165, 166], "summary": {"covered_lines": 33, "num_statements": 77, "percent_covered": 42.857142857142854, "percent_covered_display": "43", "missing_lines": 44, "excluded_lines": 0}, "missing_lines": [80, 102, 103, 104, 105, 107, 108, 109, 110, 111, 112, 118, 119, 122, 123, 131, 133, 134, 136, 137, 142, 143, 144, 145, 146, 147, 148, 149, 151, 152, 153, 154, 155, 156, 158, 168, 170, 171, 172, 175, 176, 181, 182, 184], "excluded_lines": [], "functions": {"get_warehouses": {"executed_lines": [25, 99, 101, 114, 116, 117, 121, 126, 127, 128, 129, 160, 161, 162], "summary": {"covered_lines": 14, "num_statements": 48, "percent_covered": 29.166666666666668, "percent_covered_display": "29", "missing_lines": 34, "excluded_lines": 0}, "missing_lines": [102, 103, 104, 105, 107, 108, 109, 110, 111, 112, 118, 119, 122, 123, 131, 133, 134, 136, 137, 142, 143, 144, 145, 146, 147, 148, 149, 151, 152, 153, 154, 155, 156, 158], "excluded_lines": []}, "get_warehouses._defaults_for_zone": {"executed_lines": [26, 27, 60, 61, 62, 79, 97], "summary": {"covered_lines": 7, "num_statements": 8, "percent_covered": 87.5, "percent_covered_display": "88", "missing_lines": 1, "excluded_lines": 0}, "missing_lines": [80], "excluded_lines": []}, "get_zones": {"executed_lines": [], "summary": {"covered_lines": 0, "num_statements": 9, "percent_covered": 0.0, "percent_covered_display": "0", "missing_lines": 9, "excluded_lines": 0}, "missing_lines": [168, 170, 171, 172, 175, 176, 181, 182, 184], "excluded_lines": []}, "": {"executed_lines": [1, 2, 4, 6, 7, 8, 10, 12, 15, 16, 165, 166], "summary": {"covered_lines": 12, "num_statements": 12, "percent_covered": 100.0, "percent_covered_display": "100", "missing_lines": 0, "excluded_lines": 0}, "missing_lines": [], "excluded_lines": []}}, "classes": {"": {"executed_lines": [1, 2, 4, 6, 7, 8, 10, 12, 15, 16, 25, 26, 27, 60, 61, 62, 79, 97, 99, 101, 114, 116, 117, 121, 126, 127, 128, 129, 160, 161, 162, 165, 166], "summary": {"covered_lines": 33, "num_statements": 77, "percent_covered": 42.857142857142854, "percent_covered_display": "43", "missing_lines": 44, "excluded_lines": 0}, "missing_lines": [80, 102, 103, 104, 105, 107, 108, 109, 110, 111, 112, 118, 119, 122, 123, 131, 133, 134, 136, 137, 142, 143, 144, 145, 146, 147, 148, 149, 151, 152, 153, 154, 155, 156, 158, 168, 170, 171, 172, 175, 176, 181, 182, 184], "excluded_lines": []}}}, "api/mapping_api.py": {"executed_lines": [1, 2, 3, 4, 5, 6, 8, 9, 10, 12, 13, 14, 16, 17, 22, 23, 24, 25, 26, 27, 28, 31, 32, 33, 34, 35, 38, 39, 40, 41, 47, 53, 55, 56, 57, 72, 73, 76, 77, 78, 80, 81, 84, 85, 86, 105, 114, 119, 125, 128, 150, 151, 160, 161, 162, 163, 164, 166, 172, 173, 175, 176, 184, 185, 195, 196, 197, 198, 199, 201, 207, 209, 210, 211, 220, 221, 229, 230, 239, 240, 241, 242, 243, 246, 247, 250, 251, 252, 254, 255, 256, 257, 258, 261, 265, 268, 275, 276, 277, 278, 279, 281, 282, 290, 291, 300, 301, 302, 305, 308, 315, 317, 318, 320, 322, 329, 330, 333, 338, 346, 347, 351, 352, 353, 354, 356, 357, 358, 359, 360, 361, 362, 364, 368], "summary": {"covered_lines": 134, "num_statements": 198, "percent_covered": 67.67676767676768, "percent_covered_display": "68", "missing_lines": 64, "excluded_lines": 0}, "missing_lines": [48, 49, 50, 59, 60, 61, 64, 65, 66, 67, 68, 69, 87, 88, 89, 90, 91, 92, 93, 94, 95, 99, 115, 120, 133, 134, 135, 136, 141, 142, 143, 145, 146, 147, 177, 178, 179, 180, 181, 222, 223, 224, 225, 226, 248, 262, 283, 284, 285, 286, 287, 306, 319, 323, 326, 331, 339, 340, 341, 342, 343, 369, 370, 371], "excluded_lines": [], "functions": {"_require_mapping_admin": {"executed_lines": [], "summary": {"covered_lines": 0, "num_statements": 3, "percent_covered": 0.0, "percent_covered_display": "0", "missing_lines": 3, "excluded_lines": 0}, "missing_lines": [48, 49, 50], "excluded_lines": []}, "_enforce_configured_sql_target": {"executed_lines": [55, 56, 57], "summary": {"covered_lines": 3, "num_statements": 12, "percent_covered": 25.0, "percent_covered_display": "25", "missing_lines": 9, "excluded_lines": 0}, "missing_lines": [59, 60, 61, 64, 65, 66, 67, 68, 69], "excluded_lines": []}, "get_connection_string": {"executed_lines": [73, 76, 77, 78, 80, 81], "summary": {"covered_lines": 6, "num_statements": 6, "percent_covered": 100.0, "percent_covered_display": "100", "missing_lines": 0, "excluded_lines": 0}, "missing_lines": [], "excluded_lines": []}, "get_connection": {"executed_lines": [85, 86], "summary": {"covered_lines": 2, "num_statements": 12, "percent_covered": 16.666666666666668, "percent_covered_display": "17", "missing_lines": 10, "excluded_lines": 0}, "missing_lines": [87, 88, 89, 90, 91, 92, 93, 94, 95, 99], "excluded_lines": []}, "_safe_identifier": {"executed_lines": [114, 119, 125], "summary": {"covered_lines": 3, "num_statements": 5, "percent_covered": 60.0, "percent_covered_display": "60", "missing_lines": 2, "excluded_lines": 0}, "missing_lines": [115, 120], "excluded_lines": []}, "_encrypt_erp_password": {"executed_lines": [], "summary": {"covered_lines": 0, "num_statements": 10, "percent_covered": 0.0, "percent_covered_display": "0", "missing_lines": 10, "excluded_lines": 0}, "missing_lines": [133, 134, 135, 136, 141, 142, 143, 145, 146, 147], "excluded_lines": []}, "get_tables": {"executed_lines": [160, 161, 162, 163, 164, 166, 172, 173, 175, 176], "summary": {"covered_lines": 10, "num_statements": 15, "percent_covered": 66.66666666666667, "percent_covered_display": "67", "missing_lines": 5, "excluded_lines": 0}, "missing_lines": [177, 178, 179, 180, 181], "excluded_lines": []}, "get_columns": {"executed_lines": [195, 196, 197, 198, 199, 201, 207, 209, 210, 211, 220, 221], "summary": {"covered_lines": 12, "num_statements": 17, "percent_covered": 70.58823529411765, "percent_covered_display": "71", "missing_lines": 5, "excluded_lines": 0}, "missing_lines": [222, 223, 224, 225, 226], "excluded_lines": []}, "preview_mapping": {"executed_lines": [239, 240, 241, 242, 243, 246, 247, 250, 251, 252, 254, 255, 256, 257, 258, 261, 265, 268, 275, 276, 277, 278, 279, 281, 282], "summary": {"covered_lines": 25, "num_statements": 32, "percent_covered": 78.125, "percent_covered_display": "78", "missing_lines": 7, "excluded_lines": 0}, "missing_lines": [248, 262, 283, 284, 285, 286, 287], "excluded_lines": []}, "save_mapping": {"executed_lines": [300, 301, 302, 305, 308, 315, 317, 318, 320, 322, 329, 330, 333, 338], "summary": {"covered_lines": 14, "num_statements": 24, "percent_covered": 58.333333333333336, "percent_covered_display": "58", "missing_lines": 10, "excluded_lines": 0}, "missing_lines": [306, 319, 323, 326, 331, 339, 340, 341, 342, 343], "excluded_lines": []}, "get_current_mapping": {"executed_lines": [351, 352, 353, 354, 356, 357, 358, 359, 360, 361, 362, 364, 368], "summary": {"covered_lines": 13, "num_statements": 16, "percent_covered": 81.25, "percent_covered_display": "81", "missing_lines": 3, "excluded_lines": 0}, "missing_lines": [369, 370, 371], "excluded_lines": []}, "": {"executed_lines": [1, 2, 3, 4, 5, 6, 8, 9, 10, 12, 13, 14, 16, 17, 22, 23, 24, 25, 26, 27, 28, 31, 32, 33, 34, 35, 38, 39, 40, 41, 47, 53, 72, 84, 105, 128, 150, 151, 184, 185, 229, 230, 290, 291, 346, 347], "summary": {"covered_lines": 46, "num_statements": 46, "percent_covered": 100.0, "percent_covered_display": "100", "missing_lines": 0, "excluded_lines": 0}, "missing_lines": [], "excluded_lines": []}}, "classes": {"ConnectionParams": {"executed_lines": [], "summary": {"covered_lines": 0, "num_statements": 0, "percent_covered": 100.0, "percent_covered_display": "100", "missing_lines": 0, "excluded_lines": 0}, "missing_lines": [], "excluded_lines": []}, "ColumnMapping": {"executed_lines": [], "summary": {"covered_lines": 0, "num_statements": 0, "percent_covered": 100.0, "percent_covered_display": "100", "missing_lines": 0, "excluded_lines": 0}, "missing_lines": [], "excluded_lines": []}, "MappingConfig": {"executed_lines": [], "summary": {"covered_lines": 0, "num_statements": 0, "percent_covered": 100.0, "percent_covered_display": "100", "missing_lines": 0, "excluded_lines": 0}, "missing_lines": [], "excluded_lines": []}, "": {"executed_lines": [1, 2, 3, 4, 5, 6, 8, 9, 10, 12, 13, 14, 16, 17, 22, 23, 24, 25, 26, 27, 28, 31, 32, 33, 34, 35, 38, 39, 40, 41, 47, 53, 55, 56, 57, 72, 73, 76, 77, 78, 80, 81, 84, 85, 86, 105, 114, 119, 125, 128, 150, 151, 160, 161, 162, 163, 164, 166, 172, 173, 175, 176, 184, 185, 195, 196, 197, 198, 199, 201, 207, 209, 210, 211, 220, 221, 229, 230, 239, 240, 241, 242, 243, 246, 247, 250, 251, 252, 254, 255, 256, 257, 258, 261, 265, 268, 275, 276, 277, 278, 279, 281, 282, 290, 291, 300, 301, 302, 305, 308, 315, 317, 318, 320, 322, 329, 330, 333, 338, 346, 347, 351, 352, 353, 354, 356, 357, 358, 359, 360, 361, 362, 364, 368], "summary": {"covered_lines": 134, "num_statements": 198, "percent_covered": 67.67676767676768, "percent_covered_display": "68", "missing_lines": 64, "excluded_lines": 0}, "missing_lines": [48, 49, 50, 59, 60, 61, 64, 65, 66, 67, 68, 69, 87, 88, 89, 90, 91, 92, 93, 94, 95, 99, 115, 120, 133, 134, 135, 136, 141, 142, 143, 145, 146, 147, 177, 178, 179, 180, 181, 222, 223, 224, 225, 226, 248, 262, 283, 284, 285, 286, 287, 306, 319, 323, 326, 331, 339, 340, 341, 342, 343, 369, 370, 371], "excluded_lines": []}}}, "api/master_settings_api.py": {"executed_lines": [1, 5, 6, 7, 9, 10, 12, 14, 15, 16, 17, 18, 19, 21, 25, 27, 30, 44, 46, 47, 50, 51, 52, 55, 56, 57, 60, 61, 66, 67, 68, 71, 72, 73, 76, 77, 78, 79, 80, 83, 84, 87, 90, 91, 122, 123, 163, 164, 223, 224], "summary": {"covered_lines": 49, "num_statements": 108, "percent_covered": 45.370370370370374, "percent_covered_display": "45", "missing_lines": 59, "excluded_lines": 0}, "missing_lines": [22, 32, 33, 35, 37, 38, 39, 93, 94, 97, 99, 100, 101, 107, 108, 112, 113, 115, 116, 127, 128, 131, 132, 133, 134, 137, 140, 149, 155, 156, 157, 166, 228, 229, 231, 233, 234, 237, 238, 240, 241, 242, 244, 245, 247, 250, 251, 252, 253, 256, 257, 258, 259, 260, 262, 264, 268, 269, 270], "excluded_lines": [], "functions": {"require_admin": {"executed_lines": [], "summary": {"covered_lines": 0, "num_statements": 6, "percent_covered": 0.0, "percent_covered_display": "0", "missing_lines": 6, "excluded_lines": 0}, "missing_lines": [32, 33, 35, 37, 38, 39], "excluded_lines": []}, "get_system_parameters": {"executed_lines": [], "summary": {"covered_lines": 0, "num_statements": 12, "percent_covered": 0.0, "percent_covered_display": "0", "missing_lines": 12, "excluded_lines": 0}, "missing_lines": [93, 94, 97, 99, 100, 101, 107, 108, 112, 113, 115, 116], "excluded_lines": []}, "update_system_parameters": {"executed_lines": [], "summary": {"covered_lines": 0, "num_statements": 12, "percent_covered": 0.0, "percent_covered_display": "0", "missing_lines": 12, "excluded_lines": 0}, "missing_lines": [127, 128, 131, 132, 133, 134, 137, 140, 149, 155, 156, 157], "excluded_lines": []}, "get_settings_categories": {"executed_lines": [], "summary": {"covered_lines": 0, "num_statements": 1, "percent_covered": 0.0, "percent_covered_display": "0", "missing_lines": 1, "excluded_lines": 0}, "missing_lines": [166], "excluded_lines": []}, "reset_to_defaults": {"executed_lines": [], "summary": {"covered_lines": 0, "num_statements": 27, "percent_covered": 0.0, "percent_covered_display": "0", "missing_lines": 27, "excluded_lines": 0}, "missing_lines": [228, 229, 231, 233, 234, 237, 238, 240, 241, 242, 244, 245, 247, 250, 251, 252, 253, 256, 257, 258, 259, 260, 262, 264, 268, 269, 270], "excluded_lines": []}, "": {"executed_lines": [1, 5, 6, 7, 9, 10, 12, 14, 15, 16, 17, 18, 19, 21, 25, 27, 30, 44, 46, 47, 50, 51, 52, 55, 56, 57, 60, 61, 66, 67, 68, 71, 72, 73, 76, 77, 78, 79, 80, 83, 84, 87, 90, 91, 122, 123, 163, 164, 223, 224], "summary": {"covered_lines": 49, "num_statements": 50, "percent_covered": 98.0, "percent_covered_display": "98", "missing_lines": 1, "excluded_lines": 0}, "missing_lines": [22], "excluded_lines": []}}, "classes": {"SystemParameters": {"executed_lines": [], "summary": {"covered_lines": 0, "num_statements": 0, "percent_covered": 100.0, "percent_covered_display": "100", "missing_lines": 0, "excluded_lines": 0}, "missing_lines": [], "excluded_lines": []}, "": {"executed_lines": [1, 5, 6, 7, 9, 10, 12, 14, 15, 16, 17, 18, 19, 21, 25, 27, 30, 44, 46, 47, 50, 51, 52, 55, 56, 57, 60, 61, 66, 67, 68, 71, 72, 73, 76, 77, 78, 79, 80, 83, 84, 87, 90, 91, 122, 123, 163, 164, 223, 224], "summary": {"covered_lines": 49, "num_statements": 108, "percent_covered": 45.370370370370374, "percent_covered_display": "45", "missing_lines": 59, "excluded_lines": 0}, "missing_lines": [22, 32, 33, 35, 37, 38, 39, 93, 94, 97, 99, 100, 101, 107, 108, 112, 113, 115, 116, 127, 128, 131, 132, 133, 134, 137, 140, 149, 155, 156, 157, 166, 228, 229, 231, 233, 234, 237, 238, 240, 241, 242, 244, 245, 247, 250, 251, 252, 253, 256, 257, 258, 259, 260, 262, 264, 268, 269, 270], "excluded_lines": []}}}, "api/pin_auth_api.py": {"executed_lines": [1, 5, 6, 7, 9, 15, 16, 17, 18, 20, 23, 24, 25, 28, 29, 30, 33, 34, 40, 43, 44, 50, 51, 52, 57, 60, 61, 68, 69, 70, 77, 78, 79, 83, 84, 90, 91, 93, 94, 100, 101, 106, 109, 110, 114], "summary": {"covered_lines": 44, "num_statements": 50, "percent_covered": 88.0, "percent_covered_display": "88", "missing_lines": 6, "excluded_lines": 0}, "missing_lines": [45, 71, 85, 102, 111, 112], "excluded_lines": [], "functions": {"change_pin": {"executed_lines": [40, 43, 44, 50, 51, 52, 57], "summary": {"covered_lines": 7, "num_statements": 8, "percent_covered": 87.5, "percent_covered_display": "88", "missing_lines": 1, "excluded_lines": 0}, "missing_lines": [45], "excluded_lines": []}, "login_with_pin": {"executed_lines": [68, 69, 70, 77, 78, 79, 83, 84, 90, 91, 93, 94, 100, 101, 106, 109, 110, 114], "summary": {"covered_lines": 18, "num_statements": 23, "percent_covered": 78.26086956521739, "percent_covered_display": "78", "missing_lines": 5, "excluded_lines": 0}, "missing_lines": [71, 85, 102, 111, 112], "excluded_lines": []}, "": {"executed_lines": [1, 5, 6, 7, 9, 15, 16, 17, 18, 20, 23, 24, 25, 28, 29, 30, 33, 34, 60, 61], "summary": {"covered_lines": 19, "num_statements": 19, "percent_covered": 100.0, "percent_covered_display": "100", "missing_lines": 0, "excluded_lines": 0}, "missing_lines": [], "excluded_lines": []}}, "classes": {"PinChangeRequest": {"executed_lines": [], "summary": {"covered_lines": 0, "num_statements": 0, "percent_covered": 100.0, "percent_covered_display": "100", "missing_lines": 0, "excluded_lines": 0}, "missing_lines": [], "excluded_lines": []}, "PinLoginRequest": {"executed_lines": [], "summary": {"covered_lines": 0, "num_statements": 0, "percent_covered": 100.0, "percent_covered_display": "100", "missing_lines": 0, "excluded_lines": 0}, "missing_lines": [], "excluded_lines": []}, "": {"executed_lines": [1, 5, 6, 7, 9, 15, 16, 17, 18, 20, 23, 24, 25, 28, 29, 30, 33, 34, 40, 43, 44, 50, 51, 52, 57, 60, 61, 68, 69, 70, 77, 78, 79, 83, 84, 90, 91, 93, 94, 100, 101, 106, 109, 110, 114], "summary": {"covered_lines": 44, "num_statements": 50, "percent_covered": 88.0, "percent_covered_display": "88", "missing_lines": 6, "excluded_lines": 0}, "missing_lines": [45, 71, 85, 102, 111, 112], "excluded_lines": []}}}, "api/preferences_api.py": {"executed_lines": [1, 5, 6, 8, 9, 10, 17, 20, 21, 26, 29, 31, 32, 35, 38, 39, 45, 48, 50, 52, 54, 56, 57, 59, 62, 63, 64, 66, 67, 68, 70], "summary": {"covered_lines": 30, "num_statements": 32, "percent_covered": 93.75, "percent_covered_display": "94", "missing_lines": 2, "excluded_lines": 0}, "missing_lines": [58, 69], "excluded_lines": [], "functions": {"get_my_preferences": {"executed_lines": [26, 29, 31, 32, 35], "summary": {"covered_lines": 5, "num_statements": 5, "percent_covered": 100.0, "percent_covered_display": "100", "missing_lines": 0, "excluded_lines": 0}, "missing_lines": [], "excluded_lines": []}, "update_my_preferences": {"executed_lines": [45, 48, 50, 52, 54, 56, 57, 59, 62, 63, 64, 66, 67, 68, 70], "summary": {"covered_lines": 15, "num_statements": 17, "percent_covered": 88.23529411764706, "percent_covered_display": "88", "missing_lines": 2, "excluded_lines": 0}, "missing_lines": [58, 69], "excluded_lines": []}, "": {"executed_lines": [1, 5, 6, 8, 9, 10, 17, 20, 21, 38, 39], "summary": {"covered_lines": 10, "num_statements": 10, "percent_covered": 100.0, "percent_covered_display": "100", "missing_lines": 0, "excluded_lines": 0}, "missing_lines": [], "excluded_lines": []}}, "classes": {"": {"executed_lines": [1, 5, 6, 8, 9, 10, 17, 20, 21, 26, 29, 31, 32, 35, 38, 39, 45, 48, 50, 52, 54, 56, 57, 59, 62, 63, 64, 66, 67, 68, 70], "summary": {"covered_lines": 30, "num_statements": 32, "percent_covered": 93.75, "percent_covered_display": "94", "missing_lines": 2, "excluded_lines": 0}, "missing_lines": [58, 69], "excluded_lines": []}}}, "api/response_models.py": {"executed_lines": [1, 6, 7, 9, 11, 14, 15, 20, 21, 22, 25, 26, 27, 28, 30, 31, 35, 42, 43, 62, 63, 68, 69, 70, 71, 72, 73, 74, 76, 77, 85, 86, 97, 98, 100, 101, 104, 107, 110, 111, 113, 114, 115, 116, 117, 118, 119, 120], "summary": {"covered_lines": 43, "num_statements": 44, "percent_covered": 97.72727272727273, "percent_covered_display": "98", "missing_lines": 1, "excluded_lines": 0}, "missing_lines": [51], "excluded_lines": [], "functions": {"ApiResponse.success_response": {"executed_lines": [35], "summary": {"covered_lines": 1, "num_statements": 1, "percent_covered": 100.0, "percent_covered_display": "100", "missing_lines": 0, "excluded_lines": 0}, "missing_lines": [], "excluded_lines": []}, "ApiResponse.error_response": {"executed_lines": [], "summary": {"covered_lines": 0, "num_statements": 1, "percent_covered": 0.0, "percent_covered_display": "0", "missing_lines": 1, "excluded_lines": 0}, "missing_lines": [51], "excluded_lines": []}, "PaginatedResponse.create": {"executed_lines": [85, 86], "summary": {"covered_lines": 2, "num_statements": 2, "percent_covered": 100.0, "percent_covered_display": "100", "missing_lines": 0, "excluded_lines": 0}, "missing_lines": [], "excluded_lines": []}, "": {"executed_lines": [1, 6, 7, 9, 11, 14, 15, 20, 21, 22, 25, 26, 27, 28, 30, 31, 42, 43, 62, 63, 68, 69, 70, 71, 72, 73, 74, 76, 77, 97, 98, 100, 101, 104, 107, 110, 111, 113, 114, 115, 116, 117, 118, 119, 120], "summary": {"covered_lines": 40, "num_statements": 40, "percent_covered": 100.0, "percent_covered_display": "100", "missing_lines": 0, "excluded_lines": 0}, "missing_lines": [], "excluded_lines": []}}, "classes": {"ApiResponse": {"executed_lines": [35], "summary": {"covered_lines": 1, "num_statements": 2, "percent_covered": 50.0, "percent_covered_display": "50", "missing_lines": 1, "excluded_lines": 0}, "missing_lines": [51], "excluded_lines": []}, "PaginatedResponse": {"executed_lines": [85, 86], "summary": {"covered_lines": 2, "num_statements": 2, "percent_covered": 100.0, "percent_covered_display": "100", "missing_lines": 0, "excluded_lines": 0}, "missing_lines": [], "excluded_lines": []}, "HealthCheckResponse": {"executed_lines": [], "summary": {"covered_lines": 0, "num_statements": 0, "percent_covered": 100.0, "percent_covered_display": "100", "missing_lines": 0, "excluded_lines": 0}, "missing_lines": [], "excluded_lines": []}, "ConnectionPoolStatusResponse": {"executed_lines": [], "summary": {"covered_lines": 0, "num_statements": 0, "percent_covered": 100.0, "percent_covered_display": "100", "missing_lines": 0, "excluded_lines": 0}, "missing_lines": [], "excluded_lines": []}, "": {"executed_lines": [1, 6, 7, 9, 11, 14, 15, 20, 21, 22, 25, 26, 27, 28, 30, 31, 42, 43, 62, 63, 68, 69, 70, 71, 72, 73, 74, 76, 77, 97, 98, 100, 101, 104, 107, 110, 111, 113, 114, 115, 116, 117, 118, 119, 120], "summary": {"covered_lines": 40, "num_statements": 40, "percent_covered": 100.0, "percent_covered_display": "100", "missing_lines": 0, "excluded_lines": 0}, "missing_lines": [], "excluded_lines": []}}}, "api/schemas.py": {"executed_lines": [1, 2, 3, 4, 6, 8, 11, 12, 13, 14, 15, 16, 18, 23, 24, 27, 28, 32, 33, 35, 36, 37, 38, 39, 40, 41, 42, 43, 44, 45, 46, 47, 48, 49, 50, 51, 52, 53, 54, 55, 56, 57, 58, 59, 60, 61, 62, 63, 64, 65, 66, 67, 68, 70, 71, 72, 73, 74, 76, 77, 78, 80, 81, 82, 83, 84, 85, 86, 87, 89, 90, 91, 92, 93, 94, 95, 96, 97, 98, 99, 100, 101, 104, 105, 106, 107, 108, 109, 110, 111, 112, 113, 116, 117, 118, 119, 120, 121, 124, 125, 126, 127, 128, 129, 130, 133, 134, 135, 138, 139, 141, 144, 145, 146, 149, 150, 151, 152, 155, 156, 157, 158, 159, 162, 163, 165, 166, 167, 168, 171, 172, 174, 175, 176, 177, 178, 179, 182, 183, 184, 185, 186, 187, 188, 189, 190, 191, 192, 193, 194, 195, 196, 197, 198, 199, 200, 201, 202, 203, 204, 205, 206, 207, 208, 209, 210, 213, 214, 215, 216, 217, 218, 219, 220, 221, 222, 223, 224, 225, 227, 228, 229, 230, 231, 237, 239, 242, 243, 247, 249, 252, 253, 254, 257, 258, 259, 260, 261, 262, 263, 264, 265, 266, 267, 268, 269, 270, 273, 274, 275, 276, 277, 278, 279, 280, 281, 282, 283], "summary": {"covered_lines": 215, "num_statements": 220, "percent_covered": 97.72727272727273, "percent_covered_display": "98", "missing_lines": 5, "excluded_lines": 0}, "missing_lines": [25, 29, 238, 240, 248], "excluded_lines": [], "functions": {"ApiResponse.success_response": {"executed_lines": [], "summary": {"covered_lines": 0, "num_statements": 1, "percent_covered": 0.0, "percent_covered_display": "0", "missing_lines": 1, "excluded_lines": 0}, "missing_lines": [25], "excluded_lines": []}, "ApiResponse.error_response": {"executed_lines": [], "summary": {"covered_lines": 0, "num_statements": 1, "percent_covered": 0.0, "percent_covered_display": "0", "missing_lines": 1, "excluded_lines": 0}, "missing_lines": [29], "excluded_lines": []}, "Session.normalize_status": {"executed_lines": [230, 231, 237, 239], "summary": {"covered_lines": 4, "num_statements": 6, "percent_covered": 66.66666666666667, "percent_covered_display": "67", "missing_lines": 2, "excluded_lines": 0}, "missing_lines": [238, 240], "excluded_lines": []}, "Session.compute_legacy_status": {"executed_lines": [247, 249], "summary": {"covered_lines": 2, "num_statements": 3, "percent_covered": 66.66666666666667, "percent_covered_display": "67", "missing_lines": 1, "excluded_lines": 0}, "missing_lines": [248], "excluded_lines": []}, "": {"executed_lines": [1, 2, 3, 4, 6, 8, 11, 12, 13, 14, 15, 16, 18, 23, 24, 27, 28, 32, 33, 35, 36, 37, 38, 39, 40, 41, 42, 43, 44, 45, 46, 47, 48, 49, 50, 51, 52, 53, 54, 55, 56, 57, 58, 59, 60, 61, 62, 63, 64, 65, 66, 67, 68, 70, 71, 72, 73, 74, 76, 77, 78, 80, 81, 82, 83, 84, 85, 86, 87, 89, 90, 91, 92, 93, 94, 95, 96, 97, 98, 99, 100, 101, 104, 105, 106, 107, 108, 109, 110, 111, 112, 113, 116, 117, 118, 119, 120, 121, 124, 125, 126, 127, 128, 129, 130, 133, 134, 135, 138, 139, 141, 144, 145, 146, 149, 150, 151, 152, 155, 156, 157, 158, 159, 162, 163, 165, 166, 167, 168, 171, 172, 174, 175, 176, 177, 178, 179, 182, 183, 184, 185, 186, 187, 188, 189, 190, 191, 192, 193, 194, 195, 196, 197, 198, 199, 200, 201, 202, 203, 204, 205, 206, 207, 208, 209, 210, 213, 214, 215, 216, 217, 218, 219, 220, 221, 222, 223, 224, 225, 227, 228, 229, 242, 243, 252, 253, 254, 257, 258, 259, 260, 261, 262, 263, 264, 265, 266, 267, 268, 269, 270, 273, 274, 275, 276, 277, 278, 279, 280, 281, 282, 283], "summary": {"covered_lines": 209, "num_statements": 209, "percent_covered": 100.0, "percent_covered_display": "100", "missing_lines": 0, "excluded_lines": 0}, "missing_lines": [], "excluded_lines": []}}, "classes": {"ApiResponse": {"executed_lines": [], "summary": {"covered_lines": 0, "num_statements": 2, "percent_covered": 0.0, "percent_covered_display": "0", "missing_lines": 2, "excluded_lines": 0}, "missing_lines": [25, 29], "excluded_lines": []}, "ERPItem": {"executed_lines": [], "summary": {"covered_lines": 0, "num_statements": 0, "percent_covered": 100.0, "percent_covered_display": "100", "missing_lines": 0, "excluded_lines": 0}, "missing_lines": [], "excluded_lines": []}, "UserInfo": {"executed_lines": [], "summary": {"covered_lines": 0, "num_statements": 0, "percent_covered": 100.0, "percent_covered_display": "100", "missing_lines": 0, "excluded_lines": 0}, "missing_lines": [], "excluded_lines": []}, "TokenResponse": {"executed_lines": [], "summary": {"covered_lines": 0, "num_statements": 0, "percent_covered": 100.0, "percent_covered_display": "100", "missing_lines": 0, "excluded_lines": 0}, "missing_lines": [], "excluded_lines": []}, "UserRegister": {"executed_lines": [], "summary": {"covered_lines": 0, "num_statements": 0, "percent_covered": 100.0, "percent_covered_display": "100", "missing_lines": 0, "excluded_lines": 0}, "missing_lines": [], "excluded_lines": []}, "UserLogin": {"executed_lines": [], "summary": {"covered_lines": 0, "num_statements": 0, "percent_covered": 100.0, "percent_covered_display": "100", "missing_lines": 0, "excluded_lines": 0}, "missing_lines": [], "excluded_lines": []}, "PinLogin": {"executed_lines": [], "summary": {"covered_lines": 0, "num_statements": 0, "percent_covered": 100.0, "percent_covered_display": "100", "missing_lines": 0, "excluded_lines": 0}, "missing_lines": [], "excluded_lines": []}, "CorrectionReason": {"executed_lines": [], "summary": {"covered_lines": 0, "num_statements": 0, "percent_covered": 100.0, "percent_covered_display": "100", "missing_lines": 0, "excluded_lines": 0}, "missing_lines": [], "excluded_lines": []}, "PhotoProof": {"executed_lines": [], "summary": {"covered_lines": 0, "num_statements": 0, "percent_covered": 100.0, "percent_covered_display": "100", "missing_lines": 0, "excluded_lines": 0}, "missing_lines": [], "excluded_lines": []}, "CorrectionMetadata": {"executed_lines": [], "summary": {"covered_lines": 0, "num_statements": 0, "percent_covered": 100.0, "percent_covered_display": "100", "missing_lines": 0, "excluded_lines": 0}, "missing_lines": [], "excluded_lines": []}, "DateFormatType": {"executed_lines": [], "summary": {"covered_lines": 0, "num_statements": 0, "percent_covered": 100.0, "percent_covered_display": "100", "missing_lines": 0, "excluded_lines": 0}, "missing_lines": [], "excluded_lines": []}, "SerialEntry": {"executed_lines": [], "summary": {"covered_lines": 0, "num_statements": 0, "percent_covered": 100.0, "percent_covered_display": "100", "missing_lines": 0, "excluded_lines": 0}, "missing_lines": [], "excluded_lines": []}, "CountLineCreate": {"executed_lines": [], "summary": {"covered_lines": 0, "num_statements": 0, "percent_covered": 100.0, "percent_covered_display": "100", "missing_lines": 0, "excluded_lines": 0}, "missing_lines": [], "excluded_lines": []}, "Session": {"executed_lines": [230, 231, 237, 239, 247, 249], "summary": {"covered_lines": 6, "num_statements": 9, "percent_covered": 66.66666666666667, "percent_covered_display": "67", "missing_lines": 3, "excluded_lines": 0}, "missing_lines": [238, 240, 248], "excluded_lines": []}, "SessionCreate": {"executed_lines": [], "summary": {"covered_lines": 0, "num_statements": 0, "percent_covered": 100.0, "percent_covered_display": "100", "missing_lines": 0, "excluded_lines": 0}, "missing_lines": [], "excluded_lines": []}, "UnknownItem": {"executed_lines": [], "summary": {"covered_lines": 0, "num_statements": 0, "percent_covered": 100.0, "percent_covered_display": "100", "missing_lines": 0, "excluded_lines": 0}, "missing_lines": [], "excluded_lines": []}, "UnknownItemCreate": {"executed_lines": [], "summary": {"covered_lines": 0, "num_statements": 0, "percent_covered": 100.0, "percent_covered_display": "100", "missing_lines": 0, "excluded_lines": 0}, "missing_lines": [], "excluded_lines": []}, "": {"executed_lines": [1, 2, 3, 4, 6, 8, 11, 12, 13, 14, 15, 16, 18, 23, 24, 27, 28, 32, 33, 35, 36, 37, 38, 39, 40, 41, 42, 43, 44, 45, 46, 47, 48, 49, 50, 51, 52, 53, 54, 55, 56, 57, 58, 59, 60, 61, 62, 63, 64, 65, 66, 67, 68, 70, 71, 72, 73, 74, 76, 77, 78, 80, 81, 82, 83, 84, 85, 86, 87, 89, 90, 91, 92, 93, 94, 95, 96, 97, 98, 99, 100, 101, 104, 105, 106, 107, 108, 109, 110, 111, 112, 113, 116, 117, 118, 119, 120, 121, 124, 125, 126, 127, 128, 129, 130, 133, 134, 135, 138, 139, 141, 144, 145, 146, 149, 150, 151, 152, 155, 156, 157, 158, 159, 162, 163, 165, 166, 167, 168, 171, 172, 174, 175, 176, 177, 178, 179, 182, 183, 184, 185, 186, 187, 188, 189, 190, 191, 192, 193, 194, 195, 196, 197, 198, 199, 200, 201, 202, 203, 204, 205, 206, 207, 208, 209, 210, 213, 214, 215, 216, 217, 218, 219, 220, 221, 222, 223, 224, 225, 227, 228, 229, 242, 243, 252, 253, 254, 257, 258, 259, 260, 261, 262, 263, 264, 265, 266, 267, 268, 269, 270, 273, 274, 275, 276, 277, 278, 279, 280, 281, 282, 283], "summary": {"covered_lines": 209, "num_statements": 209, "percent_covered": 100.0, "percent_covered_display": "100", "missing_lines": 0, "excluded_lines": 0}, "missing_lines": [], "excluded_lines": []}}}, "api/search_api.py": {"executed_lines": [1, 13, 14, 16, 17, 19, 20, 21, 22, 24, 26, 30, 31, 33, 34, 35, 36, 37, 38, 39, 40, 41, 42, 43, 44, 45, 46, 47, 48, 49, 51, 74, 75, 77, 78, 84, 85, 87, 88, 89, 90, 91, 94, 95, 97, 98, 101, 102, 104, 105, 109, 110, 131, 152, 179, 180, 183, 184, 186, 192, 203, 222, 228, 248, 254, 290, 296], "summary": {"covered_lines": 61, "num_statements": 91, "percent_covered": 67.03296703296704, "percent_covered_display": "67", "missing_lines": 30, "excluded_lines": 0}, "missing_lines": [208, 209, 210, 214, 215, 216, 240, 265, 266, 267, 269, 276, 277, 278, 282, 283, 284, 300, 301, 302, 303, 305, 308, 312, 319, 320, 321, 325, 326, 327], "excluded_lines": [], "functions": {"_to_response": {"executed_lines": [110], "summary": {"covered_lines": 1, "num_statements": 1, "percent_covered": 100.0, "percent_covered_display": "100", "missing_lines": 0, "excluded_lines": 0}, "missing_lines": [], "excluded_lines": []}, "search_optimized": {"executed_lines": [179, 180, 183, 184, 186, 192, 203], "summary": {"covered_lines": 7, "num_statements": 13, "percent_covered": 53.84615384615385, "percent_covered_display": "54", "missing_lines": 6, "excluded_lines": 0}, "missing_lines": [208, 209, 210, 214, 215, 216], "excluded_lines": []}, "search_optimized_post": {"executed_lines": [], "summary": {"covered_lines": 0, "num_statements": 1, "percent_covered": 0.0, "percent_covered_display": "0", "missing_lines": 1, "excluded_lines": 0}, "missing_lines": [240], "excluded_lines": []}, "get_suggestions": {"executed_lines": [], "summary": {"covered_lines": 0, "num_statements": 10, "percent_covered": 0.0, "percent_covered_display": "0", "missing_lines": 10, "excluded_lines": 0}, "missing_lines": [265, 266, 267, 269, 276, 277, 278, 282, 283, 284], "excluded_lines": []}, "get_search_filters": {"executed_lines": [], "summary": {"covered_lines": 0, "num_statements": 13, "percent_covered": 0.0, "percent_covered_display": "0", "missing_lines": 13, "excluded_lines": 0}, "missing_lines": [300, 301, 302, 303, 305, 308, 312, 319, 320, 321, 325, 326, 327], "excluded_lines": []}, "": {"executed_lines": [1, 13, 14, 16, 17, 19, 20, 21, 22, 24, 26, 30, 31, 33, 34, 35, 36, 37, 38, 39, 40, 41, 42, 43, 44, 45, 46, 47, 48, 49, 51, 74, 75, 77, 78, 84, 85, 87, 88, 89, 90, 91, 94, 95, 97, 98, 101, 102, 104, 105, 109, 131, 152, 222, 228, 248, 254, 290, 296], "summary": {"covered_lines": 53, "num_statements": 53, "percent_covered": 100.0, "percent_covered_display": "100", "missing_lines": 0, "excluded_lines": 0}, "missing_lines": [], "excluded_lines": []}}, "classes": {"SearchItemResponse": {"executed_lines": [], "summary": {"covered_lines": 0, "num_statements": 0, "percent_covered": 100.0, "percent_covered_display": "100", "missing_lines": 0, "excluded_lines": 0}, "missing_lines": [], "excluded_lines": []}, "SearchMetadata": {"executed_lines": [], "summary": {"covered_lines": 0, "num_statements": 0, "percent_covered": 100.0, "percent_covered_display": "100", "missing_lines": 0, "excluded_lines": 0}, "missing_lines": [], "excluded_lines": []}, "OptimizedSearchResponse": {"executed_lines": [], "summary": {"covered_lines": 0, "num_statements": 0, "percent_covered": 100.0, "percent_covered_display": "100", "missing_lines": 0, "excluded_lines": 0}, "missing_lines": [], "excluded_lines": []}, "SuggestionsResponse": {"executed_lines": [], "summary": {"covered_lines": 0, "num_statements": 0, "percent_covered": 100.0, "percent_covered_display": "100", "missing_lines": 0, "excluded_lines": 0}, "missing_lines": [], "excluded_lines": []}, "SearchFiltersResponse": {"executed_lines": [], "summary": {"covered_lines": 0, "num_statements": 0, "percent_covered": 100.0, "percent_covered_display": "100", "missing_lines": 0, "excluded_lines": 0}, "missing_lines": [], "excluded_lines": []}, "": {"executed_lines": [1, 13, 14, 16, 17, 19, 20, 21, 22, 24, 26, 30, 31, 33, 34, 35, 36, 37, 38, 39, 40, 41, 42, 43, 44, 45, 46, 47, 48, 49, 51, 74,
[...]
py": {"executed_lines": [1, 6, 8, 9, 10, 11, 12, 13, 16, 17, 18, 19, 20, 21, 24, 27, 28, 30, 33, 34, 36, 37, 38, 41, 42, 43, 55, 56, 57, 58, 60, 62, 63, 80, 81, 83, 85, 86, 87, 88, 90, 91, 93, 97, 102, 103, 104, 105, 107, 108, 116, 117, 118, 119, 120, 121, 122, 124, 125, 127, 129, 130, 132, 134, 136, 137, 138, 140, 142, 144, 148, 150, 151, 152, 156, 158, 168, 170, 171, 172, 176, 178, 180, 181, 182, 188, 190, 191, 192, 194, 196, 197, 198, 200, 204, 210, 215, 219, 220, 222, 226, 227, 230, 234, 235, 239, 240, 241, 243, 244, 246, 247, 248, 250, 251, 252, 254, 255, 256, 258, 259, 260, 262, 264, 265, 266, 268, 272, 274, 275, 276, 278, 286, 287, 291, 305, 306, 307, 308, 310, 312, 316, 317, 318, 320, 322, 324, 332, 338, 391], "summary": {"covered_lines": 145, "num_statements": 223, "percent_covered": 65.02242152466367, "percent_covered_display": "65", "missing_lines": 78, "excluded_lines": 0}, "missing_lines": [65, 66, 67, 68, 69, 70, 71, 76, 78, 84, 94, 98, 99, 100, 146, 153, 154, 155, 160, 161, 162, 163, 164, 165, 166, 173, 174, 175, 183, 184, 185, 186, 202, 206, 207, 208, 211, 212, 213, 216, 270, 280, 281, 282, 333, 334, 335, 336, 340, 341, 344, 345, 346, 347, 350, 351, 353, 355, 357, 358, 363, 379, 402, 403, 404, 405, 406, 407, 408, 409, 410, 411, 412, 414, 416, 418, 420, 421], "excluded_lines": [], "functions": {"UnwrapError.__init__": {"executed_lines": [37, 38], "summary": {"covered_lines": 2, "num_statements": 2, "percent_covered": 100.0, "percent_covered_display": "100", "missing_lines": 0, "excluded_lines": 0}, "missing_lines": [], "excluded_lines": []}, "Result.__post_init__": {"executed_lines": [62, 63], "summary": {"covered_lines": 2, "num_statements": 11, "percent_covered": 18.181818181818183, "percent_covered_display": "18", "missing_lines": 9, "excluded_lines": 0}, "missing_lines": [65, 66, 67, 68, 69, 70, 71, 76, 78], "excluded_lines": []}, "Result.ok": {"executed_lines": [83, 85, 86, 87, 88], "summary": {"covered_lines": 5, "num_statements": 6, "percent_covered": 83.33333333333333, "percent_covered_display": "83", "missing_lines": 1, "excluded_lines": 0}, "missing_lines": [84], "excluded_lines": []}, "Result.fail": {"executed_lines": [93, 97, 102, 103, 104, 105], "summary": {"covered_lines": 6, "num_statements": 10, "percent_covered": 60.0, "percent_covered_display": "60", "missing_lines": 4, "excluded_lines": 0}, "missing_lines": [94, 98, 99, 100], "excluded_lines": []}, "Result.from_callable": {"executed_lines": [116, 117, 118, 119, 120, 121, 122], "summary": {"covered_lines": 7, "num_statements": 7, "percent_covered": 100.0, "percent_covered_display": "100", "missing_lines": 0, "excluded_lines": 0}, "missing_lines": [], "excluded_lines": []}, "Result.is_ok": {"executed_lines": [127], "summary": {"covered_lines": 1, "num_statements": 1, "percent_covered": 100.0, "percent_covered_display": "100", "missing_lines": 0, "excluded_lines": 0}, "missing_lines": [], "excluded_lines": []}, "Result.is_err": {"executed_lines": [132], "summary": {"covered_lines": 1, "num_statements": 1, "percent_covered": 100.0, "percent_covered_display": "100", "missing_lines": 0, "excluded_lines": 0}, "missing_lines": [], "excluded_lines": []}, "Result.unwrap": {"executed_lines": [136, 137, 138], "summary": {"covered_lines": 3, "num_statements": 3, "percent_covered": 100.0, "percent_covered_display": "100", "missing_lines": 0, "excluded_lines": 0}, "missing_lines": [], "excluded_lines": []}, "Result.unwrap_or": {"executed_lines": [142], "summary": {"covered_lines": 1, "num_statements": 1, "percent_covered": 100.0, "percent_covered_display": "100", "missing_lines": 0, "excluded_lines": 0}, "missing_lines": [], "excluded_lines": []}, "Result.unwrap_or_else": {"executed_lines": [], "summary": {"covered_lines": 0, "num_statements": 1, "percent_covered": 0.0, "percent_covered_display": "0", "missing_lines": 1, "excluded_lines": 0}, "missing_lines": [146], "excluded_lines": []}, "Result.map": {"executed_lines": [150, 151, 152, 156], "summary": {"covered_lines": 4, "num_statements": 7, "percent_covered": 57.142857142857146, "percent_covered_display": "57", "missing_lines": 3, "excluded_lines": 0}, "missing_lines": [153, 154, 155], "excluded_lines": []}, "Result.map_error": {"executed_lines": [], "summary": {"covered_lines": 0, "num_statements": 7, "percent_covered": 0.0, "percent_covered_display": "0", "missing_lines": 7, "excluded_lines": 0}, "missing_lines": [160, 161, 162, 163, 164, 165, 166], "excluded_lines": []}, "Result.and_then": {"executed_lines": [170, 171, 172, 176], "summary": {"covered_lines": 4, "num_statements": 7, "percent_covered": 57.142857142857146, "percent_covered_display": "57", "missing_lines": 3, "excluded_lines": 0}, "missing_lines": [173, 174, 175], "excluded_lines": []}, "Result.or_else": {"executed_lines": [180, 181, 182], "summary": {"covered_lines": 3, "num_statements": 7, "percent_covered": 42.857142857142854, "percent_covered_display": "43", "missing_lines": 4, "excluded_lines": 0}, "missing_lines": [183, 184, 185, 186], "excluded_lines": []}, "Result.match": {"executed_lines": [190, 191, 192], "summary": {"covered_lines": 3, "num_statements": 3, "percent_covered": 100.0, "percent_covered_display": "100", "missing_lines": 0, "excluded_lines": 0}, "missing_lines": [], "excluded_lines": []}, "Result.log_error": {"executed_lines": [196, 197, 198], "summary": {"covered_lines": 3, "num_statements": 3, "percent_covered": 100.0, "percent_covered_display": "100", "missing_lines": 0, "excluded_lines": 0}, "missing_lines": [], "excluded_lines": []}, "Result.to_optional": {"executed_lines": [], "summary": {"covered_lines": 0, "num_statements": 1, "percent_covered": 0.0, "percent_covered_display": "0", "missing_lines": 1, "excluded_lines": 0}, "missing_lines": [202], "excluded_lines": []}, "Result.to_either": {"executed_lines": [], "summary": {"covered_lines": 0, "num_statements": 3, "percent_covered": 0.0, "percent_covered_display": "0", "missing_lines": 3, "excluded_lines": 0}, "missing_lines": [206, 207, 208], "excluded_lines": []}, "Result.__str__": {"executed_lines": [], "summary": {"covered_lines": 0, "num_statements": 3, "percent_covered": 0.0, "percent_covered_display": "0", "missing_lines": 3, "excluded_lines": 0}, "missing_lines": [211, 212, 213], "excluded_lines": []}, "Result.__repr__": {"executed_lines": [], "summary": {"covered_lines": 0, "num_statements": 1, "percent_covered": 0.0, "percent_covered_display": "0", "missing_lines": 1, "excluded_lines": 0}, "missing_lines": [216], "excluded_lines": []}, "Result.__enter__": {"executed_lines": [220], "summary": {"covered_lines": 1, "num_statements": 1, "percent_covered": 100.0, "percent_covered_display": "100", "missing_lines": 0, "excluded_lines": 0}, "missing_lines": [], "excluded_lines": []}, "Result.__exit__": {"executed_lines": [226, 227, 230], "summary": {"covered_lines": 3, "num_statements": 3, "percent_covered": 100.0, "percent_covered_display": "100", "missing_lines": 0, "excluded_lines": 0}, "missing_lines": [], "excluded_lines": []}, "Either.left": {"executed_lines": [248], "summary": {"covered_lines": 1, "num_statements": 1, "percent_covered": 100.0, "percent_covered_display": "100", "missing_lines": 0, "excluded_lines": 0}, "missing_lines": [], "excluded_lines": []}, "Either.right": {"executed_lines": [252], "summary": {"covered_lines": 1, "num_statements": 1, "percent_covered": 100.0, "percent_covered_display": "100", "missing_lines": 0, "excluded_lines": 0}, "missing_lines": [], "excluded_lines": []}, "Either.is_right": {"executed_lines": [256], "summary": {"covered_lines": 1, "num_statements": 1, "percent_covered": 100.0, "percent_covered_display": "100", "missing_lines": 0, "excluded_lines": 0}, "missing_lines": [], "excluded_lines": []}, "Either.is_left": {"executed_lines": [260], "summary": {"covered_lines": 1, "num_statements": 1, "percent_covered": 100.0, "percent_covered_display": "100", "missing_lines": 0, "excluded_lines": 0}, "missing_lines": [], "excluded_lines": []}, "Either.fold": {"executed_lines": [264, 265, 266], "summary": {"covered_lines": 3, "num_statements": 3, "percent_covered": 100.0, "percent_covered_display": "100", "missing_lines": 0, "excluded_lines": 0}, "missing_lines": [], "excluded_lines": []}, "Either.get_or_else": {"executed_lines": [], "summary": {"covered_lines": 0, "num_statements": 1, "percent_covered": 0.0, "percent_covered_display": "0", "missing_lines": 1, "excluded_lines": 0}, "missing_lines": [270], "excluded_lines": []}, "Either.map": {"executed_lines": [274, 275, 276], "summary": {"covered_lines": 3, "num_statements": 3, "percent_covered": 100.0, "percent_covered_display": "100", "missing_lines": 0, "excluded_lines": 0}, "missing_lines": [], "excluded_lines": []}, "Either.map_left": {"executed_lines": [], "summary": {"covered_lines": 0, "num_statements": 3, "percent_covered": 0.0, "percent_covered_display": "0", "missing_lines": 3, "excluded_lines": 0}, "missing_lines": [280, 281, 282], "excluded_lines": []}, "result_function": {"executed_lines": [305, 306, 312], "summary": {"covered_lines": 3, "num_statements": 3, "percent_covered": 100.0, "percent_covered_display": "100", "missing_lines": 0, "excluded_lines": 0}, "missing_lines": [], "excluded_lines": []}, "result_function.decorator": {"executed_lines": [307, 310], "summary": {"covered_lines": 2, "num_statements": 2, "percent_covered": 100.0, "percent_covered_display": "100", "missing_lines": 0, "excluded_lines": 0}, "missing_lines": [], "excluded_lines": []}, "result_function.decorator.wrapper": {"executed_lines": [308], "summary": {"covered_lines": 1, "num_statements": 1, "percent_covered": 100.0, "percent_covered_display": "100", "missing_lines": 0, "excluded_lines": 0}, "missing_lines": [], "excluded_lines": []}, "_get_status_code": {"executed_lines": [], "summary": {"covered_lines": 0, "num_statements": 4, "percent_covered": 0.0, "percent_covered_display": "0", "missing_lines": 4, "excluded_lines": 0}, "missing_lines": [333, 334, 335, 336], "excluded_lines": []}, "handle_result": {"executed_lines": [], "summary": {"covered_lines": 0, "num_statements": 14, "percent_covered": 0.0, "percent_covered_display": "0", "missing_lines": 14, "excluded_lines": 0}, "missing_lines": [340, 341, 344, 345, 346, 347, 350, 351, 353, 355, 357, 358, 363, 379], "excluded_lines": []}, "result_to_response": {"executed_lines": [], "summary": {"covered_lines": 0, "num_statements": 3, "percent_covered": 0.0, "percent_covered_display": "0", "missing_lines": 3, "excluded_lines": 0}, "missing_lines": [402, 403, 418], "excluded_lines": []}, "result_to_response.decorator": {"executed_lines": [], "summary": {"covered_lines": 0, "num_statements": 2, "percent_covered": 0.0, "percent_covered_display": "0", "missing_lines": 2, "excluded_lines": 0}, "missing_lines": [404, 416], "excluded_lines": []}, "result_to_response.decorator.wrapper": {"executed_lines": [], "summary": {"covered_lines": 0, "num_statements": 9, "percent_covered": 0.0, "percent_covered_display": "0", "missing_lines": 9, "excluded_lines": 0}, "missing_lines": [405, 406, 407, 408, 409, 410, 411, 412, 414], "excluded_lines": []}, "": {"executed_lines": [1, 6, 8, 9, 10, 11, 12, 13, 16, 17, 18, 19, 20, 21, 24, 27, 28, 30, 33, 34, 36, 41, 42, 43, 55, 56, 57, 58, 60, 80, 81, 90, 91, 107, 108, 124, 125, 129, 130, 134, 140, 144, 148, 158, 168, 178, 188, 194, 200, 204, 210, 215, 219, 222, 234, 235, 239, 240, 241, 243, 244, 246, 247, 250, 251, 254, 255, 258, 259, 262, 268, 272, 278, 286, 287, 291, 316, 317, 318, 320, 322, 324, 332, 338, 391], "summary": {"covered_lines": 80, "num_statements": 82, "percent_covered": 97.5609756097561, "percent_covered_display": "98", "missing_lines": 2, "excluded_lines": 0}, "missing_lines": [420, 421], "excluded_lines": []}}, "classes": {"ResultError": {"executed_lines": [], "summary": {"covered_lines": 0, "num_statements": 0, "percent_covered": 100.0, "percent_covered_display": "100", "missing_lines": 0, "excluded_lines": 0}, "missing_lines": [], "excluded_lines": []}, "UnwrapError": {"executed_lines": [37, 38], "summary": {"covered_lines": 2, "num_statements": 2, "percent_covered": 100.0, "percent_covered_display": "100", "missing_lines": 0, "excluded_lines": 0}, "missing_lines": [], "excluded_lines": []}, "Result": {"executed_lines": [62, 63, 83, 85, 86, 87, 88, 93, 97, 102, 103, 104, 105, 116, 117, 118, 119, 120, 121, 122, 127, 132, 136, 137, 138, 142, 150, 151, 152, 156, 170, 171, 172, 176, 180, 181, 182, 190, 191, 192, 196, 197, 198, 220, 226, 227, 230], "summary": {"covered_lines": 47, "num_statements": 87, "percent_covered": 54.02298850574713, "percent_covered_display": "54", "missing_lines": 40, "excluded_lines": 0}, "missing_lines": [65, 66, 67, 68, 69, 70, 71, 76, 78, 84, 94, 98, 99, 100, 146, 153, 154, 155, 160, 161, 162, 163, 164, 165, 166, 173, 174, 175, 183, 184, 185, 186, 202, 206, 207, 208, 211, 212, 213, 216], "excluded_lines": []}, "Either": {"executed_lines": [248, 252, 256, 260, 264, 265, 266, 274, 275, 276], "summary": {"covered_lines": 10, "num_statements": 14, "percent_covered": 71.42857142857143, "percent_covered_display": "71", "missing_lines": 4, "excluded_lines": 0}, "missing_lines": [270, 280, 281, 282], "excluded_lines": []}, "": {"executed_lines": [1, 6, 8, 9, 10, 11, 12, 13, 16, 17, 18, 19, 20, 21, 24, 27, 28, 30, 33, 34, 36, 41, 42, 43, 55, 56, 57, 58, 60, 80, 81, 90, 91, 107, 108, 124, 125, 129, 130, 134, 140, 144, 148, 158, 168, 178, 188, 194, 200, 204, 210, 215, 219, 222, 234, 235, 239, 240, 241, 243, 244, 246, 247, 250, 251, 254, 255, 258, 259, 262, 268, 272, 278, 286, 287, 291, 305, 306, 307, 308, 310, 312, 316, 317, 318, 320, 322, 324, 332, 338, 391], "summary": {"covered_lines": 86, "num_statements": 120, "percent_covered": 71.66666666666667, "percent_covered_display": "72", "missing_lines": 34, "excluded_lines": 0}, "missing_lines": [333, 334, 335, 336, 340, 341, 344, 345, 346, 347, 350, 351, 353, 355, 357, 358, 363, 379, 402, 403, 404, 405, 406, 407, 408, 409, 410, 411, 412, 414, 416, 418, 420, 421], "excluded_lines": []}}}, "utils/result_types.py": {"executed_lines": [1, 6, 7, 8, 9, 11, 12, 15, 16, 18, 19, 22, 23, 24, 29, 30, 31, 32, 34, 35, 37, 39, 40, 42, 44, 45, 47, 49, 50, 52, 54, 56, 57, 60, 64, 70, 79, 88, 94, 100, 106, 110, 115, 120, 121, 122, 123, 124, 125], "summary": {"covered_lines": 46, "num_statements": 77, "percent_covered": 59.74025974025974, "percent_covered_display": "60", "missing_lines": 31, "excluded_lines": 0}, "missing_lines": [58, 62, 66, 67, 68, 72, 73, 74, 75, 76, 77, 81, 82, 83, 84, 85, 86, 90, 91, 92, 96, 97, 98, 102, 103, 104, 108, 111, 112, 113, 116], "excluded_lines": [], "functions": {"Result.success": {"executed_lines": [37], "summary": {"covered_lines": 1, "num_statements": 1, "percent_covered": 100.0, "percent_covered_display": "100", "missing_lines": 0, "excluded_lines": 0}, "missing_lines": [], "excluded_lines": []}, "Result.error": {"executed_lines": [42], "summary": {"covered_lines": 1, "num_statements": 1, "percent_covered": 100.0, "percent_covered_display": "100", "missing_lines": 0, "excluded_lines": 0}, "missing_lines": [], "excluded_lines": []}, "Result.is_success": {"executed_lines": [47], "summary": {"covered_lines": 1, "num_statements": 1, "percent_covered": 100.0, "percent_covered_display": "100", "missing_lines": 0, "excluded_lines": 0}, "missing_lines": [], "excluded_lines": []}, "Result.is_error": {"executed_lines": [52], "summary": {"covered_lines": 1, "num_statements": 1, "percent_covered": 100.0, "percent_covered_display": "100", "missing_lines": 0, "excluded_lines": 0}, "missing_lines": [], "excluded_lines": []}, "Result.unwrap": {"executed_lines": [56, 57], "summary": {"covered_lines": 2, "num_statements": 3, "percent_covered": 66.66666666666667, "percent_covered_display": "67", "missing_lines": 1, "excluded_lines": 0}, "missing_lines": [58], "excluded_lines": []}, "Result.unwrap_or": {"executed_lines": [], "summary": {"covered_lines": 0, "num_statements": 1, "percent_covered": 0.0, "percent_covered_display": "0", "missing_lines": 1, "excluded_lines": 0}, "missing_lines": [62], "excluded_lines": []}, "Result.unwrap_or_else": {"executed_lines": [], "summary": {"covered_lines": 0, "num_statements": 3, "percent_covered": 0.0, "percent_covered_display": "0", "missing_lines": 3, "excluded_lines": 0}, "missing_lines": [66, 67, 68], "excluded_lines": []}, "Result.map": {"executed_lines": [], "summary": {"covered_lines": 0, "num_statements": 6, "percent_covered": 0.0, "percent_covered_display": "0", "missing_lines": 6, "excluded_lines": 0}, "missing_lines": [72, 73, 74, 75, 76, 77], "excluded_lines": []}, "Result.map_error": {"executed_lines": [], "summary": {"covered_lines": 0, "num_statements": 6, "percent_covered": 0.0, "percent_covered_display": "0", "missing_lines": 6, "excluded_lines": 0}, "missing_lines": [81, 82, 83, 84, 85, 86], "excluded_lines": []}, "Result.and_then": {"executed_lines": [], "summary": {"covered_lines": 0, "num_statements": 3, "percent_covered": 0.0, "percent_covered_display": "0", "missing_lines": 3, "excluded_lines": 0}, "missing_lines": [90, 91, 92], "excluded_lines": []}, "Result.or_else": {"executed_lines": [], "summary": {"covered_lines": 0, "num_statements": 3, "percent_covered": 0.0, "percent_covered_display": "0", "missing_lines": 3, "excluded_lines": 0}, "missing_lines": [96, 97, 98], "excluded_lines": []}, "Result.match": {"executed_lines": [], "summary": {"covered_lines": 0, "num_statements": 3, "percent_covered": 0.0, "percent_covered_display": "0", "missing_lines": 3, "excluded_lines": 0}, "missing_lines": [102, 103, 104], "excluded_lines": []}, "Result.to_tuple": {"executed_lines": [], "summary": {"covered_lines": 0, "num_statements": 1, "percent_covered": 0.0, "percent_covered_display": "0", "missing_lines": 1, "excluded_lines": 0}, "missing_lines": [108], "excluded_lines": []}, "Result.__str__": {"executed_lines": [], "summary": {"covered_lines": 0, "num_statements": 3, "percent_covered": 0.0, "percent_covered_display": "0", "missing_lines": 3, "excluded_lines": 0}, "missing_lines": [111, 112, 113], "excluded_lines": []}, "Result.__repr__": {"executed_lines": [], "summary": {"covered_lines": 0, "num_statements": 1, "percent_covered": 0.0, "percent_covered_display": "0", "missing_lines": 1, "excluded_lines": 0}, "missing_lines": [116], "excluded_lines": []}, "": {"executed_lines": [1, 6, 7, 8, 9, 11, 12, 15, 16, 18, 19, 22, 23, 24, 29, 30, 31, 32, 34, 35, 39, 40, 44, 45, 49, 50, 54, 60, 64, 70, 79, 88, 94, 100, 106, 110, 115, 120, 121, 122, 123, 124, 125], "summary": {"covered_lines": 40, "num_statements": 40, "percent_covered": 100.0, "percent_covered_display": "100", "missing_lines": 0, "excluded_lines": 0}, "missing_lines": [], "excluded_lines": []}}, "classes": {"ResultType": {"executed_lines": [], "summary": {"covered_lines": 0, "num_statements": 0, "percent_covered": 100.0, "percent_covered_display": "100", "missing_lines": 0, "excluded_lines": 0}, "missing_lines": [], "excluded_lines": []}, "Result": {"executed_lines": [37, 42, 47, 52, 56, 57], "summary": {"covered_lines": 6, "num_statements": 37, "percent_covered": 16.216216216216218, "percent_covered_display": "16", "missing_lines": 31, "excluded_lines": 0}, "missing_lines": [58, 62, 66, 67, 68, 72, 73, 74, 75, 76, 77, 81, 82, 83, 84, 85, 86, 90, 91, 92, 96, 97, 98, 102, 103, 104, 108, 111, 112, 113, 116], "excluded_lines": []}, "": {"executed_lines": [1, 6, 7, 8, 9, 11, 12, 15, 16, 18, 19, 22, 23, 24, 29, 30, 31, 32, 34, 35, 39, 40, 44, 45, 49, 50, 54, 60, 64, 70, 79, 88, 94, 100, 106, 110, 115, 120, 121, 122, 123, 124, 125], "summary": {"covered_lines": 40, "num_statements": 40, "percent_covered": 100.0, "percent_covered_display": "100", "missing_lines": 0, "excluded_lines": 0}, "missing_lines": [], "excluded_lines": []}}}}, "totals": {"covered_lines": 11284, "num_statements": 13759, "percent_covered": 82.01177411149067, "percent_covered_display": "82", "missing_lines": 2475, "excluded_lines": 30}}