utils/result_types.py:75: error: Argument 1 to "error" of "Result" has incompatible type "Exception"; expected "E"  [arg-type]
utils/result_types.py:103: error: Redundant cast to "str"  [redundant-cast]
sql_server_connector.py:87: error: Returning Any from function declared to return "str"  [no-any-return]
utils/structured_logging.py:124: error: Incompatible types in assignment (expression has type "str", target has type "dict[str, Any]")  [assignment]
utils/logging_config.py:59: error: Incompatible default for argument "log_file" (default has type "None", argument has type "str")  [assignment]
utils/logging_config.py:59: note: PEP 484 prohibits implicit Optional. Accordingly, mypy has changed its default to no_implicit_optional=True
utils/logging_config.py:59: note: Use https://github.com/hauntsaninja/no_implicit_optional to automatically upgrade your codebase
utils/logging_config.py:91: error: Incompatible types in assignment (expression has type "Formatter", variable has type "JSONFormatter")  [assignment]
utils/auth_utils.py:90: error: Statement is unreachable  [unreachable]
utils/auth_utils.py:105: error: Incompatible default for argument "secret_key" (default has type "None", argument has type "str")  [assignment]
utils/auth_utils.py:105: note: PEP 484 prohibits implicit Optional. Accordingly, mypy has changed its default to no_implicit_optional=True
utils/auth_utils.py:105: note: Use https://github.com/hauntsaninja/no_implicit_optional to automatically upgrade your codebase
utils/auth_utils.py:105: error: Incompatible default for argument "algorithm" (default has type "None", argument has type "str")  [assignment]
services/rate_limiter.py:78: error: Returning Any from function declared to return "float"  [no-any-return]
services/monitoring_service.py:117: error: No overload variant of "__sub__" of "datetime" matches argument type "object"  [operator]
services/monitoring_service.py:117: note: Possible overload variants:
services/monitoring_service.py:117: note:     def __sub__(self, datetime, /) -> timedelta
services/monitoring_service.py:117: note:     def __sub__(self, timedelta, /) -> datetime
services/monitoring_service.py:163: error: No overload variant of "__sub__" of "datetime" matches argument type "object"  [operator]
services/monitoring_service.py:163: note: Possible overload variants:
services/monitoring_service.py:163: note:     def __sub__(self, datetime, /) -> timedelta
services/monitoring_service.py:163: note:     def __sub__(self, timedelta, /) -> datetime
services/monitoring_service.py:180: error: "object" has no attribute "isoformat"  [attr-defined]
services/monitoring_service.py:251: error: No overload variant of "__sub__" of "datetime" matches argument type "object"  [operator]
services/monitoring_service.py:251: note: Possible overload variants:
services/monitoring_service.py:251: note:     def __sub__(self, datetime, /) -> timedelta
services/monitoring_service.py:251: note:     def __sub__(self, timedelta, /) -> datetime
services/monitoring_service.py:267: error: Statement is unreachable  [unreachable]
services/enhanced_connection_pool.py:91: error: Returning Any from function declared to return "str"  [no-any-return]
services/enhanced_connection_pool.py:202: error: Returning Any from function declared to return "bool"  [no-any-return]
services/connection_pool.py:58: error: Returning Any from function declared to return "str"  [no-any-return]
services/connection_pool.py:160: error: Returning Any from function declared to return "bool"  [no-any-return]
scripts/report_generator.py:112: error: "object" object is not iterable  [misc]
scripts/report_generator.py:356: error: Returning Any from function declared to return "str"  [no-any-return]
scripts/report_generator.py:378: error: Returning Any from function declared to return "str"  [no-any-return]
scripts/codebase_upgrade_checker.py:100: error: Argument 1 to "_check_type_hints" of "CodebaseUpgradeChecker" has incompatible type "FunctionDef | AsyncFunctionDef"; expected "FunctionDef"  [arg-type]
scripts/codebase_upgrade_checker.py:185: error: Need type annotation for "grouped"  [var-annotated]
scripts/codebase_upgrade_checker.py:192: error: Need type annotation for "grouped"  [var-annotated]
scripts/check_sql_server_connection.py:78: error: Value of type "tuple[Any, ...] | None" is not indexable  [index]
scripts/check_sql_server_connection.py:80: error: Value of type "tuple[Any, ...] | None" is not indexable  [index]
scripts/check_sql_server_connection.py:172: error: Argument "port" to "connect" has incompatible type "int"; expected "str"  [arg-type]
scripts/check_sql_server_connection.py:226: error: Incompatible types in assignment (expression has type "int", variable has type "str")  [assignment]
scripts/check_sql_server_connection.py:228: error: Incompatible types in assignment (expression has type "int", variable has type "str")  [assignment]
scripts/batch_condition_manager.py:206: error: Need type annotation for "by_condition" (hint: "by_condition: dict[<type>, <type>] = ...")  [var-annotated]
scripts/batch_condition_manager.py:391: error: Returning Any from function declared to return "list[str]"  [no-any-return]
scripts/batch_condition_manager.py:391: error: No overload variant of "get" of "dict" matches argument types "str", "list[Never]"  [call-overload]
scripts/batch_condition_manager.py:391: note: Possible overload variants:
scripts/batch_condition_manager.py:391: note:     def get(self, ItemCondition, None = ..., /) -> list[str] | None
scripts/batch_condition_manager.py:391: note:     def get(self, ItemCondition, list[str], /) -> list[str]
scripts/batch_condition_manager.py:391: note:     def [_T] get(self, ItemCondition, _T, /) -> list[str] | _T
scripts/barcode_analyzer.py:101: error: Incompatible return value type (got "BarcodeAnalysisResult", expected "dict[str, Any]")  [return-value]
scripts/barcode_analyzer.py:142: error: Incompatible return value type (got "BarcodeAnalysisResult", expected "dict[str, Any]")  [return-value]
scripts/barcode_analyzer.py:215: error: Argument 1 to "append" of "list" has incompatible type "dict[str, Any]"; expected "BarcodeAnalysisResult"  [arg-type]
services/dynamic_report_service.py:92: error: Incompatible types in assignment (expression has type "str", target has type "bool")  [assignment]
services/dynamic_report_service.py:97: error: Returning Any from function declared to return "list[dict[str, Any]]"  [no-any-return]
services/dynamic_report_service.py:269: error: Returning Any from function declared to return "list[dict[str, Any]]"  [no-any-return]
services/dynamic_report_service.py:304: error: Returning Any from function declared to return "list[dict[str, Any]]"  [no-any-return]
services/dynamic_report_service.py:386: error: Returning Any from function declared to return "list[dict[str, Any]]"  [no-any-return]
services/dynamic_report_service.py:440: error: Returning Any from function declared to return "list[dict[str, Any]]"  [no-any-return]
services/dynamic_report_service.py:578: error: Returning Any from function declared to return "list[dict[str, Any]]"  [no-any-return]
services/dynamic_fields_service.py:40: error: Incompatible default for argument "created_by" (default has type "None", argument has type "str")  [assignment]
services/dynamic_fields_service.py:40: note: PEP 484 prohibits implicit Optional. Accordingly, mypy has changed its default to no_implicit_optional=True
services/dynamic_fields_service.py:40: note: Use https://github.com/hauntsaninja/no_implicit_optional to automatically upgrade your codebase
services/dynamic_fields_service.py:134: error: Returning Any from function declared to return "list[dict[str, Any]]"  [no-any-return]
services/dynamic_fields_service.py:141: error: Incompatible default for argument "updated_by" (default has type "None", argument has type "str")  [assignment]
services/dynamic_fields_service.py:141: note: PEP 484 prohibits implicit Optional. Accordingly, mypy has changed its default to no_implicit_optional=True
services/dynamic_fields_service.py:141: note: Use https://github.com/hauntsaninja/no_implicit_optional to automatically upgrade your codebase
services/dynamic_fields_service.py:157: error: Returning Any from function declared to return "dict[str, Any]"  [no-any-return]
services/dynamic_fields_service.py:171: error: Returning Any from function declared to return "bool"  [no-any-return]
services/dynamic_fields_service.py:178: error: Incompatible default for argument "set_by" (default has type "None", argument has type "str")  [assignment]
services/dynamic_fields_service.py:178: note: PEP 484 prohibits implicit Optional. Accordingly, mypy has changed its default to no_implicit_optional=True
services/dynamic_fields_service.py:178: note: Use https://github.com/hauntsaninja/no_implicit_optional to automatically upgrade your codebase
utils/error_handler_with_diagnosis.py:229: error: Need type annotation for "errors" (hint: "errors: list[<type>] = ...")  [var-annotated]
utils/async_utils.py:39: error: Need type annotation for "_circuit_breaker_state" (hint: "_circuit_breaker_state: dict[<type>, <type>] = ...")  [var-annotated]
utils/async_utils.py:72: error: Incompatible types in assignment (expression has type "Exception", variable has type "TimeoutError | None")  [assignment]
utils/async_utils.py:204: error: Need type annotation for "pool" (hint: "pool: list[<type>] = ...")  [var-annotated]
utils/async_utils.py:233: error: Need type annotation for "_cache" (hint: "_cache: dict[<type>, <type>] = ...")  [var-annotated]
utils/async_utils.py:234: error: Need type annotation for "_access_times" (hint: "_access_times: dict[<type>, <type>] = ...")  [var-annotated]
utils/async_utils.py:235: error: Need type annotation for "_expiry_times" (hint: "_expiry_times: dict[<type>, <type>] = ...")  [var-annotated]
utils/async_utils.py:315: error: Returning Any from function declared to return "T"  [no-any-return]
middleware/compression_middleware.py:27: error: Incompatible default for argument "compressible_types" (default has type "None", argument has type "list[Any]")  [assignment]
middleware/compression_middleware.py:27: note: PEP 484 prohibits implicit Optional. Accordingly, mypy has changed its default to no_implicit_optional=True
middleware/compression_middleware.py:27: note: Use https://github.com/hauntsaninja/no_implicit_optional to automatically upgrade your codebase
middleware/compression_middleware.py:47: error: Returning Any from function declared to return "Response"  [no-any-return]
middleware/compression_middleware.py:53: error: Returning Any from function declared to return "Response"  [no-any-return]
middleware/compression_middleware.py:57: error: Returning Any from function declared to return "Response"  [no-any-return]
middleware/compression_middleware.py:65: error: Returning Any from function declared to return "Response"  [no-any-return]
middleware/compression_middleware.py:87: error: Returning Any from function declared to return "Response"  [no-any-return]
tests/test_result.py:99: error: Returning Any from function declared to return "str"  [no-any-return]
tests/test_error_handler_with_diagnosis.py:268: error: Statement is unreachable  [unreachable]
services/cache_service.py:36: error: Name "redis" already defined (by an import)  [no-redef]
services/cache_service.py:45: error: Name "RedisError" already defined (possibly by an import)  [no-redef]
services/cache_service.py:162: error: Returning Any from function declared to return "bool"  [no-any-return]
api/response_models.py:32: error: Missing named argument "error" for "ApiResponse"  [call-arg]
api/response_models.py:48: error: Missing named argument "data" for "ApiResponse"  [call-arg]
api/response_models.py:48: error: Missing named argument "message" for "ApiResponse"  [call-arg]
utils/port_detector.py:28: error: Incompatible default for argument "port_range" (default has type "None", argument has type "range")  [assignment]
utils/port_detector.py:28: note: PEP 484 prohibits implicit Optional. Accordingly, mypy has changed its default to no_implicit_optional=True
utils/port_detector.py:28: note: Use https://github.com/hauntsaninja/no_implicit_optional to automatically upgrade your codebase
utils/port_detector.py:37: error: Statement is unreachable  [unreachable]
utils/port_detector.py:79: error: Need type annotation for "client"  [var-annotated]
utils/port_detector.py:147: error: Incompatible default for argument "frontend_port" (default has type "None", argument has type "int")  [assignment]
utils/port_detector.py:147: note: PEP 484 prohibits implicit Optional. Accordingly, mypy has changed its default to no_implicit_optional=True
utils/port_detector.py:147: note: Use https://github.com/hauntsaninja/no_implicit_optional to automatically upgrade your codebase
utils/port_detector.py:152: error: Statement is unreachable  [unreachable]
utils/database_optimizer_v2.py:34: error: Need type annotation for "_pipeline" (hint: "_pipeline: list[<type>] = ...")  [var-annotated]
utils/database_optimizer_v2.py:35: error: Need type annotation for "_filters" (hint: "_filters: dict[<type>, <type>] = ...")  [var-annotated]
utils/database_optimizer_v2.py:48: error: Incompatible types in assignment (expression has type "dict[str, int]", variable has type "None")  [assignment]
utils/database_optimizer_v2.py:53: error: Incompatible types in assignment (expression has type "dict[str, int]", variable has type "None")  [assignment]
utils/database_optimizer_v2.py:58: error: Incompatible types in assignment (expression has type "int", variable has type "None")  [assignment]
utils/database_optimizer_v2.py:63: error: Incompatible types in assignment (expression has type "int", variable has type "None")  [assignment]
utils/database_optimizer_v2.py:81: error: Statement is unreachable  [unreachable]
utils/database_optimizer_v2.py:84: error: Statement is unreachable  [unreachable]
utils/database_optimizer_v2.py:87: error: Statement is unreachable  [unreachable]
utils/database_optimizer_v2.py:187: error: Argument 1 to "bulk_write" of "AgnosticCollection" has incompatible type "list[dict[str, dict[str, object]]]"; expected "Sequence[InsertOne[Any] | DeleteOne | DeleteMany | ReplaceOne[Any] | UpdateOne | UpdateMany]"  [arg-type]
tests/test_erp_sync_service.py:335: error: Statement is unreachable  [unreachable]
tests/conftest.py:83: error: Need type annotation for "client"  [var-annotated]
tests/conftest.py:87: error: Argument 1 to "drop_database" of "AgnosticClient" has incompatible type "str | None"; expected "str | AgnosticDatabase[Never]"  [arg-type]
tests/utils/in_memory_db.py:314: error: Unused "type: ignore" comment  [unused-ignore]
services/sql_sync_service.py:177: error: Incompatible types in assignment (expression has type "float", target has type "int")  [assignment]
services/sql_sync_service.py:179: error: Unsupported operand types for + ("None" and "int")  [operator]
services/sql_sync_service.py:179: note: Left operand is of type "int | None"
services/sql_sync_service.py:182: error: Incompatible types in assignment (expression has type "str", target has type "int | None")  [assignment]
services/sql_sync_service.py:209: error: Unsupported operand types for + ("None" and "int")  [operator]
services/sql_sync_service.py:209: note: Left operand is of type "int | None"
services/sql_sync_service.py:317: error: Unsupported operand types for + ("None" and "int")  [operator]
services/sql_sync_service.py:317: note: Left operand is of type "int | None"
services/sql_sync_service.py:320: error: Unsupported operand types for + ("None" and "int")  [operator]
services/sql_sync_service.py:320: note: Left operand is of type "int | None"
services/sql_sync_service.py:323: error: Unsupported operand types for + ("None" and "int")  [operator]
services/sql_sync_service.py:323: note: Left operand is of type "int | None"
services/scheduled_export_service.py:267: error: Argument 1 to "aggregate" of "AsyncIOMotorCollection" has incompatible type "list[object]"; expected "Sequence[Mapping[str, Any]]"  [arg-type]
services/scheduled_export_service.py:369: error: Statement is unreachable  [unreachable]
services/refresh_token.py:32: error: Returning Any from function declared to return "str"  [no-any-return]
services/refresh_token.py:41: error: Returning Any from function declared to return "str"  [no-any-return]
services/refresh_token.py:98: error: Returning Any from function declared to return "dict[str, Any] | None"  [no-any-return]
services/error_log.py:187: error: "Exception" has no attribute "error_code"  [attr-defined]
services/error_log.py:246: error: Incompatible types in assignment (expression has type "bool", target has type "str")  [assignment]
services/error_log.py:248: error: Incompatible types in assignment (expression has type "dict[Never, Never]", target has type "str")  [assignment]
services/error_log.py:250: error: Unsupported target for indexed assignment ("str")  [index]
services/error_log.py:252: error: Unsupported target for indexed assignment ("str")  [index]
services/error_log.py:331: error: Need type annotation for "filter_query" (hint: "filter_query: dict[<type>, <type>] = ...")  [var-annotated]
services/error_log.py:366: error: Argument 1 to "aggregate" of "AsyncIOMotorCollection" has incompatible type "list[object]"; expected "Sequence[Mapping[str, Any]]"  [arg-type]
services/error_log.py:384: error: Argument 1 to "aggregate" of "AsyncIOMotorCollection" has incompatible type "list[object]"; expected "Sequence[Mapping[str, Any]]"  [arg-type]
services/enrichment_service.py:251: error: Returning Any from function declared to return "list[str]"  [no-any-return]
services/enrichment_service.py:378: error: Unsupported operand types for + ("object" and "int")  [operator]
services/enrichment_service.py:379: error: "object" has no attribute "append"  [attr-defined]
services/enrichment_service.py:391: error: Unsupported operand types for + ("object" and "int")  [operator]
services/enrichment_service.py:393: error: Unsupported operand types for + ("object" and "int")  [operator]
services/enrichment_service.py:394: error: "object" has no attribute "append"  [attr-defined]
services/enrichment_service.py:399: error: Unsupported operand types for + ("object" and "int")  [operator]
services/enrichment_service.py:400: error: "object" has no attribute "append"  [attr-defined]
services/enrichment_service.py:452: error: Argument 1 to "aggregate" of "AsyncIOMotorCollection" has incompatible type "list[object]"; expected "Sequence[Mapping[str, Any]]"  [arg-type]
services/enrichment_service.py:482: error: Incompatible types in assignment (expression has type "str", target has type "list[dict[str, dict[str, bool]]]")  [assignment]
services/database_manager.py:77: error: Dict entry 0 has incompatible type "str": "datetime"; expected "str": "float | str | None"  [dict-item]
services/database_manager.py:255: error: Dict entry 0 has incompatible type "str": "str"; expected "str": "list[str]"  [dict-item]
services/database_manager.py:275: error: Unsupported operand types for + ("object" and "int")  [operator]
services/database_manager.py:276: error: "object" has no attribute "append"  [attr-defined]
services/database_manager.py:288: error: "object" has no attribute "append"  [attr-defined]
services/database_manager.py:390: error: Unsupported target for indexed assignment ("Collection[str]")  [index]
services/database_manager.py:391: error: Unsupported target for indexed assignment ("Collection[str]")  [index]
services/database_manager.py:395: error: "Collection[str]" has no attribute "append"  [attr-defined]
services/database_manager.py:404: error: "Collection[str]" has no attribute "append"  [attr-defined]
services/database_manager.py:431: error: "Collection[str]" has no attribute "append"  [attr-defined]
services/database_manager.py:462: error: Unsupported target for indexed assignment ("Collection[str]")  [index]
services/database_manager.py:468: error: Unsupported target for indexed assignment ("Collection[str]")  [index]
services/database_manager.py:475: error: Unsupported target for indexed assignment ("Collection[str]")  [index]
services/database_manager.py:486: error: Unsupported target for indexed assignment ("Collection[str]")  [index]
services/database_manager.py:495: error: "Collection[str]" has no attribute "values"  [attr-defined]
services/database_health.py:91: error: Item "None" of "AsyncIOMotorDatabase[Any] | None" has no attribute "command"  [union-attr]
services/database_health.py:243: error: No overload variant of "__sub__" of "datetime" matches argument type "object"  [operator]
services/database_health.py:243: note: Possible overload variants:
services/database_health.py:243: note:     def __sub__(self, datetime, /) -> timedelta
services/database_health.py:243: note:     def __sub__(self, timedelta, /) -> datetime
services/database_health.py:267: error: Item "None" of "AsyncIOMotorDatabase[Any] | None" has no attribute "command"  [union-attr]
services/database_health.py:276: error: Item "None" of "AsyncIOMotorDatabase[Any] | None" has no attribute "command"  [union-attr]
services/change_detection_sync.py:113: error: Statement is unreachable  [unreachable]
services/change_detection_sync.py:214: error: Returning Any from function declared to return "list[dict[str, Any]]"  [no-any-return]
services/change_detection_sync.py:216: error: Returning Any from function declared to return "list[dict[str, Any]]"  [no-any-return]
services/change_detection_sync.py:227: error: Returning Any from function declared to return "dict[str, int]"  [no-any-return]
services/change_detection_sync.py:235: error: Returning Any from function declared to return "dict[str, int]"  [no-any-return]
services/change_detection_sync.py:239: error: Returning Any from function declared to return "dict[str, int]"  [no-any-return]
services/change_detection_sync.py:247: error: Returning Any from function declared to return "dict[str, int]"  [no-any-return]
services/change_detection_sync.py:254: error: Variable "services.change_detection_sync.SyncResult" is not valid as a type  [valid-type]
services/change_detection_sync.py:254: note: See https://mypy.readthedocs.io/en/stable/common_issues.html#variables-vs-type-aliases
services/change_detection_sync.py:262: error: Returning Any from function declared to return SyncResult?  [no-any-return]
services/change_detection_sync.py:271: error: Returning Any from function declared to return SyncResult?  [no-any-return]
services/change_detection_sync.py:282: error: Returning Any from function declared to return SyncResult?  [no-any-return]
services/change_detection_sync.py:300: error: Returning Any from function declared to return SyncResult?  [no-any-return]
services/change_detection_sync.py:304: error: Variable "services.change_detection_sync.SyncResult" is not valid as a type  [valid-type]
services/change_detection_sync.py:304: note: See https://mypy.readthedocs.io/en/stable/common_issues.html#variables-vs-type-aliases
services/change_detection_sync.py:333: error: Returning Any from function declared to return SyncResult?  [no-any-return]
services/change_detection_sync.py:374: error: Variable "services.change_detection_sync.SyncResult" is not valid as a type  [valid-type]
services/change_detection_sync.py:374: note: See https://mypy.readthedocs.io/en/stable/common_issues.html#variables-vs-type-aliases
services/change_detection_sync.py:384: error: Returning Any from function declared to return SyncResult?  [no-any-return]
services/change_detection_sync.py:389: error: Returning Any from function declared to return SyncResult?  [no-any-return]
services/change_detection_sync.py:393: error: "ChangeDetectionSyncService" has no attribute "_run"  [attr-defined]
services/change_detection_sync.py:395: error: Returning Any from function declared to return SyncResult?  [no-any-return]
services/change_detection_sync.py:399: error: Incompatible types in assignment (expression has type "SyncError", variable has type "ConnectionError")  [assignment]
services/change_detection_sync.py:401: error: Returning Any from function declared to return SyncResult?  [no-any-return]
services/change_detection_sync.py:403: error: Variable "services.change_detection_sync.SyncResult" is not valid as a type  [valid-type]
services/change_detection_sync.py:403: note: See https://mypy.readthedocs.io/en/stable/common_issues.html#variables-vs-type-aliases
services/change_detection_sync.py:413: error: Returning Any from function declared to return SyncResult?  [no-any-return]
services/change_detection_sync.py:425: error: Returning Any from function declared to return SyncResult?  [no-any-return]
services/change_detection_sync.py:428: error: Returning Any from function declared to return SyncResult?  [no-any-return]
services/change_detection_sync.py:432: error: Returning Any from function declared to return "dict[str, Any]"  [no-any-return]
services/change_detection_sync.py:432: error: "ChangeDetectionSyncService" has no attribute "sync_changed_items"; maybe "_sync_changes"?  [attr-defined]
services/change_detection_sync.py:450: error: "ChangeDetectionSyncService" has no attribute "_get_next_sync_in"  [attr-defined]
services/auto_sync_manager.py:132: error: Unsupported operand types for + ("None" and "int")  [operator]
services/auto_sync_manager.py:132: note: Left operand is of type "int | None"
services/auto_sync_manager.py:143: error: Unsupported operand types for + ("None" and "int")  [operator]
services/auto_sync_manager.py:143: note: Left operand is of type "int | None"
services/auto_sync_manager.py:144: error: Incompatible types in assignment (expression has type "str", target has type "int | None")  [assignment]
services/auto_sync_manager.py:160: error: Unsupported operand types for + ("None" and "int")  [operator]
services/auto_sync_manager.py:160: note: Left operand is of type "int | None"
services/auto_sync_manager.py:177: error: Unsupported operand types for + ("None" and "int")  [operator]
services/auto_sync_manager.py:177: note: Left operand is of type "int | None"
services/auto_sync_manager.py:195: error: Unsupported operand types for + ("None" and "int")  [operator]
services/auto_sync_manager.py:195: note: Left operand is of type "int | None"
services/auto_sync_manager.py:220: error: Unsupported operand types for + ("None" and "int")  [operator]
services/auto_sync_manager.py:220: note: Left operand is of type "int | None"
services/auto_sync_manager.py:221: error: Incompatible types in assignment (expression has type "str", target has type "int | None")  [assignment]
services/advanced_erp_sync.py:68: error: Need type annotation for "_performance_history" (hint: "_performance_history: list[<type>] = ...")  [var-annotated]
services/advanced_erp_sync.py:172: error: Unsupported operand types for + ("None" and "int")  [operator]
services/advanced_erp_sync.py:172: note: Left operand is of type "float | int | None"
services/advanced_erp_sync.py:174: error: Incompatible types in assignment (expression has type "str", target has type "float | int | None")  [assignment]
services/advanced_erp_sync.py:185: error: Unsupported operand types for + ("None" and "float")  [operator]
services/advanced_erp_sync.py:185: note: Left operand is of type "float | int | None"
services/advanced_erp_sync.py:229: error: Unsupported operand types for + ("None" and "int")  [operator]
services/advanced_erp_sync.py:229: note: Left operand is of type "float | int | None"
services/advanced_erp_sync.py:230: error: Incompatible types in assignment (expression has type "str", target has type "float")  [assignment]
services/advanced_erp_sync.py:303: error: Argument 1 to "bulk_write" of "AgnosticCollection" has incompatible type "list[dict[str, dict[str, object]]]"; expected "Sequence[InsertOne[Any] | DeleteOne | DeleteMany | ReplaceOne[Any] | UpdateOne | UpdateMany]"  [arg-type]
services/advanced_erp_sync.py:321: error: Unsupported operand types for / ("float" and "None")  [operator]
services/advanced_erp_sync.py:321: error: Unsupported operand types for / ("int" and "None")  [operator]
services/advanced_erp_sync.py:321: error: Unsupported operand types for / ("None" and "float")  [operator]
services/advanced_erp_sync.py:321: error: Unsupported operand types for / ("None" and "int")  [operator]
services/advanced_erp_sync.py:321: error: Unsupported left operand type for / ("None")  [operator]
services/advanced_erp_sync.py:321: note: Both left and right operands are unions
services/advanced_erp_sync.py:321: error: Value of type variable "SupportsRichComparisonT" of "max" cannot be "float | int | None"  [type-var]
services/advanced_erp_sync.py:405: error: Unsupported operand types for + ("object" and "int")  [operator]
services/advanced_erp_sync.py:407: error: Unsupported operand types for + ("object" and "int")  [operator]
services/advanced_erp_sync.py:408: error: "object" has no attribute "append"  [attr-defined]
services/advanced_erp_sync.py:412: error: Unsupported operand types for + ("object" and "int")  [operator]
services/advanced_erp_sync.py:413: error: "object" has no attribute "append"  [attr-defined]
services/advanced_erp_sync.py:415: error: Unsupported operand types for + ("object" and "int")  [operator]
services/advanced_erp_sync.py:416: error: "object" has no attribute "append"  [attr-defined]
services/activity_log.py:140: error: Incompatible types in assignment (expression has type "dict[Never, Never]", target has type "str")  [assignment]
services/activity_log.py:142: error: Unsupported target for indexed assignment ("str")  [index]
services/activity_log.py:144: error: Unsupported target for indexed assignment ("str")  [index]
services/activity_log.py:198: error: Need type annotation for "filter_query" (hint: "filter_query: dict[<type>, <type>] = ...")  [var-annotated]
services/activity_log.py:225: error: Argument 1 to "aggregate" of "AsyncIOMotorCollection" has incompatible type "list[object]"; expected "Sequence[Mapping[str, Any]]"  [arg-type]
services/activity_log.py:234: error: Argument 1 to "aggregate" of "AsyncIOMotorCollection" has incompatible type "list[object]"; expected "Sequence[Mapping[str, Any]]"  [arg-type]
scripts/test_db_connection.py:43: error: Need type annotation for "client"  [var-annotated]
scripts/test_db_connection.py:111: error: Library stubs not installed for "requests"  [import-untyped]
scripts/test_db_connection.py:111: note: Hint: "python3 -m pip install types-requests"
scripts/restore_mongodb_backup.py:69: error: Need type annotation for "client"  [var-annotated]
scripts/inspect_db.py:22: error: Need type annotation for "client"  [var-annotated]
scripts/create_feature_indexes.py:37: error: Need type annotation for "client"  [var-annotated]
scripts/check_users.py:28: error: Need type annotation for "client"  [var-annotated]
scripts/check_mongodb_items.py:15: error: Need type annotation for "client"  [var-annotated]
scripts/check_databases.py:33: error: Need type annotation for "client"  [var-annotated]
scripts/backfill_new_fields.py:51: error: Need type annotation for "mongo_client"  [var-annotated]
scripts/add_test_items.py:16: error: Need type annotation for "client"  [var-annotated]
scripts/add_performance_indexes.py:24: error: Need type annotation for "client"  [var-annotated]
scripts/add_performance_indexes.py:71: error: "object" has no attribute "__iter__"; maybe "__dir__" or "__str__"? (not iterable)  [attr-defined]
scripts/add_performance_indexes.py:80: error: Incompatible types in assignment (expression has type "tuple[tuple[Any, ...], ...]", variable has type "tuple[tuple[str, Any]]")  [assignment]
db/runtime.py:15: error: The return type of a generator function should be "Generator" or one of its supertypes  [misc]
db/migrations.py:33: error: Argument 1 to "aggregate" of "AsyncIOMotorCollection" has incompatible type "list[object]"; expected "Sequence[Mapping[str, Any]]"  [arg-type]
server.py:99: error: Unused "type: ignore" comment  [unused-ignore]
server.py:100: error: Unused "type: ignore" comment  [unused-ignore]
server.py:101: error: Unused "type: ignore" comment  [unused-ignore]
utils/erp_utils.py:66: error: Incompatible default for argument "original_barcode" (default has type "None", argument has type "str")  [assignment]
utils/erp_utils.py:66: note: PEP 484 prohibits implicit Optional. Accordingly, mypy has changed its default to no_implicit_optional=True
utils/erp_utils.py:66: note: Use https://github.com/hauntsaninja/no_implicit_optional to automatically upgrade your codebase
utils/api_utils.py:55: error: Incompatible default for argument "log_details" (default has type "None", argument has type "str")  [assignment]
utils/api_utils.py:55: note: PEP 484 prohibits implicit Optional. Accordingly, mypy has changed its default to no_implicit_optional=True
utils/api_utils.py:55: note: Use https://github.com/hauntsaninja/no_implicit_optional to automatically upgrade your codebase
utils/api_utils.py:195: error: Returning Any from function declared to return "dict[str, Any]"  [no-any-return]
scripts/generate_api_docs.py:9: error: Library stubs not installed for "yaml"  [import-untyped]
scripts/generate_api_docs.py:9: note: Hint: "python3 -m pip install types-PyYAML"
scripts/generate_api_docs.py:9: note: (or run "mypy --install-types" to install all missing stub packages)
scripts/generate_api_docs.py:9: note: See https://mypy.readthedocs.io/en/stable/running_mypy.html#missing-imports
scripts/generate_api_docs.py:86: error: Need type annotation for "enhanced_paths" (hint: "enhanced_paths: dict[<type>, <type>] = ...")  [var-annotated]
scripts/generate_api_docs.py:712: error: Need type annotation for "endpoints_by_tag" (hint: "endpoints_by_tag: dict[<type>, <type>] = ...")  [var-annotated]
middleware/request_size_limit.py:26: error: Incompatible default for argument "exempt_paths" (default has type "None", argument has type "list[Any]")  [assignment]
middleware/request_size_limit.py:26: note: PEP 484 prohibits implicit Optional. Accordingly, mypy has changed its default to no_implicit_optional=True
middleware/request_size_limit.py:26: note: Use https://github.com/hauntsaninja/no_implicit_optional to automatically upgrade your codebase
middleware/request_size_limit.py:43: error: Incompatible types in assignment (expression has type "int", variable has type "str | None")  [assignment]
middleware/request_size_limit.py:53: error: Unsupported operand types for > ("str" and "int")  [operator]
middleware/request_size_limit.py:63: error: Unsupported operand types for / ("str" and "int")  [operator]
middleware/performance_middleware.py:59: error: Returning Any from function declared to return "Response"  [no-any-return]
middleware/performance_middleware.py:109: error: Returning Any from function declared to return "Response"  [no-any-return]
api/sql_connection_api.py:25: error: Unused "type: ignore" comment  [unused-ignore]
api/sql_connection_api.py:37: error: Statement is unreachable  [unreachable]
api/service_logs_api.py:35: error: Statement is unreachable  [unreachable]
api/security_api.py:188: error: Incompatible types in assignment (expression has type "dict[str, datetime]", target has type "bool")  [assignment]
api/security_api.py:280: error: Incompatible types in assignment (expression has type "str", target has type "dict[str, datetime]")  [assignment]
api/security_api.py:282: error: Dict entry 0 has incompatible type "str": "list[str]"; expected "str": "datetime"  [dict-item]
api/security_api.py:285: error: Incompatible types in assignment (expression has type "str", target has type "dict[str, datetime]")  [assignment]
api/item_verification_api.py:23: error: Incompatible types in assignment (expression has type "None", variable has type "AsyncIOMotorDatabase[Any]")  [assignment]
api/item_verification_api.py:275: error: Unsupported target for indexed assignment ("Any | None")  [index]
api/item_verification_api.py:275: error: Value of type "Any | None" is not indexable  [index]
api/item_verification_api.py:473: error: Dict entry 0 has incompatible type "str": "int"; expected "str": "str"  [dict-item]
api/item_verification_api.py:532: error: Argument 1 to "aggregate" of "AsyncIOMotorCollection" has incompatible type "list[object]"; expected "Sequence[Mapping[str, Any]]"  [arg-type]
api/exports_api.py:148: error: Incompatible types in assignment (expression has type "dict[str, Any]", target has type "str")  [assignment]
api/exports_api.py:150: error: Incompatible types in assignment (expression has type "list[str]", target has type "str")  [assignment]
api/exports_api.py:152: error: Incompatible types in assignment (expression has type "bool", target has type "str")  [assignment]
api/enhanced_item_api.py:24: error: Incompatible types in assignment (expression has type "None", variable has type "AsyncIOMotorDatabase[Any]")  [assignment]
api/enhanced_item_api.py:252: error: Need type annotation for "match_conditions"  [var-annotated]
api/enhanced_item_api.py:259: error: Incompatible types in assignment (expression has type "dict[str, str]", target has type "list[Any]")  [assignment]
api/enhanced_item_api.py:262: error: Incompatible types in assignment (expression has type "dict[str, str]", target has type "list[Any]")  [assignment]
api/enhanced_item_api.py:266: error: Incompatible types in assignment (expression has type "dict[str, int]", target has type "list[Any]")  [assignment]
api/enhanced_item_api.py:268: error: Incompatible types in assignment (expression has type "dict[str, int]", target has type "list[Any]")  [assignment]
api/enhanced_item_api.py:270: error: Incompatible types in assignment (expression has type "dict[str, int]", target has type "list[Any]")  [assignment]
api/enhanced_item_api.py:272: error: Incompatible types in assignment (expression has type "dict[str, int]", target has type "list[Any]")  [assignment]
api/enhanced_item_api.py:315: error: Dict entry 0 has incompatible type "str": "int"; expected "str": "dict[str, Any]"  [dict-item]
api/enhanced_item_api.py:316: error: Dict entry 0 has incompatible type "str": "int"; expected "str": "dict[str, Any]"  [dict-item]
api/enhanced_item_api.py:453: error: Incompatible default for argument "item_codes" (default has type "None", argument has type "list[str]")  [assignment]
api/enhanced_item_api.py:453: note: PEP 484 prohibits implicit Optional. Accordingly, mypy has changed its default to no_implicit_optional=True
api/enhanced_item_api.py:453: note: Use https://github.com/hauntsaninja/no_implicit_optional to automatically upgrade your codebase
api/self_diagnosis_api.py:59: error: Returning Any from function declared to return "dict[str, Any]"  [no-any-return]
api/self_diagnosis_api.py:102: error: Returning Any from function declared to return "dict[str, Any]"  [no-any-return]
api/master_settings_api.py:33: error: Statement is unreachable  [unreachable]
api/master_settings_api.py:105: error: Missing named argument "api_timeout" for "SystemParameters"  [call-arg]
api/master_settings_api.py:105: error: Missing named argument "api_rate_limit" for "SystemParameters"  [call-arg]
api/master_settings_api.py:105: error: Missing named argument "cache_enabled" for "SystemParameters"  [call-arg]
api/master_settings_api.py:105: error: Missing named argument "cache_ttl" for "SystemParameters"  [call-arg]
api/master_settings_api.py:105: error: Missing named argument "cache_max_size" for "SystemParameters"  [call-arg]
api/master_settings_api.py:105: error: Missing named argument "sync_interval" for "SystemParameters"  [call-arg]
api/master_settings_api.py:105: error: Missing named argument "sync_batch_size" for "SystemParameters"  [call-arg]
api/master_settings_api.py:105: error: Missing named argument "auto_sync_enabled" for "SystemParameters"  [call-arg]
api/master_settings_api.py:105: error: Missing named argument "session_timeout" for "SystemParameters"  [call-arg]
api/master_settings_api.py:105: error: Missing named argument "max_concurrent_sessions" for "SystemParameters"  [call-arg]
api/master_settings_api.py:105: error: Missing named argument "log_level" for "SystemParameters"  [call-arg]
api/master_settings_api.py:105: error: Missing named argument "log_retention_days" for "SystemParameters"  [call-arg]
api/master_settings_api.py:105: error: Missing named argument "enable_audit_log" for "SystemParameters"  [call-arg]
api/master_settings_api.py:105: error: Missing named argument "mongo_pool_size" for "SystemParameters"  [call-arg]
api/master_settings_api.py:105: error: Missing named argument "sql_pool_size" for "SystemParameters"  [call-arg]
api/master_settings_api.py:105: error: Missing named argument "query_timeout" for "SystemParameters"  [call-arg]
api/master_settings_api.py:105: error: Missing named argument "password_min_length" for "SystemParameters"  [call-arg]
api/master_settings_api.py:105: error: Missing named argument "password_require_uppercase" for "SystemParameters"  [call-arg]
api/master_settings_api.py:105: error: Missing named argument "password_require_lowercase" for "SystemParameters"  [call-arg]
api/master_settings_api.py:105: error: Missing named argument "password_require_numbers" for "SystemParameters"  [call-arg]
api/master_settings_api.py:105: error: Missing named argument "jwt_expiration" for "SystemParameters"  [call-arg]
api/master_settings_api.py:105: error: Missing named argument "enable_compression" for "SystemParameters"  [call-arg]
api/master_settings_api.py:105: error: Missing named argument "max_request_size" for "SystemParameters"  [call-arg]
api/master_settings_api.py:105: error: Missing named argument "enable_cors" for "SystemParameters"  [call-arg]
api/master_settings_api.py:113: error: Missing named argument "api_timeout" for "SystemParameters"  [call-arg]
api/master_settings_api.py:113: error: Missing named argument "api_rate_limit" for "SystemParameters"  [call-arg]
api/master_settings_api.py:113: error: Missing named argument "cache_enabled" for "SystemParameters"  [call-arg]
api/master_settings_api.py:113: error: Missing named argument "cache_ttl" for "SystemParameters"  [call-arg]
api/master_settings_api.py:113: error: Missing named argument "cache_max_size" for "SystemParameters"  [call-arg]
api/master_settings_api.py:113: error: Missing named argument "sync_interval" for "SystemParameters"  [call-arg]
api/master_settings_api.py:113: error: Missing named argument "sync_batch_size" for "SystemParameters"  [call-arg]
api/master_settings_api.py:113: error: Missing named argument "auto_sync_enabled" for "SystemParameters"  [call-arg]
api/master_settings_api.py:113: error: Missing named argument "session_timeout" for "SystemParameters"  [call-arg]
api/master_settings_api.py:113: error: Missing named argument "max_concurrent_sessions" for "SystemParameters"  [call-arg]
api/master_settings_api.py:113: error: Missing named argument "log_level" for "SystemParameters"  [call-arg]
api/master_settings_api.py:113: error: Missing named argument "log_retention_days" for "SystemParameters"  [call-arg]
api/master_settings_api.py:113: error: Missing named argument "enable_audit_log" for "SystemParameters"  [call-arg]
api/master_settings_api.py:113: error: Missing named argument "mongo_pool_size" for "SystemParameters"  [call-arg]
api/master_settings_api.py:113: error: Missing named argument "sql_pool_size" for "SystemParameters"  [call-arg]
api/master_settings_api.py:113: error: Missing named argument "query_timeout" for "SystemParameters"  [call-arg]
api/master_settings_api.py:113: error: Missing named argument "password_min_length" for "SystemParameters"  [call-arg]
api/master_settings_api.py:113: error: Missing named argument "password_require_uppercase" for "SystemParameters"  [call-arg]
api/master_settings_api.py:113: error: Missing named argument "password_require_lowercase" for "SystemParameters"  [call-arg]
api/master_settings_api.py:113: error: Missing named argument "password_require_numbers" for "SystemParameters"  [call-arg]
api/master_settings_api.py:113: error: Missing named argument "jwt_expiration" for "SystemParameters"  [call-arg]
api/master_settings_api.py:113: error: Missing named argument "enable_compression" for "SystemParameters"  [call-arg]
api/master_settings_api.py:113: error: Missing named argument "max_request_size" for "SystemParameters"  [call-arg]
api/master_settings_api.py:113: error: Missing named argument "enable_cors" for "SystemParameters"  [call-arg]
api/master_settings_api.py:231: error: Missing named argument "api_timeout" for "SystemParameters"  [call-arg]
api/master_settings_api.py:231: error: Missing named argument "api_rate_limit" for "SystemParameters"  [call-arg]
api/master_settings_api.py:231: error: Missing named argument "cache_enabled" for "SystemParameters"  [call-arg]
api/master_settings_api.py:231: error: Missing named argument "cache_ttl" for "SystemParameters"  [call-arg]
api/master_settings_api.py:231: error: Missing named argument "cache_max_size" for "SystemParameters"  [call-arg]
api/master_settings_api.py:231: error: Missing named argument "sync_interval" for "SystemParameters"  [call-arg]
api/master_settings_api.py:231: error: Missing named argument "sync_batch_size" for "SystemParameters"  [call-arg]
api/master_settings_api.py:231: error: Missing named argument "auto_sync_enabled" for "SystemParameters"  [call-arg]
api/master_settings_api.py:231: error: Missing named argument "session_timeout" for "SystemParameters"  [call-arg]
api/master_settings_api.py:231: error: Missing named argument "max_concurrent_sessions" for "SystemParameters"  [call-arg]
api/master_settings_api.py:231: error: Missing named argument "log_level" for "SystemParameters"  [call-arg]
api/master_settings_api.py:231: error: Missing named argument "log_retention_days" for "SystemParameters"  [call-arg]
api/master_settings_api.py:231: error: Missing named argument "enable_audit_log" for "SystemParameters"  [call-arg]
api/master_settings_api.py:231: error: Missing named argument "mongo_pool_size" for "SystemParameters"  [call-arg]
api/master_settings_api.py:231: error: Missing named argument "sql_pool_size" for "SystemParameters"  [call-arg]
api/master_settings_api.py:231: error: Missing named argument "query_timeout" for "SystemParameters"  [call-arg]
api/master_settings_api.py:231: error: Missing named argument "password_min_length" for "SystemParameters"  [call-arg]
api/master_settings_api.py:231: error: Missing named argument "password_require_uppercase" for "SystemParameters"  [call-arg]
api/master_settings_api.py:231: error: Missing named argument "password_require_lowercase" for "SystemParameters"  [call-arg]
api/master_settings_api.py:231: error: Missing named argument "password_require_numbers" for "SystemParameters"  [call-arg]
api/master_settings_api.py:231: error: Missing named argument "jwt_expiration" for "SystemParameters"  [call-arg]
api/master_settings_api.py:231: error: Missing named argument "enable_compression" for "SystemParameters"  [call-arg]
api/master_settings_api.py:231: error: Missing named argument "max_request_size" for "SystemParameters"  [call-arg]
api/master_settings_api.py:231: error: Missing named argument "enable_cors" for "SystemParameters"  [call-arg]
api/master_settings_api.py:254: error: Missing named argument "api_timeout" for "SystemParameters"  [call-arg]
api/master_settings_api.py:254: error: Missing named argument "api_rate_limit" for "SystemParameters"  [call-arg]
api/master_settings_api.py:254: error: Missing named argument "cache_enabled" for "SystemParameters"  [call-arg]
api/master_settings_api.py:254: error: Missing named argument "cache_ttl" for "SystemParameters"  [call-arg]
api/master_settings_api.py:254: error: Missing named argument "cache_max_size" for "SystemParameters"  [call-arg]
api/master_settings_api.py:254: error: Missing named argument "sync_interval" for "SystemParameters"  [call-arg]
api/master_settings_api.py:254: error: Missing named argument "sync_batch_size" for "SystemParameters"  [call-arg]
api/master_settings_api.py:254: error: Missing named argument "auto_sync_enabled" for "SystemParameters"  [call-arg]
api/master_settings_api.py:254: error: Missing named argument "session_timeout" for "SystemParameters"  [call-arg]
api/master_settings_api.py:254: error: Missing named argument "max_concurrent_sessions" for "SystemParameters"  [call-arg]
api/master_settings_api.py:254: error: Missing named argument "log_level" for "SystemParameters"  [call-arg]
api/master_settings_api.py:254: error: Missing named argument "log_retention_days" for "SystemParameters"  [call-arg]
api/master_settings_api.py:254: error: Missing named argument "enable_audit_log" for "SystemParameters"  [call-arg]
api/master_settings_api.py:254: error: Missing named argument "mongo_pool_size" for "SystemParameters"  [call-arg]
api/master_settings_api.py:254: error: Missing named argument "sql_pool_size" for "SystemParameters"  [call-arg]
api/master_settings_api.py:254: error: Missing named argument "query_timeout" for "SystemParameters"  [call-arg]
api/master_settings_api.py:254: error: Missing named argument "password_min_length" for "SystemParameters"  [call-arg]
api/master_settings_api.py:254: error: Missing named argument "password_require_uppercase" for "SystemParameters"  [call-arg]
api/master_settings_api.py:254: error: Missing named argument "password_require_lowercase" for "SystemParameters"  [call-arg]
api/master_settings_api.py:254: error: Missing named argument "password_require_numbers" for "SystemParameters"  [call-arg]
api/master_settings_api.py:254: error: Missing named argument "jwt_expiration" for "SystemParameters"  [call-arg]
api/master_settings_api.py:254: error: Missing named argument "enable_compression" for "SystemParameters"  [call-arg]
api/master_settings_api.py:254: error: Missing named argument "max_request_size" for "SystemParameters"  [call-arg]
api/master_settings_api.py:254: error: Missing named argument "enable_cors" for "SystemParameters"  [call-arg]
api/dynamic_reports_api.py:379: error: Incompatible types in assignment (expression has type "str", target has type "dict[str, str]")  [assignment]
api/admin_control_api.py:171: error: Returning Any from function declared to return "bool | None"  [no-any-return]
api/admin_control_api.py:665: error: Need type annotation for "logs" (hint: "logs: list[<type>] = ...")  [var-annotated]
Found 359 errors in 67 files (checked 158 source files)
