{
  "/Users/noufi1/cursor new/STOCK_VERIFY_2-db-maped/frontend/src/utils/validation.ts": {
    "path": "/Users/noufi1/cursor new/STOCK_VERIFY_2-db-maped/frontend/src/utils/validation.ts",
    "statementMap": {
      "0": {
        "start": { "line": 7, "column": 28 },
        "end": { "line": 7, "column": 90 }
      },
      "1": {
        "start": { "line": 7, "column": 55 },
        "end": { "line": 7, "column": 90 }
      },
      "2": {
        "start": { "line": 9, "column": 32 },
        "end": { "line": 25, "column": 1 }
      },
      "3": {
        "start": { "line": 10, "column": 23 },
        "end": { "line": 10, "column": 70 }
      },
      "4": {
        "start": { "line": 12, "column": 2 },
        "end": { "line": 14, "column": 3 }
      },
      "5": {
        "start": { "line": 13, "column": 4 },
        "end": { "line": 13, "column": 64 }
      },
      "6": {
        "start": { "line": 16, "column": 2 },
        "end": { "line": 18, "column": 3 }
      },
      "7": {
        "start": { "line": 17, "column": 4 },
        "end": { "line": 17, "column": 62 }
      },
      "8": {
        "start": { "line": 20, "column": 2 },
        "end": { "line": 22, "column": 3 }
      },
      "9": {
        "start": { "line": 21, "column": 4 },
        "end": { "line": 21, "column": 66 }
      },
      "10": {
        "start": { "line": 24, "column": 2 },
        "end": { "line": 24, "column": 46 }
      },
      "11": {
        "start": { "line": 27, "column": 35 },
        "end": { "line": 53, "column": 1 }
      },
      "12": {
        "start": { "line": 31, "column": 16 },
        "end": { "line": 31, "column": 39 }
      },
      "13": {
        "start": { "line": 32, "column": 15 },
        "end": { "line": 32, "column": 37 }
      },
      "14": {
        "start": { "line": 34, "column": 2 },
        "end": { "line": 36, "column": 3 }
      },
      "15": {
        "start": { "line": 35, "column": 4 },
        "end": { "line": 35, "column": 71 }
      },
      "16": {
        "start": { "line": 38, "column": 2 },
        "end": { "line": 40, "column": 3 }
      },
      "17": {
        "start": { "line": 39, "column": 4 },
        "end": { "line": 39, "column": 70 }
      },
      "18": {
        "start": { "line": 42, "column": 22 },
        "end": { "line": 42, "column": 42 }
      },
      "19": {
        "start": { "line": 44, "column": 2 },
        "end": { "line": 46, "column": 3 }
      },
      "20": {
        "start": { "line": 45, "column": 4 },
        "end": { "line": 45, "column": 81 }
      },
      "21": {
        "start": { "line": 48, "column": 2 },
        "end": { "line": 50, "column": 3 }
      },
      "22": {
        "start": { "line": 49, "column": 4 },
        "end": { "line": 49, "column": 84 }
      },
      "23": {
        "start": { "line": 52, "column": 2 },
        "end": { "line": 52, "column": 45 }
      },
      "24": {
        "start": { "line": 55, "column": 32 },
        "end": { "line": 62, "column": 1 }
      },
      "25": {
        "start": { "line": 56, "column": 18 },
        "end": { "line": 56, "column": 32 }
      },
      "26": {
        "start": { "line": 58, "column": 2 },
        "end": { "line": 60, "column": 3 }
      },
      "27": {
        "start": { "line": 59, "column": 4 },
        "end": { "line": 59, "column": 36 }
      },
      "28": {
        "start": { "line": 61, "column": 2 },
        "end": { "line": 61, "column": 17 }
      },
      "29": {
        "start": { "line": 64, "column": 31 },
        "end": { "line": 87, "column": 1 }
      },
      "30": {
        "start": { "line": 65, "column": 2 },
        "end": { "line": 67, "column": 3 }
      },
      "31": {
        "start": { "line": 66, "column": 4 },
        "end": { "line": 66, "column": 62 }
      },
      "32": {
        "start": { "line": 69, "column": 18 },
        "end": { "line": 69, "column": 32 }
      },
      "33": {
        "start": { "line": 71, "column": 2 },
        "end": { "line": 77, "column": 3 }
      },
      "34": {
        "start": { "line": 72, "column": 4 },
        "end": { "line": 74, "column": 5 }
      },
      "35": {
        "start": { "line": 73, "column": 6 },
        "end": { "line": 73, "column": 76 }
      },
      "36": {
        "start": { "line": 76, "column": 4 },
        "end": { "line": 76, "column": 61 }
      },
      "37": {
        "start": { "line": 79, "column": 2 },
        "end": { "line": 84, "column": 3 }
      },
      "38": {
        "start": { "line": 80, "column": 4 },
        "end": { "line": 82, "column": 5 }
      },
      "39": {
        "start": { "line": 81, "column": 6 },
        "end": { "line": 81, "column": 80 }
      },
      "40": {
        "start": { "line": 83, "column": 4 },
        "end": { "line": 83, "column": 43 }
      },
      "41": {
        "start": { "line": 86, "column": 2 },
        "end": { "line": 86, "column": 90 }
      },
      "42": {
        "start": { "line": 89, "column": 27 },
        "end": { "line": 101, "column": 1 }
      },
      "43": {
        "start": { "line": 90, "column": 2 },
        "end": { "line": 92, "column": 3 }
      },
      "44": {
        "start": { "line": 91, "column": 4 },
        "end": { "line": 91, "column": 64 }
      },
      "45": {
        "start": { "line": 94, "column": 17 },
        "end": { "line": 94, "column": 34 }
      },
      "46": {
        "start": { "line": 96, "column": 2 },
        "end": { "line": 98, "column": 3 }
      },
      "47": {
        "start": { "line": 97, "column": 4 },
        "end": { "line": 97, "column": 69 }
      },
      "48": {
        "start": { "line": 100, "column": 2 },
        "end": { "line": 100, "column": 40 }
      }
    },
    "fnMap": {
      "0": {
        "name": "(anonymous_0)",
        "decl": {
          "start": { "line": 7, "column": 28 },
          "end": { "line": 7, "column": 29 }
        },
        "loc": {
          "start": { "line": 7, "column": 55 },
          "end": { "line": 7, "column": 90 }
        },
        "line": 7
      },
      "1": {
        "name": "(anonymous_1)",
        "decl": {
          "start": { "line": 9, "column": 32 },
          "end": { "line": 9, "column": 33 }
        },
        "loc": {
          "start": { "line": 9, "column": 84 },
          "end": { "line": 25, "column": 1 }
        },
        "line": 9
      },
      "2": {
        "name": "(anonymous_2)",
        "decl": {
          "start": { "line": 27, "column": 35 },
          "end": { "line": 27, "column": 36 }
        },
        "loc": {
          "start": { "line": 30, "column": 31 },
          "end": { "line": 53, "column": 1 }
        },
        "line": 30
      },
      "3": {
        "name": "(anonymous_3)",
        "decl": {
          "start": { "line": 55, "column": 32 },
          "end": { "line": 55, "column": 33 }
        },
        "loc": {
          "start": { "line": 55, "column": 61 },
          "end": { "line": 62, "column": 1 }
        },
        "line": 55
      },
      "4": {
        "name": "(anonymous_4)",
        "decl": {
          "start": { "line": 64, "column": 31 },
          "end": { "line": 64, "column": 32 }
        },
        "loc": {
          "start": { "line": 64, "column": 78 },
          "end": { "line": 87, "column": 1 }
        },
        "line": 64
      },
      "5": {
        "name": "(anonymous_5)",
        "decl": {
          "start": { "line": 89, "column": 27 },
          "end": { "line": 89, "column": 28 }
        },
        "loc": {
          "start": { "line": 89, "column": 72 },
          "end": { "line": 101, "column": 1 }
        },
        "line": 89
      }
    },
    "branchMap": {
      "0": {
        "loc": {
          "start": { "line": 10, "column": 23 },
          "end": { "line": 10, "column": 70 }
        },
        "type": "cond-expr",
        "locations": [
          {
            "start": { "line": 10, "column": 49 },
            "end": { "line": 10, "column": 64 }
          },
          {
            "start": { "line": 10, "column": 67 },
            "end": { "line": 10, "column": 70 }
          }
        ],
        "line": 10
      },
      "1": {
        "loc": {
          "start": { "line": 12, "column": 2 },
          "end": { "line": 14, "column": 3 }
        },
        "type": "if",
        "locations": [
          {
            "start": { "line": 12, "column": 2 },
            "end": { "line": 14, "column": 3 }
          },
          { "start": {}, "end": {} }
        ],
        "line": 12
      },
      "2": {
        "loc": {
          "start": { "line": 16, "column": 2 },
          "end": { "line": 18, "column": 3 }
        },
        "type": "if",
        "locations": [
          {
            "start": { "line": 16, "column": 2 },
            "end": { "line": 18, "column": 3 }
          },
          { "start": {}, "end": {} }
        ],
        "line": 16
      },
      "3": {
        "loc": {
          "start": { "line": 20, "column": 2 },
          "end": { "line": 22, "column": 3 }
        },
        "type": "if",
        "locations": [
          {
            "start": { "line": 20, "column": 2 },
            "end": { "line": 22, "column": 3 }
          },
          { "start": {}, "end": {} }
        ],
        "line": 20
      },
      "4": {
        "loc": {
          "start": { "line": 34, "column": 2 },
          "end": { "line": 36, "column": 3 }
        },
        "type": "if",
        "locations": [
          {
            "start": { "line": 34, "column": 2 },
            "end": { "line": 36, "column": 3 }
          },
          { "start": {}, "end": {} }
        ],
        "line": 34
      },
      "5": {
        "loc": {
          "start": { "line": 38, "column": 2 },
          "end": { "line": 40, "column": 3 }
        },
        "type": "if",
        "locations": [
          {
            "start": { "line": 38, "column": 2 },
            "end": { "line": 40, "column": 3 }
          },
          { "start": {}, "end": {} }
        ],
        "line": 38
      },
      "6": {
        "loc": {
          "start": { "line": 44, "column": 2 },
          "end": { "line": 46, "column": 3 }
        },
        "type": "if",
        "locations": [
          {
            "start": { "line": 44, "column": 2 },
            "end": { "line": 46, "column": 3 }
          },
          { "start": {}, "end": {} }
        ],
        "line": 44
      },
      "7": {
        "loc": {
          "start": { "line": 48, "column": 2 },
          "end": { "line": 50, "column": 3 }
        },
        "type": "if",
        "locations": [
          {
            "start": { "line": 48, "column": 2 },
            "end": { "line": 50, "column": 3 }
          },
          { "start": {}, "end": {} }
        ],
        "line": 48
      },
      "8": {
        "loc": {
          "start": { "line": 58, "column": 2 },
          "end": { "line": 60, "column": 3 }
        },
        "type": "if",
        "locations": [
          {
            "start": { "line": 58, "column": 2 },
            "end": { "line": 60, "column": 3 }
          },
          { "start": {}, "end": {} }
        ],
        "line": 58
      },
      "9": {
        "loc": {
          "start": { "line": 58, "column": 6 },
          "end": { "line": 58, "column": 50 }
        },
        "type": "binary-expr",
        "locations": [
          {
            "start": { "line": 58, "column": 6 },
            "end": { "line": 58, "column": 28 }
          },
          {
            "start": { "line": 58, "column": 32 },
            "end": { "line": 58, "column": 50 }
          }
        ],
        "line": 58
      },
      "10": {
        "loc": {
          "start": { "line": 65, "column": 2 },
          "end": { "line": 67, "column": 3 }
        },
        "type": "if",
        "locations": [
          {
            "start": { "line": 65, "column": 2 },
            "end": { "line": 67, "column": 3 }
          },
          { "start": {}, "end": {} }
        ],
        "line": 65
      },
      "11": {
        "loc": {
          "start": { "line": 65, "column": 6 },
          "end": { "line": 65, "column": 33 }
        },
        "type": "binary-expr",
        "locations": [
          {
            "start": { "line": 65, "column": 6 },
            "end": { "line": 65, "column": 14 }
          },
          {
            "start": { "line": 65, "column": 18 },
            "end": { "line": 65, "column": 33 }
          }
        ],
        "line": 65
      },
      "12": {
        "loc": {
          "start": { "line": 71, "column": 2 },
          "end": { "line": 77, "column": 3 }
        },
        "type": "if",
        "locations": [
          {
            "start": { "line": 71, "column": 2 },
            "end": { "line": 77, "column": 3 }
          },
          { "start": {}, "end": {} }
        ],
        "line": 71
      },
      "13": {
        "loc": {
          "start": { "line": 72, "column": 4 },
          "end": { "line": 74, "column": 5 }
        },
        "type": "if",
        "locations": [
          {
            "start": { "line": 72, "column": 4 },
            "end": { "line": 74, "column": 5 }
          },
          { "start": {}, "end": {} }
        ],
        "line": 72
      },
      "14": {
        "loc": {
          "start": { "line": 79, "column": 2 },
          "end": { "line": 84, "column": 3 }
        },
        "type": "if",
        "locations": [
          {
            "start": { "line": 79, "column": 2 },
            "end": { "line": 84, "column": 3 }
          },
          { "start": {}, "end": {} }
        ],
        "line": 79
      },
      "15": {
        "loc": {
          "start": { "line": 80, "column": 4 },
          "end": { "line": 82, "column": 5 }
        },
        "type": "if",
        "locations": [
          {
            "start": { "line": 80, "column": 4 },
            "end": { "line": 82, "column": 5 }
          },
          { "start": {}, "end": {} }
        ],
        "line": 80
      },
      "16": {
        "loc": {
          "start": { "line": 90, "column": 2 },
          "end": { "line": 92, "column": 3 }
        },
        "type": "if",
        "locations": [
          {
            "start": { "line": 90, "column": 2 },
            "end": { "line": 92, "column": 3 }
          },
          { "start": {}, "end": {} }
        ],
        "line": 90
      },
      "17": {
        "loc": {
          "start": { "line": 96, "column": 2 },
          "end": { "line": 98, "column": 3 }
        },
        "type": "if",
        "locations": [
          {
            "start": { "line": 96, "column": 2 },
            "end": { "line": 98, "column": 3 }
          },
          { "start": {}, "end": {} }
        ],
        "line": 96
      },
      "18": {
        "loc": {
          "start": { "line": 96, "column": 6 },
          "end": { "line": 96, "column": 40 }
        },
        "type": "binary-expr",
        "locations": [
          {
            "start": { "line": 96, "column": 6 },
            "end": { "line": 96, "column": 26 }
          },
          {
            "start": { "line": 96, "column": 30 },
            "end": { "line": 96, "column": 40 }
          }
        ],
        "line": 96
      }
    },
    "s": {
      "0": 1,
      "1": 8,
      "2": 1,
      "3": 2,
      "4": 2,
      "5": 0,
      "6": 2,
      "7": 0,
      "8": 2,
      "9": 1,
      "10": 1,
      "11": 1,
      "12": 4,
      "13": 4,
      "14": 4,
      "15": 1,
      "16": 3,
      "17": 0,
      "18": 3,
      "19": 3,
      "20": 0,
      "21": 3,
      "22": 1,
      "23": 2,
      "24": 1,
      "25": 2,
      "26": 2,
      "27": 1,
      "28": 1,
      "29": 1,
      "30": 2,
      "31": 1,
      "32": 1,
      "33": 1,
      "34": 0,
      "35": 0,
      "36": 0,
      "37": 1,
      "38": 1,
      "39": 0,
      "40": 1,
      "41": 0,
      "42": 1,
      "43": 2,
      "44": 0,
      "45": 2,
      "46": 2,
      "47": 1,
      "48": 1
    },
    "f": { "0": 8, "1": 2, "2": 4, "3": 2, "4": 2, "5": 2 },
    "b": {
      "0": [2, 0],
      "1": [0, 2],
      "2": [0, 2],
      "3": [1, 1],
      "4": [1, 3],
      "5": [0, 3],
      "6": [0, 3],
      "7": [1, 2],
      "8": [1, 1],
      "9": [2, 2],
      "10": [1, 1],
      "11": [2, 1],
      "12": [0, 1],
      "13": [0, 0],
      "14": [1, 0],
      "15": [0, 1],
      "16": [0, 2],
      "17": [1, 1],
      "18": [2, 2]
    },
    "_coverageSchema": "1a1c01bbd47fc00a2c39e90264f33305004495a9",
    "hash": "98d5badc5a57eb01a3a9aceb36eaadf73283c557"
  }
}
